[0.136s] Invoking command in '/home/kate/robot_ws/build/my_bot': CMAKE_PREFIX_PATH=${CMAKE_PREFIX_PATH}:/home/kate/ros_workspaces/ros2_ws/install/arduino_serial_node:/opt/ros/humble /usr/bin/cmake --build /home/kate/robot_ws/build/my_bot -- -j4 -l4
[0.421s] Invoked command in '/home/kate/robot_ws/build/my_bot' returned '0': CMAKE_PREFIX_PATH=${CMAKE_PREFIX_PATH}:/home/kate/ros_workspaces/ros2_ws/install/arduino_serial_node:/opt/ros/humble /usr/bin/cmake --build /home/kate/robot_ws/build/my_bot -- -j4 -l4
[0.478s] Invoking command in '/home/kate/robot_ws/build/my_bot': CMAKE_PREFIX_PATH=${CMAKE_PREFIX_PATH}:/home/kate/ros_workspaces/ros2_ws/install/arduino_serial_node:/opt/ros/humble /usr/bin/cmake --install /home/kate/robot_ws/build/my_bot
[0.531s] -- Install configuration: "Release"
[0.537s] -- Execute custom install script
[0.541s] -- Up-to-date symlink: /home/kate/robot_ws/install/my_bot/share/my_bot/config/ekf.yaml
[0.544s] -- Up-to-date symlink: /home/kate/robot_ws/install/my_bot/share/my_bot/config/nav2/nav2_params.yaml
[0.548s] -- Up-to-date symlink: /home/kate/robot_ws/install/my_bot/share/my_bot/config/slam_params.yaml
[0.554s] -- Up-to-date symlink: /home/kate/robot_ws/install/my_bot/share/my_bot/description/gazebo_control.xacro
[0.558s] -- Up-to-date symlink: /home/kate/robot_ws/install/my_bot/share/my_bot/description/inertial_macros.xacro
[0.561s] -- Up-to-date symlink: /home/kate/robot_ws/install/my_bot/share/my_bot/description/lidar.xacro
[0.567s] -- Up-to-date symlink: /home/kate/robot_ws/install/my_bot/share/my_bot/description/robot.urdf.xacro
[0.569s] -- Up-to-date symlink: /home/kate/robot_ws/install/my_bot/share/my_bot/description/robot_core.xacro
[0.573s] -- Up-to-date symlink: /home/kate/robot_ws/install/my_bot/share/my_bot/launch/bringup.launch.py
[0.591s] -- Up-to-date symlink: /home/kate/robot_ws/install/my_bot/share/my_bot/launch/launch_sim.launch.py
[0.595s] -- Up-to-date symlink: /home/kate/robot_ws/install/my_bot/share/my_bot/launch/rsp.launch.py
[0.596s] [31mCMake Error at ament_cmake_symlink_install/ament_cmake_symlink_install.cmake:105 (message):
[0.597s]   ament_cmake_symlink_install_directory() can't find
[0.597s]   '/home/kate/robot_ws/src/my_bot/worlds'
[0.598s] Call Stack (most recent call first):
[0.603s]   ament_cmake_symlink_install/ament_cmake_symlink_install.cmake:319 (ament_cmake_symlink_install_directory)
[0.605s]   cmake_install.cmake:46 (include)
[0.608s] 
[0.609s] [0m
[0.610s] Invoked command in '/home/kate/robot_ws/build/my_bot' returned '1': CMAKE_PREFIX_PATH=${CMAKE_PREFIX_PATH}:/home/kate/ros_workspaces/ros2_ws/install/arduino_serial_node:/opt/ros/humble /usr/bin/cmake --install /home/kate/robot_ws/build/my_bot
