[0.801s] DEBUG:colcon:Command line arguments: ['/usr/bin/colcon', 'build', '--symlink-install']
[0.802s] DEBUG:colcon:Parsed command line arguments: Namespace(log_base=None, log_level=None, verb_name='build', build_base='build', install_base='install', merge_install=False, symlink_install=True, test_result_base=None, continue_on_error=False, executor='parallel', parallel_workers=4, event_handlers=None, ignore_user_meta=False, metas=['./colcon.meta'], base_paths=['.'], packages_ignore=None, packages_ignore_regex=None, paths=None, packages_up_to=None, packages_up_to_regex=None, packages_above=None, packages_above_and_dependencies=None, packages_above_depth=None, packages_select_by_dep=None, packages_skip_by_dep=None, packages_skip_up_to=None, packages_select_build_failed=False, packages_skip_build_finished=False, packages_select_test_failures=False, packages_skip_test_passed=False, packages_select=None, packages_skip=None, packages_select_regex=None, packages_skip_regex=None, packages_start=None, packages_end=None, allow_overriding=[], cmake_args=None, cmake_target=None, cmake_target_skip_unavailable=False, cmake_clean_cache=False, cmake_clean_first=False, cmake_force_configure=False, ament_cmake_args=None, catkin_cmake_args=None, catkin_skip_building_tests=False, mixin_files=None, mixin=None, verb_parser=<colcon_mixin.mixin.mixin_argument.MixinArgumentDecorator object at 0xffffb84de2f0>, verb_extension=<colcon_core.verb.build.BuildVerb object at 0xffffb869b2e0>, main=<bound method BuildVerb.main of <colcon_core.verb.build.BuildVerb object at 0xffffb869b2e0>>, mixin_verb=('build',))
[2.324s] Level 1:colcon.colcon_core.package_discovery:discover_packages(colcon_meta) check parameters
[2.325s] Level 1:colcon.colcon_core.package_discovery:discover_packages(recursive) check parameters
[2.326s] Level 1:colcon.colcon_core.package_discovery:discover_packages(ignore) check parameters
[2.327s] Level 1:colcon.colcon_core.package_discovery:discover_packages(path) check parameters
[2.328s] Level 1:colcon.colcon_core.package_discovery:discover_packages(colcon_meta) discover
[2.329s] Level 1:colcon.colcon_core.package_discovery:discover_packages(recursive) discover
[2.329s] INFO:colcon.colcon_core.package_discovery:Crawling recursively for packages in '/home/kate/robot_ws'
[2.330s] Level 1:colcon.colcon_core.package_identification:_identify(.) by extensions ['ignore', 'ignore_ament_install']
[2.332s] Level 1:colcon.colcon_core.package_identification:_identify(.) by extension 'ignore'
[2.333s] Level 1:colcon.colcon_core.package_identification:_identify(.) by extension 'ignore_ament_install'
[2.334s] Level 1:colcon.colcon_core.package_identification:_identify(.) by extensions ['colcon_pkg']
[2.335s] Level 1:colcon.colcon_core.package_identification:_identify(.) by extension 'colcon_pkg'
[2.336s] Level 1:colcon.colcon_core.package_identification:_identify(.) by extensions ['colcon_meta']
[2.336s] Level 1:colcon.colcon_core.package_identification:_identify(.) by extension 'colcon_meta'
[2.337s] Level 1:colcon.colcon_core.package_identification:_identify(.) by extensions ['ros']
[2.338s] Level 1:colcon.colcon_core.package_identification:_identify(.) by extension 'ros'
[2.400s] Level 1:colcon.colcon_core.package_identification:_identify(.) by extensions ['cmake', 'python']
[2.401s] Level 1:colcon.colcon_core.package_identification:_identify(.) by extension 'cmake'
[2.401s] Level 1:colcon.colcon_core.package_identification:_identify(.) by extension 'python'
[2.402s] Level 1:colcon.colcon_core.package_identification:_identify(.) by extensions ['python_setup_py']
[2.403s] Level 1:colcon.colcon_core.package_identification:_identify(.) by extension 'python_setup_py'
[2.404s] Level 1:colcon.colcon_core.package_identification:_identify(build) by extensions ['ignore', 'ignore_ament_install']
[2.406s] Level 1:colcon.colcon_core.package_identification:_identify(build) by extension 'ignore'
[2.407s] Level 1:colcon.colcon_core.package_identification:_identify(build) ignored
[2.408s] Level 1:colcon.colcon_core.package_identification:_identify(install) by extensions ['ignore', 'ignore_ament_install']
[2.411s] Level 1:colcon.colcon_core.package_identification:_identify(install) by extension 'ignore'
[2.412s] Level 1:colcon.colcon_core.package_identification:_identify(install) ignored
[2.413s] Level 1:colcon.colcon_core.package_identification:_identify(log) by extensions ['ignore', 'ignore_ament_install']
[2.414s] Level 1:colcon.colcon_core.package_identification:_identify(log) by extension 'ignore'
[2.415s] Level 1:colcon.colcon_core.package_identification:_identify(log) ignored
[2.416s] Level 1:colcon.colcon_core.package_identification:_identify(src) by extensions ['ignore', 'ignore_ament_install']
[2.417s] Level 1:colcon.colcon_core.package_identification:_identify(src) by extension 'ignore'
[2.417s] Level 1:colcon.colcon_core.package_identification:_identify(src) by extension 'ignore_ament_install'
[2.418s] Level 1:colcon.colcon_core.package_identification:_identify(src) by extensions ['colcon_pkg']
[2.418s] Level 1:colcon.colcon_core.package_identification:_identify(src) by extension 'colcon_pkg'
[2.419s] Level 1:colcon.colcon_core.package_identification:_identify(src) by extensions ['colcon_meta']
[2.420s] Level 1:colcon.colcon_core.package_identification:_identify(src) by extension 'colcon_meta'
[2.421s] Level 1:colcon.colcon_core.package_identification:_identify(src) by extensions ['ros']
[2.421s] Level 1:colcon.colcon_core.package_identification:_identify(src) by extension 'ros'
[2.423s] Level 1:colcon.colcon_core.package_identification:_identify(src) by extensions ['cmake', 'python']
[2.423s] Level 1:colcon.colcon_core.package_identification:_identify(src) by extension 'cmake'
[2.424s] Level 1:colcon.colcon_core.package_identification:_identify(src) by extension 'python'
[2.425s] Level 1:colcon.colcon_core.package_identification:_identify(src) by extensions ['python_setup_py']
[2.426s] Level 1:colcon.colcon_core.package_identification:_identify(src) by extension 'python_setup_py'
[2.427s] Level 1:colcon.colcon_core.package_identification:_identify(src/my_bot) by extensions ['ignore', 'ignore_ament_install']
[2.428s] Level 1:colcon.colcon_core.package_identification:_identify(src/my_bot) by extension 'ignore'
[2.429s] Level 1:colcon.colcon_core.package_identification:_identify(src/my_bot) by extension 'ignore_ament_install'
[2.430s] Level 1:colcon.colcon_core.package_identification:_identify(src/my_bot) by extensions ['colcon_pkg']
[2.431s] Level 1:colcon.colcon_core.package_identification:_identify(src/my_bot) by extension 'colcon_pkg'
[2.432s] Level 1:colcon.colcon_core.package_identification:_identify(src/my_bot) by extensions ['colcon_meta']
[2.433s] Level 1:colcon.colcon_core.package_identification:_identify(src/my_bot) by extension 'colcon_meta'
[2.434s] Level 1:colcon.colcon_core.package_identification:_identify(src/my_bot) by extensions ['ros']
[2.436s] Level 1:colcon.colcon_core.package_identification:_identify(src/my_bot) by extension 'ros'
[2.449s] DEBUG:colcon.colcon_core.package_identification:Package 'src/my_bot' with type 'ros.ament_cmake' and name 'my_bot'
[2.451s] Level 1:colcon.colcon_core.package_identification:_identify(src/rplidar_ros) by extensions ['ignore', 'ignore_ament_install']
[2.452s] Level 1:colcon.colcon_core.package_identification:_identify(src/rplidar_ros) by extension 'ignore'
[2.453s] Level 1:colcon.colcon_core.package_identification:_identify(src/rplidar_ros) by extension 'ignore_ament_install'
[2.454s] Level 1:colcon.colcon_core.package_identification:_identify(src/rplidar_ros) by extensions ['colcon_pkg']
[2.455s] Level 1:colcon.colcon_core.package_identification:_identify(src/rplidar_ros) by extension 'colcon_pkg'
[2.456s] Level 1:colcon.colcon_core.package_identification:_identify(src/rplidar_ros) by extensions ['colcon_meta']
[2.457s] Level 1:colcon.colcon_core.package_identification:_identify(src/rplidar_ros) by extension 'colcon_meta'
[2.458s] Level 1:colcon.colcon_core.package_identification:_identify(src/rplidar_ros) by extensions ['ros']
[2.459s] Level 1:colcon.colcon_core.package_identification:_identify(src/rplidar_ros) by extension 'ros'
[2.464s] DEBUG:colcon.colcon_core.package_identification:Package 'src/rplidar_ros' with type 'ros.ament_cmake' and name 'rplidar_ros'
[2.465s] Level 1:colcon.colcon_core.package_discovery:discover_packages(recursive) using defaults
[2.466s] Level 1:colcon.colcon_core.package_discovery:discover_packages(ignore) discover
[2.466s] Level 1:colcon.colcon_core.package_discovery:discover_packages(ignore) using defaults
[2.467s] Level 1:colcon.colcon_core.package_discovery:discover_packages(path) discover
[2.468s] Level 1:colcon.colcon_core.package_discovery:discover_packages(path) using defaults
[2.653s] Level 1:colcon.colcon_core.package_discovery:discover_packages(prefix_path) check parameters
[2.657s] Level 1:colcon.colcon_core.package_discovery:discover_packages(prefix_path) discover
[2.674s] DEBUG:colcon.colcon_installed_package_information.package_discovery:Found 1 installed packages in /home/kate/ros_workspaces/ros2_ws/install
[2.686s] DEBUG:colcon.colcon_installed_package_information.package_discovery:Found 327 installed packages in /opt/ros/humble
[2.694s] Level 1:colcon.colcon_core.package_discovery:discover_packages(prefix_path) using defaults
[3.004s] Level 5:colcon.colcon_core.verb:set package 'my_bot' build argument 'cmake_args' from command line to 'None'
[3.005s] Level 5:colcon.colcon_core.verb:set package 'my_bot' build argument 'cmake_target' from command line to 'None'
[3.005s] Level 5:colcon.colcon_core.verb:set package 'my_bot' build argument 'cmake_target_skip_unavailable' from command line to 'False'
[3.005s] Level 5:colcon.colcon_core.verb:set package 'my_bot' build argument 'cmake_clean_cache' from command line to 'False'
[3.006s] Level 5:colcon.colcon_core.verb:set package 'my_bot' build argument 'cmake_clean_first' from command line to 'False'
[3.006s] Level 5:colcon.colcon_core.verb:set package 'my_bot' build argument 'cmake_force_configure' from command line to 'False'
[3.006s] Level 5:colcon.colcon_core.verb:set package 'my_bot' build argument 'ament_cmake_args' from command line to 'None'
[3.006s] Level 5:colcon.colcon_core.verb:set package 'my_bot' build argument 'catkin_cmake_args' from command line to 'None'
[3.006s] Level 5:colcon.colcon_core.verb:set package 'my_bot' build argument 'catkin_skip_building_tests' from command line to 'False'
[3.006s] DEBUG:colcon.colcon_core.verb:Building package 'my_bot' with the following arguments: {'ament_cmake_args': None, 'build_base': '/home/kate/robot_ws/build/my_bot', 'catkin_cmake_args': None, 'catkin_skip_building_tests': False, 'cmake_args': None, 'cmake_clean_cache': False, 'cmake_clean_first': False, 'cmake_force_configure': False, 'cmake_target': None, 'cmake_target_skip_unavailable': False, 'install_base': '/home/kate/robot_ws/install/my_bot', 'merge_install': False, 'path': '/home/kate/robot_ws/src/my_bot', 'symlink_install': True, 'test_result_base': None}
[3.008s] Level 5:colcon.colcon_core.verb:set package 'rplidar_ros' build argument 'cmake_args' from command line to 'None'
[3.009s] Level 5:colcon.colcon_core.verb:set package 'rplidar_ros' build argument 'cmake_target' from command line to 'None'
[3.009s] Level 5:colcon.colcon_core.verb:set package 'rplidar_ros' build argument 'cmake_target_skip_unavailable' from command line to 'False'
[3.009s] Level 5:colcon.colcon_core.verb:set package 'rplidar_ros' build argument 'cmake_clean_cache' from command line to 'False'
[3.009s] Level 5:colcon.colcon_core.verb:set package 'rplidar_ros' build argument 'cmake_clean_first' from command line to 'False'
[3.009s] Level 5:colcon.colcon_core.verb:set package 'rplidar_ros' build argument 'cmake_force_configure' from command line to 'False'
[3.010s] Level 5:colcon.colcon_core.verb:set package 'rplidar_ros' build argument 'ament_cmake_args' from command line to 'None'
[3.010s] Level 5:colcon.colcon_core.verb:set package 'rplidar_ros' build argument 'catkin_cmake_args' from command line to 'None'
[3.010s] Level 5:colcon.colcon_core.verb:set package 'rplidar_ros' build argument 'catkin_skip_building_tests' from command line to 'False'
[3.010s] DEBUG:colcon.colcon_core.verb:Building package 'rplidar_ros' with the following arguments: {'ament_cmake_args': None, 'build_base': '/home/kate/robot_ws/build/rplidar_ros', 'catkin_cmake_args': None, 'catkin_skip_building_tests': False, 'cmake_args': None, 'cmake_clean_cache': False, 'cmake_clean_first': False, 'cmake_force_configure': False, 'cmake_target': None, 'cmake_target_skip_unavailable': False, 'install_base': '/home/kate/robot_ws/install/rplidar_ros', 'merge_install': False, 'path': '/home/kate/robot_ws/src/rplidar_ros', 'symlink_install': True, 'test_result_base': None}
[3.011s] INFO:colcon.colcon_core.executor:Executing jobs using 'parallel' executor
[3.017s] DEBUG:colcon.colcon_parallel_executor.executor.parallel:run_until_complete
[3.018s] INFO:colcon.colcon_ros.task.ament_cmake.build:Building ROS package in '/home/kate/robot_ws/src/my_bot' with build type 'ament_cmake'
[3.019s] INFO:colcon.colcon_cmake.task.cmake.build:Building CMake package in '/home/kate/robot_ws/src/my_bot'
[3.033s] INFO:colcon.colcon_core.plugin_system:Skipping extension 'colcon_core.shell.bat': Not used on non-Windows systems
[3.035s] INFO:colcon.colcon_core.shell:Skip shell extension 'powershell' for command environment: Not usable outside of PowerShell
[3.035s] DEBUG:colcon.colcon_core.shell:Skip shell extension 'dsv' for command environment
[3.067s] INFO:colcon.colcon_ros.task.ament_cmake.build:Building ROS package in '/home/kate/robot_ws/src/rplidar_ros' with build type 'ament_cmake'
[3.069s] INFO:colcon.colcon_cmake.task.cmake.build:Building CMake package in '/home/kate/robot_ws/src/rplidar_ros'
[3.071s] INFO:colcon.colcon_core.shell:Skip shell extension 'powershell' for command environment: Not usable outside of PowerShell
[3.072s] DEBUG:colcon.colcon_core.shell:Skip shell extension 'dsv' for command environment
[3.135s] DEBUG:colcon.colcon_core.event_handler.log_command:Invoking command in '/home/kate/robot_ws/build/my_bot': CMAKE_PREFIX_PATH=/home/kate/ros_workspaces/ros2_ws/install/arduino_serial_node:/opt/ros/humble /usr/bin/cmake --build /home/kate/robot_ws/build/my_bot -- -j4 -l4
[3.184s] DEBUG:colcon.colcon_core.event_handler.log_command:Invoking command in '/home/kate/robot_ws/build/rplidar_ros': CMAKE_PREFIX_PATH=/home/kate/ros_workspaces/ros2_ws/install/arduino_serial_node:/opt/ros/humble /usr/bin/cmake --build /home/kate/robot_ws/build/rplidar_ros -- -j4 -l4
[3.339s] DEBUG:colcon.colcon_core.event_handler.log_command:Invoked command in '/home/kate/robot_ws/build/my_bot' returned '0': CMAKE_PREFIX_PATH=/home/kate/ros_workspaces/ros2_ws/install/arduino_serial_node:/opt/ros/humble /usr/bin/cmake --build /home/kate/robot_ws/build/my_bot -- -j4 -l4
[3.404s] DEBUG:colcon.colcon_core.event_handler.log_command:Invoking command in '/home/kate/robot_ws/build/my_bot': CMAKE_PREFIX_PATH=/home/kate/ros_workspaces/ros2_ws/install/arduino_serial_node:/opt/ros/humble /usr/bin/cmake --install /home/kate/robot_ws/build/my_bot
[3.614s] Level 1:colcon.colcon_core.environment:create_environment_scripts_only(my_bot)
[3.616s] DEBUG:colcon.colcon_core.event_handler.log_command:Invoked command in '/home/kate/robot_ws/build/my_bot' returned '0': CMAKE_PREFIX_PATH=/home/kate/ros_workspaces/ros2_ws/install/arduino_serial_node:/opt/ros/humble /usr/bin/cmake --install /home/kate/robot_ws/build/my_bot
[3.649s] Level 1:colcon.colcon_core.environment:checking '/home/kate/robot_ws/install/my_bot' for CMake module files
[3.653s] Level 1:colcon.colcon_core.environment:checking '/home/kate/robot_ws/install/my_bot' for CMake config files
[3.657s] Level 1:colcon.colcon_core.shell:create_environment_hook('my_bot', 'cmake_prefix_path')
[3.658s] INFO:colcon.colcon_core.shell:Creating environment hook '/home/kate/robot_ws/install/my_bot/share/my_bot/hook/cmake_prefix_path.ps1'
[3.662s] INFO:colcon.colcon_core.shell:Creating environment descriptor '/home/kate/robot_ws/install/my_bot/share/my_bot/hook/cmake_prefix_path.dsv'
[3.667s] INFO:colcon.colcon_core.shell:Creating environment hook '/home/kate/robot_ws/install/my_bot/share/my_bot/hook/cmake_prefix_path.sh'
[3.674s] Level 1:colcon.colcon_core.environment:checking '/home/kate/robot_ws/install/my_bot/lib'
[3.675s] Level 1:colcon.colcon_core.environment:checking '/home/kate/robot_ws/install/my_bot/bin'
[3.676s] Level 1:colcon.colcon_core.environment:checking '/home/kate/robot_ws/install/my_bot/lib/pkgconfig/my_bot.pc'
[3.678s] Level 1:colcon.colcon_core.environment:checking '/home/kate/robot_ws/install/my_bot/lib/python3.10/site-packages'
[3.681s] Level 1:colcon.colcon_core.environment:checking '/home/kate/robot_ws/install/my_bot/bin'
[3.682s] INFO:colcon.colcon_core.shell:Creating package script '/home/kate/robot_ws/install/my_bot/share/my_bot/package.ps1'
[3.687s] INFO:colcon.colcon_core.shell:Creating package descriptor '/home/kate/robot_ws/install/my_bot/share/my_bot/package.dsv'
[3.694s] INFO:colcon.colcon_core.shell:Creating package script '/home/kate/robot_ws/install/my_bot/share/my_bot/package.sh'
[3.701s] INFO:colcon.colcon_core.shell:Creating package script '/home/kate/robot_ws/install/my_bot/share/my_bot/package.bash'
[3.707s] INFO:colcon.colcon_core.shell:Creating package script '/home/kate/robot_ws/install/my_bot/share/my_bot/package.zsh'
[3.712s] Level 1:colcon.colcon_core.environment:create_file_with_runtime_dependencies(/home/kate/robot_ws/install/my_bot/share/colcon-core/packages/my_bot)
[3.716s] Level 1:colcon.colcon_core.environment:create_environment_scripts_only(my_bot)
[3.717s] Level 1:colcon.colcon_core.environment:checking '/home/kate/robot_ws/install/my_bot' for CMake module files
[3.721s] Level 1:colcon.colcon_core.environment:checking '/home/kate/robot_ws/install/my_bot' for CMake config files
[3.725s] Level 1:colcon.colcon_core.shell:create_environment_hook('my_bot', 'cmake_prefix_path')
[3.727s] INFO:colcon.colcon_core.shell:Creating environment hook '/home/kate/robot_ws/install/my_bot/share/my_bot/hook/cmake_prefix_path.ps1'
[3.730s] INFO:colcon.colcon_core.shell:Creating environment descriptor '/home/kate/robot_ws/install/my_bot/share/my_bot/hook/cmake_prefix_path.dsv'
[3.733s] INFO:colcon.colcon_core.shell:Creating environment hook '/home/kate/robot_ws/install/my_bot/share/my_bot/hook/cmake_prefix_path.sh'
[3.737s] Level 1:colcon.colcon_core.environment:checking '/home/kate/robot_ws/install/my_bot/lib'
[3.738s] Level 1:colcon.colcon_core.environment:checking '/home/kate/robot_ws/install/my_bot/bin'
[3.739s] Level 1:colcon.colcon_core.environment:checking '/home/kate/robot_ws/install/my_bot/lib/pkgconfig/my_bot.pc'
[3.740s] Level 1:colcon.colcon_core.environment:checking '/home/kate/robot_ws/install/my_bot/lib/python3.10/site-packages'
[3.742s] Level 1:colcon.colcon_core.environment:checking '/home/kate/robot_ws/install/my_bot/bin'
[3.744s] INFO:colcon.colcon_core.shell:Creating package script '/home/kate/robot_ws/install/my_bot/share/my_bot/package.ps1'
[3.749s] INFO:colcon.colcon_core.shell:Creating package descriptor '/home/kate/robot_ws/install/my_bot/share/my_bot/package.dsv'
[3.752s] INFO:colcon.colcon_core.shell:Creating package script '/home/kate/robot_ws/install/my_bot/share/my_bot/package.sh'
[3.755s] INFO:colcon.colcon_core.shell:Creating package script '/home/kate/robot_ws/install/my_bot/share/my_bot/package.bash'
[3.759s] INFO:colcon.colcon_core.shell:Creating package script '/home/kate/robot_ws/install/my_bot/share/my_bot/package.zsh'
[3.762s] Level 1:colcon.colcon_core.environment:create_file_with_runtime_dependencies(/home/kate/robot_ws/install/my_bot/share/colcon-core/packages/my_bot)
[3.830s] DEBUG:colcon.colcon_core.event_handler.log_command:Invoked command in '/home/kate/robot_ws/build/rplidar_ros' returned '0': CMAKE_PREFIX_PATH=/home/kate/ros_workspaces/ros2_ws/install/arduino_serial_node:/opt/ros/humble /usr/bin/cmake --build /home/kate/robot_ws/build/rplidar_ros -- -j4 -l4
[3.837s] DEBUG:colcon.colcon_core.event_handler.log_command:Invoking command in '/home/kate/robot_ws/build/rplidar_ros': CMAKE_PREFIX_PATH=/home/kate/ros_workspaces/ros2_ws/install/arduino_serial_node:/opt/ros/humble /usr/bin/cmake --install /home/kate/robot_ws/build/rplidar_ros
[3.973s] Level 1:colcon.colcon_core.environment:create_environment_scripts_only(rplidar_ros)
[3.976s] Level 1:colcon.colcon_core.environment:checking '/home/kate/robot_ws/install/rplidar_ros' for CMake module files
[3.980s] Level 1:colcon.colcon_core.environment:checking '/home/kate/robot_ws/install/rplidar_ros' for CMake config files
[3.981s] DEBUG:colcon.colcon_core.event_handler.log_command:Invoked command in '/home/kate/robot_ws/build/rplidar_ros' returned '0': CMAKE_PREFIX_PATH=/home/kate/ros_workspaces/ros2_ws/install/arduino_serial_node:/opt/ros/humble /usr/bin/cmake --install /home/kate/robot_ws/build/rplidar_ros
[3.984s] Level 1:colcon.colcon_core.shell:create_environment_hook('rplidar_ros', 'cmake_prefix_path')
[3.985s] INFO:colcon.colcon_core.shell:Creating environment hook '/home/kate/robot_ws/install/rplidar_ros/share/rplidar_ros/hook/cmake_prefix_path.ps1'
[3.988s] INFO:colcon.colcon_core.shell:Creating environment descriptor '/home/kate/robot_ws/install/rplidar_ros/share/rplidar_ros/hook/cmake_prefix_path.dsv'
[3.991s] INFO:colcon.colcon_core.shell:Creating environment hook '/home/kate/robot_ws/install/rplidar_ros/share/rplidar_ros/hook/cmake_prefix_path.sh'
[3.996s] Level 1:colcon.colcon_core.environment:checking '/home/kate/robot_ws/install/rplidar_ros/lib'
[3.997s] Level 1:colcon.colcon_core.environment:checking '/home/kate/robot_ws/install/rplidar_ros/bin'
[3.997s] Level 1:colcon.colcon_core.environment:checking '/home/kate/robot_ws/install/rplidar_ros/lib/pkgconfig/rplidar_ros.pc'
[3.999s] Level 1:colcon.colcon_core.environment:checking '/home/kate/robot_ws/install/rplidar_ros/lib/python3.10/site-packages'
[4.003s] Level 1:colcon.colcon_core.environment:checking '/home/kate/robot_ws/install/rplidar_ros/bin'
[4.005s] INFO:colcon.colcon_core.shell:Creating package script '/home/kate/robot_ws/install/rplidar_ros/share/rplidar_ros/package.ps1'
[4.008s] INFO:colcon.colcon_core.shell:Creating package descriptor '/home/kate/robot_ws/install/rplidar_ros/share/rplidar_ros/package.dsv'
[4.011s] INFO:colcon.colcon_core.shell:Creating package script '/home/kate/robot_ws/install/rplidar_ros/share/rplidar_ros/package.sh'
[4.014s] INFO:colcon.colcon_core.shell:Creating package script '/home/kate/robot_ws/install/rplidar_ros/share/rplidar_ros/package.bash'
[4.017s] INFO:colcon.colcon_core.shell:Creating package script '/home/kate/robot_ws/install/rplidar_ros/share/rplidar_ros/package.zsh'
[4.020s] Level 1:colcon.colcon_core.environment:create_file_with_runtime_dependencies(/home/kate/robot_ws/install/rplidar_ros/share/colcon-core/packages/rplidar_ros)
[4.025s] Level 1:colcon.colcon_core.environment:create_environment_scripts_only(rplidar_ros)
[4.026s] Level 1:colcon.colcon_core.environment:checking '/home/kate/robot_ws/install/rplidar_ros' for CMake module files
[4.030s] Level 1:colcon.colcon_core.environment:checking '/home/kate/robot_ws/install/rplidar_ros' for CMake config files
[4.034s] Level 1:colcon.colcon_core.shell:create_environment_hook('rplidar_ros', 'cmake_prefix_path')
[4.035s] INFO:colcon.colcon_core.shell:Creating environment hook '/home/kate/robot_ws/install/rplidar_ros/share/rplidar_ros/hook/cmake_prefix_path.ps1'
[4.038s] INFO:colcon.colcon_core.shell:Creating environment descriptor '/home/kate/robot_ws/install/rplidar_ros/share/rplidar_ros/hook/cmake_prefix_path.dsv'
[4.041s] INFO:colcon.colcon_core.shell:Creating environment hook '/home/kate/robot_ws/install/rplidar_ros/share/rplidar_ros/hook/cmake_prefix_path.sh'
[4.045s] Level 1:colcon.colcon_core.environment:checking '/home/kate/robot_ws/install/rplidar_ros/lib'
[4.046s] Level 1:colcon.colcon_core.environment:checking '/home/kate/robot_ws/install/rplidar_ros/bin'
[4.046s] Level 1:colcon.colcon_core.environment:checking '/home/kate/robot_ws/install/rplidar_ros/lib/pkgconfig/rplidar_ros.pc'
[4.048s] Level 1:colcon.colcon_core.environment:checking '/home/kate/robot_ws/install/rplidar_ros/lib/python3.10/site-packages'
[4.050s] Level 1:colcon.colcon_core.environment:checking '/home/kate/robot_ws/install/rplidar_ros/bin'
[4.052s] INFO:colcon.colcon_core.shell:Creating package script '/home/kate/robot_ws/install/rplidar_ros/share/rplidar_ros/package.ps1'
[4.056s] INFO:colcon.colcon_core.shell:Creating package descriptor '/home/kate/robot_ws/install/rplidar_ros/share/rplidar_ros/package.dsv'
[4.061s] INFO:colcon.colcon_core.shell:Creating package script '/home/kate/robot_ws/install/rplidar_ros/share/rplidar_ros/package.sh'
[4.065s] INFO:colcon.colcon_core.shell:Creating package script '/home/kate/robot_ws/install/rplidar_ros/share/rplidar_ros/package.bash'
[4.068s] INFO:colcon.colcon_core.shell:Creating package script '/home/kate/robot_ws/install/rplidar_ros/share/rplidar_ros/package.zsh'
[4.071s] Level 1:colcon.colcon_core.environment:create_file_with_runtime_dependencies(/home/kate/robot_ws/install/rplidar_ros/share/colcon-core/packages/rplidar_ros)
[4.073s] DEBUG:colcon.colcon_parallel_executor.executor.parallel:closing loop
[4.075s] DEBUG:colcon.colcon_parallel_executor.executor.parallel:loop closed
[4.075s] DEBUG:colcon.colcon_parallel_executor.executor.parallel:run_until_complete finished with '0'
[4.076s] DEBUG:colcon.colcon_core.event_reactor:joining thread
[4.108s] INFO:colcon.colcon_core.plugin_system:Skipping extension 'colcon_notification.desktop_notification.terminal_notifier': Not used on non-Darwin systems
[4.109s] INFO:colcon.colcon_core.plugin_system:Skipping extension 'colcon_notification.desktop_notification.win32': Not used on non-Windows systems
[4.110s] INFO:colcon.colcon_notification.desktop_notification:Sending desktop notification using 'notify2'
[4.142s] DEBUG:colcon.colcon_core.event_reactor:joined thread
[4.144s] INFO:colcon.colcon_core.shell:Creating prefix script '/home/kate/robot_ws/install/local_setup.ps1'
[4.150s] INFO:colcon.colcon_core.shell:Creating prefix util module '/home/kate/robot_ws/install/_local_setup_util_ps1.py'
[4.159s] INFO:colcon.colcon_core.shell:Creating prefix chain script '/home/kate/robot_ws/install/setup.ps1'
[4.165s] INFO:colcon.colcon_core.shell:Creating prefix script '/home/kate/robot_ws/install/local_setup.sh'
[4.170s] INFO:colcon.colcon_core.shell:Creating prefix util module '/home/kate/robot_ws/install/_local_setup_util_sh.py'
[4.174s] INFO:colcon.colcon_core.shell:Creating prefix chain script '/home/kate/robot_ws/install/setup.sh'
[4.182s] INFO:colcon.colcon_core.shell:Creating prefix script '/home/kate/robot_ws/install/local_setup.bash'
[4.189s] INFO:colcon.colcon_core.shell:Creating prefix chain script '/home/kate/robot_ws/install/setup.bash'
[4.195s] INFO:colcon.colcon_core.shell:Creating prefix script '/home/kate/robot_ws/install/local_setup.zsh'
[4.200s] INFO:colcon.colcon_core.shell:Creating prefix chain script '/home/kate/robot_ws/install/setup.zsh'
