[0.639s] DEBUG:colcon:Command line arguments: ['/usr/bin/colcon', 'build', '--symlink-install']
[0.640s] DEBUG:colcon:Parsed command line arguments: Namespace(log_base=None, log_level=None, verb_name='build', build_base='build', install_base='install', merge_install=False, symlink_install=True, test_result_base=None, continue_on_error=False, executor='parallel', parallel_workers=4, event_handlers=None, ignore_user_meta=False, metas=['./colcon.meta'], base_paths=['.'], packages_ignore=None, packages_ignore_regex=None, paths=None, packages_up_to=None, packages_up_to_regex=None, packages_above=None, packages_above_and_dependencies=None, packages_above_depth=None, packages_select_by_dep=None, packages_skip_by_dep=None, packages_skip_up_to=None, packages_select_build_failed=False, packages_skip_build_finished=False, packages_select_test_failures=False, packages_skip_test_passed=False, packages_select=None, packages_skip=None, packages_select_regex=None, packages_skip_regex=None, packages_start=None, packages_end=None, allow_overriding=[], cmake_args=None, cmake_target=None, cmake_target_skip_unavailable=False, cmake_clean_cache=False, cmake_clean_first=False, cmake_force_configure=False, ament_cmake_args=None, catkin_cmake_args=None, catkin_skip_building_tests=False, mixin_files=None, mixin=None, verb_parser=<colcon_mixin.mixin.mixin_argument.MixinArgumentDecorator object at 0xffff9391e500>, verb_extension=<colcon_core.verb.build.BuildVerb object at 0xffff93ad34f0>, main=<bound method BuildVerb.main of <colcon_core.verb.build.BuildVerb object at 0xffff93ad34f0>>, mixin_verb=('build',))
[1.968s] Level 1:colcon.colcon_core.package_discovery:discover_packages(colcon_meta) check parameters
[1.968s] Level 1:colcon.colcon_core.package_discovery:discover_packages(recursive) check parameters
[1.969s] Level 1:colcon.colcon_core.package_discovery:discover_packages(ignore) check parameters
[1.969s] Level 1:colcon.colcon_core.package_discovery:discover_packages(path) check parameters
[1.969s] Level 1:colcon.colcon_core.package_discovery:discover_packages(colcon_meta) discover
[1.969s] Level 1:colcon.colcon_core.package_discovery:discover_packages(recursive) discover
[1.969s] INFO:colcon.colcon_core.package_discovery:Crawling recursively for packages in '/home/kate/robot_ws'
[1.970s] Level 1:colcon.colcon_core.package_identification:_identify(.) by extensions ['ignore', 'ignore_ament_install']
[1.971s] Level 1:colcon.colcon_core.package_identification:_identify(.) by extension 'ignore'
[1.972s] Level 1:colcon.colcon_core.package_identification:_identify(.) by extension 'ignore_ament_install'
[1.973s] Level 1:colcon.colcon_core.package_identification:_identify(.) by extensions ['colcon_pkg']
[1.973s] Level 1:colcon.colcon_core.package_identification:_identify(.) by extension 'colcon_pkg'
[1.973s] Level 1:colcon.colcon_core.package_identification:_identify(.) by extensions ['colcon_meta']
[1.974s] Level 1:colcon.colcon_core.package_identification:_identify(.) by extension 'colcon_meta'
[1.974s] Level 1:colcon.colcon_core.package_identification:_identify(.) by extensions ['ros']
[1.974s] Level 1:colcon.colcon_core.package_identification:_identify(.) by extension 'ros'
[2.035s] Level 1:colcon.colcon_core.package_identification:_identify(.) by extensions ['cmake', 'python']
[2.036s] Level 1:colcon.colcon_core.package_identification:_identify(.) by extension 'cmake'
[2.037s] Level 1:colcon.colcon_core.package_identification:_identify(.) by extension 'python'
[2.037s] Level 1:colcon.colcon_core.package_identification:_identify(.) by extensions ['python_setup_py']
[2.037s] Level 1:colcon.colcon_core.package_identification:_identify(.) by extension 'python_setup_py'
[2.038s] Level 1:colcon.colcon_core.package_identification:_identify(build) by extensions ['ignore', 'ignore_ament_install']
[2.039s] Level 1:colcon.colcon_core.package_identification:_identify(build) by extension 'ignore'
[2.039s] Level 1:colcon.colcon_core.package_identification:_identify(build) ignored
[2.041s] Level 1:colcon.colcon_core.package_identification:_identify(install) by extensions ['ignore', 'ignore_ament_install']
[2.041s] Level 1:colcon.colcon_core.package_identification:_identify(install) by extension 'ignore'
[2.042s] Level 1:colcon.colcon_core.package_identification:_identify(install) ignored
[2.044s] Level 1:colcon.colcon_core.package_identification:_identify(log) by extensions ['ignore', 'ignore_ament_install']
[2.045s] Level 1:colcon.colcon_core.package_identification:_identify(log) by extension 'ignore'
[2.046s] Level 1:colcon.colcon_core.package_identification:_identify(log) ignored
[2.047s] Level 1:colcon.colcon_core.package_identification:_identify(src) by extensions ['ignore', 'ignore_ament_install']
[2.048s] Level 1:colcon.colcon_core.package_identification:_identify(src) by extension 'ignore'
[2.048s] Level 1:colcon.colcon_core.package_identification:_identify(src) by extension 'ignore_ament_install'
[2.049s] Level 1:colcon.colcon_core.package_identification:_identify(src) by extensions ['colcon_pkg']
[2.049s] Level 1:colcon.colcon_core.package_identification:_identify(src) by extension 'colcon_pkg'
[2.049s] Level 1:colcon.colcon_core.package_identification:_identify(src) by extensions ['colcon_meta']
[2.050s] Level 1:colcon.colcon_core.package_identification:_identify(src) by extension 'colcon_meta'
[2.050s] Level 1:colcon.colcon_core.package_identification:_identify(src) by extensions ['ros']
[2.050s] Level 1:colcon.colcon_core.package_identification:_identify(src) by extension 'ros'
[2.051s] Level 1:colcon.colcon_core.package_identification:_identify(src) by extensions ['cmake', 'python']
[2.051s] Level 1:colcon.colcon_core.package_identification:_identify(src) by extension 'cmake'
[2.052s] Level 1:colcon.colcon_core.package_identification:_identify(src) by extension 'python'
[2.052s] Level 1:colcon.colcon_core.package_identification:_identify(src) by extensions ['python_setup_py']
[2.052s] Level 1:colcon.colcon_core.package_identification:_identify(src) by extension 'python_setup_py'
[2.053s] Level 1:colcon.colcon_core.package_identification:_identify(src/my_bot) by extensions ['ignore', 'ignore_ament_install']
[2.054s] Level 1:colcon.colcon_core.package_identification:_identify(src/my_bot) by extension 'ignore'
[2.054s] Level 1:colcon.colcon_core.package_identification:_identify(src/my_bot) by extension 'ignore_ament_install'
[2.054s] Level 1:colcon.colcon_core.package_identification:_identify(src/my_bot) by extensions ['colcon_pkg']
[2.055s] Level 1:colcon.colcon_core.package_identification:_identify(src/my_bot) by extension 'colcon_pkg'
[2.055s] Level 1:colcon.colcon_core.package_identification:_identify(src/my_bot) by extensions ['colcon_meta']
[2.055s] Level 1:colcon.colcon_core.package_identification:_identify(src/my_bot) by extension 'colcon_meta'
[2.055s] Level 1:colcon.colcon_core.package_identification:_identify(src/my_bot) by extensions ['ros']
[2.056s] Level 1:colcon.colcon_core.package_identification:_identify(src/my_bot) by extension 'ros'
[2.069s] DEBUG:colcon.colcon_core.package_identification:Package 'src/my_bot' with type 'ros.ament_cmake' and name 'my_bot'
[2.070s] Level 1:colcon.colcon_core.package_identification:_identify(src/rplidar_ros) by extensions ['ignore', 'ignore_ament_install']
[2.071s] Level 1:colcon.colcon_core.package_identification:_identify(src/rplidar_ros) by extension 'ignore'
[2.071s] Level 1:colcon.colcon_core.package_identification:_identify(src/rplidar_ros) by extension 'ignore_ament_install'
[2.072s] Level 1:colcon.colcon_core.package_identification:_identify(src/rplidar_ros) by extensions ['colcon_pkg']
[2.072s] Level 1:colcon.colcon_core.package_identification:_identify(src/rplidar_ros) by extension 'colcon_pkg'
[2.072s] Level 1:colcon.colcon_core.package_identification:_identify(src/rplidar_ros) by extensions ['colcon_meta']
[2.073s] Level 1:colcon.colcon_core.package_identification:_identify(src/rplidar_ros) by extension 'colcon_meta'
[2.073s] Level 1:colcon.colcon_core.package_identification:_identify(src/rplidar_ros) by extensions ['ros']
[2.073s] Level 1:colcon.colcon_core.package_identification:_identify(src/rplidar_ros) by extension 'ros'
[2.084s] DEBUG:colcon.colcon_core.package_identification:Package 'src/rplidar_ros' with type 'ros.ament_cmake' and name 'rplidar_ros'
[2.085s] Level 1:colcon.colcon_core.package_discovery:discover_packages(recursive) using defaults
[2.086s] Level 1:colcon.colcon_core.package_discovery:discover_packages(ignore) discover
[2.086s] Level 1:colcon.colcon_core.package_discovery:discover_packages(ignore) using defaults
[2.086s] Level 1:colcon.colcon_core.package_discovery:discover_packages(path) discover
[2.087s] Level 1:colcon.colcon_core.package_discovery:discover_packages(path) using defaults
[2.225s] Level 1:colcon.colcon_core.package_discovery:discover_packages(prefix_path) check parameters
[2.226s] Level 1:colcon.colcon_core.package_discovery:discover_packages(prefix_path) discover
[2.236s] DEBUG:colcon.colcon_installed_package_information.package_discovery:Found 2 installed packages in /home/kate/robot_ws/install
[2.238s] DEBUG:colcon.colcon_installed_package_information.package_discovery:Found 1 installed packages in /home/kate/ros_workspaces/ros2_ws/install
[2.251s] DEBUG:colcon.colcon_installed_package_information.package_discovery:Found 366 installed packages in /opt/ros/humble
[2.260s] Level 1:colcon.colcon_core.package_discovery:discover_packages(prefix_path) using defaults
[2.584s] Level 5:colcon.colcon_core.verb:set package 'my_bot' build argument 'cmake_args' from command line to 'None'
[2.584s] Level 5:colcon.colcon_core.verb:set package 'my_bot' build argument 'cmake_target' from command line to 'None'
[2.584s] Level 5:colcon.colcon_core.verb:set package 'my_bot' build argument 'cmake_target_skip_unavailable' from command line to 'False'
[2.585s] Level 5:colcon.colcon_core.verb:set package 'my_bot' build argument 'cmake_clean_cache' from command line to 'False'
[2.585s] Level 5:colcon.colcon_core.verb:set package 'my_bot' build argument 'cmake_clean_first' from command line to 'False'
[2.585s] Level 5:colcon.colcon_core.verb:set package 'my_bot' build argument 'cmake_force_configure' from command line to 'False'
[2.585s] Level 5:colcon.colcon_core.verb:set package 'my_bot' build argument 'ament_cmake_args' from command line to 'None'
[2.585s] Level 5:colcon.colcon_core.verb:set package 'my_bot' build argument 'catkin_cmake_args' from command line to 'None'
[2.586s] Level 5:colcon.colcon_core.verb:set package 'my_bot' build argument 'catkin_skip_building_tests' from command line to 'False'
[2.586s] DEBUG:colcon.colcon_core.verb:Building package 'my_bot' with the following arguments: {'ament_cmake_args': None, 'build_base': '/home/kate/robot_ws/build/my_bot', 'catkin_cmake_args': None, 'catkin_skip_building_tests': False, 'cmake_args': None, 'cmake_clean_cache': False, 'cmake_clean_first': False, 'cmake_force_configure': False, 'cmake_target': None, 'cmake_target_skip_unavailable': False, 'install_base': '/home/kate/robot_ws/install/my_bot', 'merge_install': False, 'path': '/home/kate/robot_ws/src/my_bot', 'symlink_install': True, 'test_result_base': None}
[2.588s] Level 5:colcon.colcon_core.verb:set package 'rplidar_ros' build argument 'cmake_args' from command line to 'None'
[2.588s] Level 5:colcon.colcon_core.verb:set package 'rplidar_ros' build argument 'cmake_target' from command line to 'None'
[2.588s] Level 5:colcon.colcon_core.verb:set package 'rplidar_ros' build argument 'cmake_target_skip_unavailable' from command line to 'False'
[2.589s] Level 5:colcon.colcon_core.verb:set package 'rplidar_ros' build argument 'cmake_clean_cache' from command line to 'False'
[2.589s] Level 5:colcon.colcon_core.verb:set package 'rplidar_ros' build argument 'cmake_clean_first' from command line to 'False'
[2.589s] Level 5:colcon.colcon_core.verb:set package 'rplidar_ros' build argument 'cmake_force_configure' from command line to 'False'
[2.589s] Level 5:colcon.colcon_core.verb:set package 'rplidar_ros' build argument 'ament_cmake_args' from command line to 'None'
[2.589s] Level 5:colcon.colcon_core.verb:set package 'rplidar_ros' build argument 'catkin_cmake_args' from command line to 'None'
[2.590s] Level 5:colcon.colcon_core.verb:set package 'rplidar_ros' build argument 'catkin_skip_building_tests' from command line to 'False'
[2.590s] DEBUG:colcon.colcon_core.verb:Building package 'rplidar_ros' with the following arguments: {'ament_cmake_args': None, 'build_base': '/home/kate/robot_ws/build/rplidar_ros', 'catkin_cmake_args': None, 'catkin_skip_building_tests': False, 'cmake_args': None, 'cmake_clean_cache': False, 'cmake_clean_first': False, 'cmake_force_configure': False, 'cmake_target': None, 'cmake_target_skip_unavailable': False, 'install_base': '/home/kate/robot_ws/install/rplidar_ros', 'merge_install': False, 'path': '/home/kate/robot_ws/src/rplidar_ros', 'symlink_install': True, 'test_result_base': None}
[2.591s] INFO:colcon.colcon_core.executor:Executing jobs using 'parallel' executor
[2.594s] DEBUG:colcon.colcon_parallel_executor.executor.parallel:run_until_complete
[2.596s] INFO:colcon.colcon_ros.task.ament_cmake.build:Building ROS package in '/home/kate/robot_ws/src/my_bot' with build type 'ament_cmake'
[2.597s] INFO:colcon.colcon_cmake.task.cmake.build:Building CMake package in '/home/kate/robot_ws/src/my_bot'
[2.610s] INFO:colcon.colcon_core.plugin_system:Skipping extension 'colcon_core.shell.bat': Not used on non-Windows systems
[2.611s] INFO:colcon.colcon_core.shell:Skip shell extension 'powershell' for command environment: Not usable outside of PowerShell
[2.612s] DEBUG:colcon.colcon_core.shell:Skip shell extension 'dsv' for command environment
[2.654s] INFO:colcon.colcon_ros.task.ament_cmake.build:Building ROS package in '/home/kate/robot_ws/src/rplidar_ros' with build type 'ament_cmake'
[2.655s] INFO:colcon.colcon_cmake.task.cmake.build:Building CMake package in '/home/kate/robot_ws/src/rplidar_ros'
[2.656s] INFO:colcon.colcon_core.shell:Skip shell extension 'powershell' for command environment: Not usable outside of PowerShell
[2.657s] DEBUG:colcon.colcon_core.shell:Skip shell extension 'dsv' for command environment
[2.716s] DEBUG:colcon.colcon_core.event_handler.log_command:Invoking command in '/home/kate/robot_ws/build/my_bot': CMAKE_PREFIX_PATH=${CMAKE_PREFIX_PATH}:/home/kate/ros_workspaces/ros2_ws/install/arduino_serial_node:/opt/ros/humble /usr/bin/cmake --build /home/kate/robot_ws/build/my_bot -- -j4 -l4
[2.740s] DEBUG:colcon.colcon_core.event_handler.log_command:Invoking command in '/home/kate/robot_ws/build/rplidar_ros': CMAKE_PREFIX_PATH=${CMAKE_PREFIX_PATH}:/home/kate/ros_workspaces/ros2_ws/install/arduino_serial_node:/opt/ros/humble /usr/bin/cmake --build /home/kate/robot_ws/build/rplidar_ros -- -j4 -l4
[2.961s] DEBUG:colcon.colcon_core.event_handler.log_command:Invoked command in '/home/kate/robot_ws/build/my_bot' returned '0': CMAKE_PREFIX_PATH=${CMAKE_PREFIX_PATH}:/home/kate/ros_workspaces/ros2_ws/install/arduino_serial_node:/opt/ros/humble /usr/bin/cmake --build /home/kate/robot_ws/build/my_bot -- -j4 -l4
[3.023s] DEBUG:colcon.colcon_core.event_handler.log_command:Invoking command in '/home/kate/robot_ws/build/my_bot': CMAKE_PREFIX_PATH=${CMAKE_PREFIX_PATH}:/home/kate/ros_workspaces/ros2_ws/install/arduino_serial_node:/opt/ros/humble /usr/bin/cmake --install /home/kate/robot_ws/build/my_bot
[3.144s] Level 1:colcon.colcon_core.environment:create_environment_scripts_only(my_bot)
[3.147s] DEBUG:colcon.colcon_core.event_handler.log_command:Invoked command in '/home/kate/robot_ws/build/my_bot' returned '0': CMAKE_PREFIX_PATH=${CMAKE_PREFIX_PATH}:/home/kate/ros_workspaces/ros2_ws/install/arduino_serial_node:/opt/ros/humble /usr/bin/cmake --install /home/kate/robot_ws/build/my_bot
[3.166s] Level 1:colcon.colcon_core.environment:checking '/home/kate/robot_ws/install/my_bot' for CMake module files
[3.170s] Level 1:colcon.colcon_core.environment:checking '/home/kate/robot_ws/install/my_bot' for CMake config files
[3.173s] Level 1:colcon.colcon_core.shell:create_environment_hook('my_bot', 'cmake_prefix_path')
[3.174s] INFO:colcon.colcon_core.shell:Creating environment hook '/home/kate/robot_ws/install/my_bot/share/my_bot/hook/cmake_prefix_path.ps1'
[3.178s] INFO:colcon.colcon_core.shell:Creating environment descriptor '/home/kate/robot_ws/install/my_bot/share/my_bot/hook/cmake_prefix_path.dsv'
[3.180s] INFO:colcon.colcon_core.shell:Creating environment hook '/home/kate/robot_ws/install/my_bot/share/my_bot/hook/cmake_prefix_path.sh'
[3.185s] Level 1:colcon.colcon_core.environment:checking '/home/kate/robot_ws/install/my_bot/lib'
[3.186s] Level 1:colcon.colcon_core.environment:checking '/home/kate/robot_ws/install/my_bot/bin'
[3.187s] Level 1:colcon.colcon_core.environment:checking '/home/kate/robot_ws/install/my_bot/lib/pkgconfig/my_bot.pc'
[3.188s] Level 1:colcon.colcon_core.environment:checking '/home/kate/robot_ws/install/my_bot/lib/python3.10/site-packages'
[3.190s] Level 1:colcon.colcon_core.environment:checking '/home/kate/robot_ws/install/my_bot/bin'
[3.191s] INFO:colcon.colcon_core.shell:Creating package script '/home/kate/robot_ws/install/my_bot/share/my_bot/package.ps1'
[3.196s] INFO:colcon.colcon_core.shell:Creating package descriptor '/home/kate/robot_ws/install/my_bot/share/my_bot/package.dsv'
[3.200s] INFO:colcon.colcon_core.shell:Creating package script '/home/kate/robot_ws/install/my_bot/share/my_bot/package.sh'
[3.215s] INFO:colcon.colcon_core.shell:Creating package script '/home/kate/robot_ws/install/my_bot/share/my_bot/package.bash'
[3.221s] INFO:colcon.colcon_core.shell:Creating package script '/home/kate/robot_ws/install/my_bot/share/my_bot/package.zsh'
[3.225s] Level 1:colcon.colcon_core.environment:create_file_with_runtime_dependencies(/home/kate/robot_ws/install/my_bot/share/colcon-core/packages/my_bot)
[3.230s] Level 1:colcon.colcon_core.environment:create_environment_scripts_only(my_bot)
[3.231s] Level 1:colcon.colcon_core.environment:checking '/home/kate/robot_ws/install/my_bot' for CMake module files
[3.235s] Level 1:colcon.colcon_core.environment:checking '/home/kate/robot_ws/install/my_bot' for CMake config files
[3.239s] Level 1:colcon.colcon_core.shell:create_environment_hook('my_bot', 'cmake_prefix_path')
[3.240s] INFO:colcon.colcon_core.shell:Creating environment hook '/home/kate/robot_ws/install/my_bot/share/my_bot/hook/cmake_prefix_path.ps1'
[3.243s] INFO:colcon.colcon_core.shell:Creating environment descriptor '/home/kate/robot_ws/install/my_bot/share/my_bot/hook/cmake_prefix_path.dsv'
[3.246s] INFO:colcon.colcon_core.shell:Creating environment hook '/home/kate/robot_ws/install/my_bot/share/my_bot/hook/cmake_prefix_path.sh'
[3.250s] Level 1:colcon.colcon_core.environment:checking '/home/kate/robot_ws/install/my_bot/lib'
[3.251s] Level 1:colcon.colcon_core.environment:checking '/home/kate/robot_ws/install/my_bot/bin'
[3.251s] Level 1:colcon.colcon_core.environment:checking '/home/kate/robot_ws/install/my_bot/lib/pkgconfig/my_bot.pc'
[3.253s] Level 1:colcon.colcon_core.environment:checking '/home/kate/robot_ws/install/my_bot/lib/python3.10/site-packages'
[3.254s] Level 1:colcon.colcon_core.environment:checking '/home/kate/robot_ws/install/my_bot/bin'
[3.256s] INFO:colcon.colcon_core.shell:Creating package script '/home/kate/robot_ws/install/my_bot/share/my_bot/package.ps1'
[3.260s] INFO:colcon.colcon_core.shell:Creating package descriptor '/home/kate/robot_ws/install/my_bot/share/my_bot/package.dsv'
[3.263s] INFO:colcon.colcon_core.shell:Creating package script '/home/kate/robot_ws/install/my_bot/share/my_bot/package.sh'
[3.266s] INFO:colcon.colcon_core.shell:Creating package script '/home/kate/robot_ws/install/my_bot/share/my_bot/package.bash'
[3.269s] INFO:colcon.colcon_core.shell:Creating package script '/home/kate/robot_ws/install/my_bot/share/my_bot/package.zsh'
[3.273s] Level 1:colcon.colcon_core.environment:create_file_with_runtime_dependencies(/home/kate/robot_ws/install/my_bot/share/colcon-core/packages/my_bot)
[3.515s] DEBUG:colcon.colcon_core.event_handler.log_command:Invoked command in '/home/kate/robot_ws/build/rplidar_ros' returned '0': CMAKE_PREFIX_PATH=${CMAKE_PREFIX_PATH}:/home/kate/ros_workspaces/ros2_ws/install/arduino_serial_node:/opt/ros/humble /usr/bin/cmake --build /home/kate/robot_ws/build/rplidar_ros -- -j4 -l4
[3.527s] DEBUG:colcon.colcon_core.event_handler.log_command:Invoking command in '/home/kate/robot_ws/build/rplidar_ros': CMAKE_PREFIX_PATH=${CMAKE_PREFIX_PATH}:/home/kate/ros_workspaces/ros2_ws/install/arduino_serial_node:/opt/ros/humble /usr/bin/cmake --install /home/kate/robot_ws/build/rplidar_ros
[3.669s] Level 1:colcon.colcon_core.environment:create_environment_scripts_only(rplidar_ros)
[3.671s] Level 1:colcon.colcon_core.environment:checking '/home/kate/robot_ws/install/rplidar_ros' for CMake module files
[3.674s] DEBUG:colcon.colcon_core.event_handler.log_command:Invoked command in '/home/kate/robot_ws/build/rplidar_ros' returned '0': CMAKE_PREFIX_PATH=${CMAKE_PREFIX_PATH}:/home/kate/ros_workspaces/ros2_ws/install/arduino_serial_node:/opt/ros/humble /usr/bin/cmake --install /home/kate/robot_ws/build/rplidar_ros
[3.677s] Level 1:colcon.colcon_core.environment:checking '/home/kate/robot_ws/install/rplidar_ros' for CMake config files
[3.679s] Level 1:colcon.colcon_core.shell:create_environment_hook('rplidar_ros', 'cmake_prefix_path')
[3.681s] INFO:colcon.colcon_core.shell:Creating environment hook '/home/kate/robot_ws/install/rplidar_ros/share/rplidar_ros/hook/cmake_prefix_path.ps1'
[3.683s] INFO:colcon.colcon_core.shell:Creating environment descriptor '/home/kate/robot_ws/install/rplidar_ros/share/rplidar_ros/hook/cmake_prefix_path.dsv'
[3.686s] INFO:colcon.colcon_core.shell:Creating environment hook '/home/kate/robot_ws/install/rplidar_ros/share/rplidar_ros/hook/cmake_prefix_path.sh'
[3.690s] Level 1:colcon.colcon_core.environment:checking '/home/kate/robot_ws/install/rplidar_ros/lib'
[3.690s] Level 1:colcon.colcon_core.environment:checking '/home/kate/robot_ws/install/rplidar_ros/bin'
[3.691s] Level 1:colcon.colcon_core.environment:checking '/home/kate/robot_ws/install/rplidar_ros/lib/pkgconfig/rplidar_ros.pc'
[3.692s] Level 1:colcon.colcon_core.environment:checking '/home/kate/robot_ws/install/rplidar_ros/lib/python3.10/site-packages'
[3.694s] Level 1:colcon.colcon_core.environment:checking '/home/kate/robot_ws/install/rplidar_ros/bin'
[3.696s] INFO:colcon.colcon_core.shell:Creating package script '/home/kate/robot_ws/install/rplidar_ros/share/rplidar_ros/package.ps1'
[3.699s] INFO:colcon.colcon_core.shell:Creating package descriptor '/home/kate/robot_ws/install/rplidar_ros/share/rplidar_ros/package.dsv'
[3.702s] INFO:colcon.colcon_core.shell:Creating package script '/home/kate/robot_ws/install/rplidar_ros/share/rplidar_ros/package.sh'
[3.704s] INFO:colcon.colcon_core.shell:Creating package script '/home/kate/robot_ws/install/rplidar_ros/share/rplidar_ros/package.bash'
[3.708s] INFO:colcon.colcon_core.shell:Creating package script '/home/kate/robot_ws/install/rplidar_ros/share/rplidar_ros/package.zsh'
[3.710s] Level 1:colcon.colcon_core.environment:create_file_with_runtime_dependencies(/home/kate/robot_ws/install/rplidar_ros/share/colcon-core/packages/rplidar_ros)
[3.714s] Level 1:colcon.colcon_core.environment:create_environment_scripts_only(rplidar_ros)
[3.715s] Level 1:colcon.colcon_core.environment:checking '/home/kate/robot_ws/install/rplidar_ros' for CMake module files
[3.719s] Level 1:colcon.colcon_core.environment:checking '/home/kate/robot_ws/install/rplidar_ros' for CMake config files
[3.721s] Level 1:colcon.colcon_core.shell:create_environment_hook('rplidar_ros', 'cmake_prefix_path')
[3.722s] INFO:colcon.colcon_core.shell:Creating environment hook '/home/kate/robot_ws/install/rplidar_ros/share/rplidar_ros/hook/cmake_prefix_path.ps1'
[3.727s] INFO:colcon.colcon_core.shell:Creating environment descriptor '/home/kate/robot_ws/install/rplidar_ros/share/rplidar_ros/hook/cmake_prefix_path.dsv'
[3.730s] INFO:colcon.colcon_core.shell:Creating environment hook '/home/kate/robot_ws/install/rplidar_ros/share/rplidar_ros/hook/cmake_prefix_path.sh'
[3.736s] Level 1:colcon.colcon_core.environment:checking '/home/kate/robot_ws/install/rplidar_ros/lib'
[3.737s] Level 1:colcon.colcon_core.environment:checking '/home/kate/robot_ws/install/rplidar_ros/bin'
[3.738s] Level 1:colcon.colcon_core.environment:checking '/home/kate/robot_ws/install/rplidar_ros/lib/pkgconfig/rplidar_ros.pc'
[3.740s] Level 1:colcon.colcon_core.environment:checking '/home/kate/robot_ws/install/rplidar_ros/lib/python3.10/site-packages'
[3.742s] Level 1:colcon.colcon_core.environment:checking '/home/kate/robot_ws/install/rplidar_ros/bin'
[3.744s] INFO:colcon.colcon_core.shell:Creating package script '/home/kate/robot_ws/install/rplidar_ros/share/rplidar_ros/package.ps1'
[3.748s] INFO:colcon.colcon_core.shell:Creating package descriptor '/home/kate/robot_ws/install/rplidar_ros/share/rplidar_ros/package.dsv'
[3.752s] INFO:colcon.colcon_core.shell:Creating package script '/home/kate/robot_ws/install/rplidar_ros/share/rplidar_ros/package.sh'
[3.756s] INFO:colcon.colcon_core.shell:Creating package script '/home/kate/robot_ws/install/rplidar_ros/share/rplidar_ros/package.bash'
[3.760s] INFO:colcon.colcon_core.shell:Creating package script '/home/kate/robot_ws/install/rplidar_ros/share/rplidar_ros/package.zsh'
[3.764s] Level 1:colcon.colcon_core.environment:create_file_with_runtime_dependencies(/home/kate/robot_ws/install/rplidar_ros/share/colcon-core/packages/rplidar_ros)
[3.770s] DEBUG:colcon.colcon_parallel_executor.executor.parallel:closing loop
[3.772s] DEBUG:colcon.colcon_parallel_executor.executor.parallel:loop closed
[3.772s] DEBUG:colcon.colcon_parallel_executor.executor.parallel:run_until_complete finished with '0'
[3.772s] DEBUG:colcon.colcon_core.event_reactor:joining thread
[3.794s] INFO:colcon.colcon_core.plugin_system:Skipping extension 'colcon_notification.desktop_notification.terminal_notifier': Not used on non-Darwin systems
[3.794s] INFO:colcon.colcon_core.plugin_system:Skipping extension 'colcon_notification.desktop_notification.win32': Not used on non-Windows systems
[3.795s] INFO:colcon.colcon_notification.desktop_notification:Sending desktop notification using 'notify2'
[3.819s] DEBUG:colcon.colcon_core.event_reactor:joined thread
[3.821s] INFO:colcon.colcon_core.shell:Creating prefix script '/home/kate/robot_ws/install/local_setup.ps1'
[3.830s] INFO:colcon.colcon_core.shell:Creating prefix util module '/home/kate/robot_ws/install/_local_setup_util_ps1.py'
[3.844s] INFO:colcon.colcon_core.shell:Creating prefix chain script '/home/kate/robot_ws/install/setup.ps1'
[3.855s] INFO:colcon.colcon_core.shell:Creating prefix script '/home/kate/robot_ws/install/local_setup.sh'
[3.864s] INFO:colcon.colcon_core.shell:Creating prefix util module '/home/kate/robot_ws/install/_local_setup_util_sh.py'
[3.869s] INFO:colcon.colcon_core.shell:Creating prefix chain script '/home/kate/robot_ws/install/setup.sh'
[3.876s] INFO:colcon.colcon_core.shell:Creating prefix script '/home/kate/robot_ws/install/local_setup.bash'
[3.881s] INFO:colcon.colcon_core.shell:Creating prefix chain script '/home/kate/robot_ws/install/setup.bash'
[3.890s] INFO:colcon.colcon_core.shell:Creating prefix script '/home/kate/robot_ws/install/local_setup.zsh'
[3.894s] INFO:colcon.colcon_core.shell:Creating prefix chain script '/home/kate/robot_ws/install/setup.zsh'
