[0.100s] Invoking command in '/home/kate/robot_ws/build/rplidar_ros': CMAKE_PREFIX_PATH=${CMAKE_PREFIX_PATH}:/home/kate/ros_workspaces/ros2_ws/install/arduino_serial_node:/opt/ros/humble /usr/bin/cmake /home/kate/robot_ws/src/rplidar_ros -DAMENT_CMAKE_SYMLINK_INSTALL=1 -DCMAKE_INSTALL_PREFIX=/home/kate/robot_ws/install/rplidar_ros
[0.615s] -- The C compiler identification is GNU 11.4.0
[1.002s] -- The CXX compiler identification is GNU 11.4.0
[1.043s] -- Detecting C compiler ABI info
[1.643s] -- Detecting C compiler ABI info - done
[1.679s] -- Check for working C compiler: /usr/bin/cc - skipped
[1.684s] -- Detecting C compile features
[1.687s] -- Detecting C compile features - done
[1.709s] -- Detecting CXX compiler ABI info
[2.325s] -- Detecting CXX compiler ABI info - done
[2.363s] -- Check for working CXX compiler: /usr/bin/c++ - skipped
[2.367s] -- Detecting CXX compile features
[2.371s] -- Detecting CXX compile features - done
[2.422s] -- Found ament_cmake: 1.3.14 (/opt/ros/humble/share/ament_cmake/cmake)
[3.904s] -- Found Python3: /usr/bin/python3 (found version "3.10.12") found components: Interpreter 
[4.485s] -- Override CMake install command with custom implementation using symlinks instead of copying resources
[5.165s] -- Found rclcpp: 16.0.18 (/opt/ros/humble/share/rclcpp/cmake)
[5.747s] -- Found rosidl_generator_c: 3.1.8 (/opt/ros/humble/share/rosidl_generator_c/cmake)
[5.822s] -- Found rosidl_adapter: 3.1.8 (/opt/ros/humble/share/rosidl_adapter/cmake)
[5.919s] -- Found rosidl_generator_cpp: 3.1.8 (/opt/ros/humble/share/rosidl_generator_cpp/cmake)
[6.035s] -- Using all available rosidl_typesupport_c: rosidl_typesupport_fastrtps_c;rosidl_typesupport_introspection_c
[6.210s] -- Using all available rosidl_typesupport_cpp: rosidl_typesupport_fastrtps_cpp;rosidl_typesupport_introspection_cpp
[6.714s] -- Found rmw_implementation_cmake: 6.1.2 (/opt/ros/humble/share/rmw_implementation_cmake/cmake)
[6.753s] -- Found rmw_fastrtps_cpp: 6.2.10 (/opt/ros/humble/share/rmw_fastrtps_cpp/cmake)
[7.589s] -- Found OpenSSL: /usr/lib/aarch64-linux-gnu/libcrypto.so (found version "3.0.2")  
[7.952s] -- Found FastRTPS: /opt/ros/humble/include  
[8.523s] -- Using RMW implementation 'rmw_fastrtps_cpp' as default
[8.659s] -- Looking for pthread.h
[9.196s] -- Looking for pthread.h - found
[9.200s] -- Performing Test CMAKE_HAVE_LIBC_PTHREAD
[9.691s] -- Performing Test CMAKE_HAVE_LIBC_PTHREAD - Success
[9.698s] -- Found Threads: TRUE  
[10.145s] -- Found sensor_msgs: 4.9.1 (/opt/ros/humble/share/sensor_msgs/cmake)
[10.394s] -- Found std_srvs: 4.9.1 (/opt/ros/humble/share/std_srvs/cmake)
[11.006s] -- Configuring done
[11.150s] -- Generating done
[11.211s] -- Build files have been written to: /home/kate/robot_ws/build/rplidar_ros
[11.272s] Invoked command in '/home/kate/robot_ws/build/rplidar_ros' returned '0': CMAKE_PREFIX_PATH=${CMAKE_PREFIX_PATH}:/home/kate/ros_workspaces/ros2_ws/install/arduino_serial_node:/opt/ros/humble /usr/bin/cmake /home/kate/robot_ws/src/rplidar_ros -DAMENT_CMAKE_SYMLINK_INSTALL=1 -DCMAKE_INSTALL_PREFIX=/home/kate/robot_ws/install/rplidar_ros
[11.274s] Invoking command in '/home/kate/robot_ws/build/rplidar_ros': CMAKE_PREFIX_PATH=${CMAKE_PREFIX_PATH}:/home/kate/ros_workspaces/ros2_ws/install/arduino_serial_node:/opt/ros/humble /usr/bin/cmake --build /home/kate/robot_ws/build/rplidar_ros -- -j4 -l4
[11.604s] [35m[1mConsolidate compiler generated dependencies of target rplidar_node[0m
[11.850s] [  2%] [32mBuilding CXX object CMakeFiles/rplidar_node.dir/src/rplidar_node.cpp.o[0m
[25.023s] gmake[2]: *** [CMakeFiles/rplidar_node.dir/build.make:76: CMakeFiles/rplidar_node.dir/src/rplidar_node.cpp.o] Interrupt
[25.025s] gmake[1]: *** [CMakeFiles/Makefile2:141: CMakeFiles/rplidar_node.dir/all] Interrupt
[25.031s] gmake: *** [Makefile:146: all] Interrupt
[25.079s] Invoked command in '/home/kate/robot_ws/build/rplidar_ros' returned '-2': CMAKE_PREFIX_PATH=${CMAKE_PREFIX_PATH}:/home/kate/ros_workspaces/ros2_ws/install/arduino_serial_node:/opt/ros/humble /usr/bin/cmake --build /home/kate/robot_ws/build/rplidar_ros -- -j4 -l4
