[0.122s] Invoking command in '/home/kate/robot_ws/build/my_bot': CMAKE_PREFIX_PATH=/home/kate/ros_workspaces/ros2_ws/install/arduino_serial_node:/opt/ros/humble /usr/bin/cmake --build /home/kate/robot_ws/build/my_bot -- -j4 -l4
[0.299s] -- Found ament_cmake: 1.3.14 (/opt/ros/humble/share/ament_cmake/cmake)
[1.442s] -- Override CMake install command with custom implementation using symlinks instead of copying resources
[1.521s] -- Found ament_lint_auto: 0.12.15 (/opt/ros/humble/share/ament_lint_auto/cmake)
[2.080s] -- Configuring done
[2.135s] -- Generating done
[2.151s] -- Build files have been written to: /home/kate/robot_ws/build/my_bot
[2.283s] Invoked command in '/home/kate/robot_ws/build/my_bot' returned '0': CMAKE_PREFIX_PATH=/home/kate/ros_workspaces/ros2_ws/install/arduino_serial_node:/opt/ros/humble /usr/bin/cmake --build /home/kate/robot_ws/build/my_bot -- -j4 -l4
[2.290s] Invoking command in '/home/kate/robot_ws/build/my_bot': CMAKE_PREFIX_PATH=/home/kate/ros_workspaces/ros2_ws/install/arduino_serial_node:/opt/ros/humble /usr/bin/cmake --install /home/kate/robot_ws/build/my_bot
[2.330s] -- Install configuration: "Release"
[2.332s] -- Execute custom install script
[2.347s] -- Up-to-date symlink: /home/kate/robot_ws/install/my_bot/share/my_bot/config/empty.yaml
[2.349s] -- Up-to-date symlink: /home/kate/robot_ws/install/my_bot/share/my_bot/config/slam_params.yaml
[2.355s] -- Up-to-date symlink: /home/kate/robot_ws/install/my_bot/share/my_bot/config/view_bot.rviz
[2.358s] -- Up-to-date symlink: /home/kate/robot_ws/install/my_bot/share/my_bot/description/gazebo_control.xacro
[2.360s] -- Up-to-date symlink: /home/kate/robot_ws/install/my_bot/share/my_bot/description/inertial_macros.xacro
[2.363s] -- Up-to-date symlink: /home/kate/robot_ws/install/my_bot/share/my_bot/description/lidar.xacro
[2.366s] -- Up-to-date symlink: /home/kate/robot_ws/install/my_bot/share/my_bot/description/robot.urdf.xacro
[2.367s] -- Up-to-date symlink: /home/kate/robot_ws/install/my_bot/share/my_bot/description/robot_core.xacro
[2.368s] -- Up-to-date symlink: /home/kate/robot_ws/install/my_bot/share/my_bot/description/test.urdf
[2.368s] -- Up-to-date symlink: /home/kate/robot_ws/install/my_bot/share/my_bot/launch/bringup.launch.py
[2.368s] -- Up-to-date symlink: /home/kate/robot_ws/install/my_bot/share/my_bot/launch/launch_sim.launch.py
[2.369s] -- Up-to-date symlink: /home/kate/robot_ws/install/my_bot/share/my_bot/launch/rsp.launch.py
[2.370s] -- Up-to-date symlink: /home/kate/robot_ws/install/my_bot/share/my_bot/worlds/description/gazebo_control.xacro
[2.370s] -- Up-to-date symlink: /home/kate/robot_ws/install/my_bot/share/my_bot/worlds/description/inertial_macros.xacro
[2.371s] -- Up-to-date symlink: /home/kate/robot_ws/install/my_bot/share/my_bot/worlds/description/inertial_macros.xacro:Zone.Identifier
[2.372s] -- Up-to-date symlink: /home/kate/robot_ws/install/my_bot/share/my_bot/worlds/description/lidar.xacro
[2.373s] -- Up-to-date symlink: /home/kate/robot_ws/install/my_bot/share/my_bot/worlds/description/robot.urdf.xacro
[2.374s] -- Up-to-date symlink: /home/kate/robot_ws/install/my_bot/share/my_bot/worlds/description/robot.urdf.xacro:Zone.Identifier
[2.376s] -- Up-to-date symlink: /home/kate/robot_ws/install/my_bot/share/my_bot/worlds/description/robot_core.xacro
[2.376s] -- Up-to-date symlink: /home/kate/robot_ws/install/my_bot/share/my_bot/worlds/empty.world
[2.377s] -- Up-to-date symlink: /home/kate/robot_ws/install/my_bot/lib/my_bot/odom_node.py
[2.378s] -- Up-to-date symlink: /home/kate/robot_ws/install/my_bot/lib/my_bot/arduino_serial.py
[2.378s] -- Up-to-date symlink: /home/kate/robot_ws/install/my_bot/lib/my_bot/imu_parser.py
[2.379s] -- Symlinking: /home/kate/robot_ws/install/my_bot/lib/my_bot/env_parser.py
[2.418s] -- Up-to-date symlink: /home/kate/robot_ws/install/my_bot/share/ament_index/resource_index/package_run_dependencies/my_bot
[2.425s] -- Up-to-date symlink: /home/kate/robot_ws/install/my_bot/share/ament_index/resource_index/parent_prefix_path/my_bot
[2.437s] -- Up-to-date symlink: /home/kate/robot_ws/install/my_bot/share/my_bot/environment/ament_prefix_path.sh
[2.438s] -- Up-to-date symlink: /home/kate/robot_ws/install/my_bot/share/my_bot/environment/ament_prefix_path.dsv
[2.440s] -- Up-to-date symlink: /home/kate/robot_ws/install/my_bot/share/my_bot/environment/path.sh
[2.440s] -- Up-to-date symlink: /home/kate/robot_ws/install/my_bot/share/my_bot/environment/path.dsv
[2.441s] -- Up-to-date symlink: /home/kate/robot_ws/install/my_bot/share/my_bot/local_setup.bash
[2.452s] -- Up-to-date symlink: /home/kate/robot_ws/install/my_bot/share/my_bot/local_setup.sh
[2.453s] -- Up-to-date symlink: /home/kate/robot_ws/install/my_bot/share/my_bot/local_setup.zsh
[2.453s] -- Up-to-date symlink: /home/kate/robot_ws/install/my_bot/share/my_bot/local_setup.dsv
[2.454s] -- Symlinking: /home/kate/robot_ws/install/my_bot/share/my_bot/package.dsv
[2.495s] -- Up-to-date symlink: /home/kate/robot_ws/install/my_bot/share/ament_index/resource_index/packages/my_bot
[2.496s] -- Up-to-date symlink: /home/kate/robot_ws/install/my_bot/share/my_bot/cmake/my_botConfig.cmake
[2.497s] -- Up-to-date symlink: /home/kate/robot_ws/install/my_bot/share/my_bot/cmake/my_botConfig-version.cmake
[2.498s] -- Up-to-date symlink: /home/kate/robot_ws/install/my_bot/share/my_bot/package.xml
[2.512s] Invoked command in '/home/kate/robot_ws/build/my_bot' returned '0': CMAKE_PREFIX_PATH=/home/kate/ros_workspaces/ros2_ws/install/arduino_serial_node:/opt/ros/humble /usr/bin/cmake --install /home/kate/robot_ws/build/my_bot
