[0.860s] DEBUG:colcon:Command line arguments: ['/usr/bin/colcon', 'build', '--symlink-install']
[0.861s] DEBUG:colcon:Parsed command line arguments: Namespace(log_base=None, log_level=None, verb_name='build', build_base='build', install_base='install', merge_install=False, symlink_install=True, test_result_base=None, continue_on_error=False, executor='parallel', parallel_workers=4, event_handlers=None, ignore_user_meta=False, metas=['./colcon.meta'], base_paths=['.'], packages_ignore=None, packages_ignore_regex=None, paths=None, packages_up_to=None, packages_up_to_regex=None, packages_above=None, packages_above_and_dependencies=None, packages_above_depth=None, packages_select_by_dep=None, packages_skip_by_dep=None, packages_skip_up_to=None, packages_select_build_failed=False, packages_skip_build_finished=False, packages_select_test_failures=False, packages_skip_test_passed=False, packages_select=None, packages_skip=None, packages_select_regex=None, packages_skip_regex=None, packages_start=None, packages_end=None, allow_overriding=[], cmake_args=None, cmake_target=None, cmake_target_skip_unavailable=False, cmake_clean_cache=False, cmake_clean_first=False, cmake_force_configure=False, ament_cmake_args=None, catkin_cmake_args=None, catkin_skip_building_tests=False, mixin_files=None, mixin=None, verb_parser=<colcon_mixin.mixin.mixin_argument.MixinArgumentDecorator object at 0xffff910de2f0>, verb_extension=<colcon_core.verb.build.BuildVerb object at 0xffff912972e0>, main=<bound method BuildVerb.main of <colcon_core.verb.build.BuildVerb object at 0xffff912972e0>>, mixin_verb=('build',))
[2.484s] Level 1:colcon.colcon_core.package_discovery:discover_packages(colcon_meta) check parameters
[2.486s] Level 1:colcon.colcon_core.package_discovery:discover_packages(recursive) check parameters
[2.486s] Level 1:colcon.colcon_core.package_discovery:discover_packages(ignore) check parameters
[2.487s] Level 1:colcon.colcon_core.package_discovery:discover_packages(path) check parameters
[2.487s] Level 1:colcon.colcon_core.package_discovery:discover_packages(colcon_meta) discover
[2.488s] Level 1:colcon.colcon_core.package_discovery:discover_packages(recursive) discover
[2.489s] INFO:colcon.colcon_core.package_discovery:Crawling recursively for packages in '/home/kate/robot_ws'
[2.490s] Level 1:colcon.colcon_core.package_identification:_identify(.) by extensions ['ignore', 'ignore_ament_install']
[2.492s] Level 1:colcon.colcon_core.package_identification:_identify(.) by extension 'ignore'
[2.492s] Level 1:colcon.colcon_core.package_identification:_identify(.) by extension 'ignore_ament_install'
[2.493s] Level 1:colcon.colcon_core.package_identification:_identify(.) by extensions ['colcon_pkg']
[2.494s] Level 1:colcon.colcon_core.package_identification:_identify(.) by extension 'colcon_pkg'
[2.495s] Level 1:colcon.colcon_core.package_identification:_identify(.) by extensions ['colcon_meta']
[2.495s] Level 1:colcon.colcon_core.package_identification:_identify(.) by extension 'colcon_meta'
[2.496s] Level 1:colcon.colcon_core.package_identification:_identify(.) by extensions ['ros']
[2.497s] Level 1:colcon.colcon_core.package_identification:_identify(.) by extension 'ros'
[2.567s] Level 1:colcon.colcon_core.package_identification:_identify(.) by extensions ['cmake', 'python']
[2.568s] Level 1:colcon.colcon_core.package_identification:_identify(.) by extension 'cmake'
[2.568s] Level 1:colcon.colcon_core.package_identification:_identify(.) by extension 'python'
[2.569s] Level 1:colcon.colcon_core.package_identification:_identify(.) by extensions ['python_setup_py']
[2.569s] Level 1:colcon.colcon_core.package_identification:_identify(.) by extension 'python_setup_py'
[2.570s] Level 1:colcon.colcon_core.package_identification:_identify(build) by extensions ['ignore', 'ignore_ament_install']
[2.571s] Level 1:colcon.colcon_core.package_identification:_identify(build) by extension 'ignore'
[2.571s] Level 1:colcon.colcon_core.package_identification:_identify(build) ignored
[2.572s] Level 1:colcon.colcon_core.package_identification:_identify(install) by extensions ['ignore', 'ignore_ament_install']
[2.573s] Level 1:colcon.colcon_core.package_identification:_identify(install) by extension 'ignore'
[2.574s] Level 1:colcon.colcon_core.package_identification:_identify(install) ignored
[2.575s] Level 1:colcon.colcon_core.package_identification:_identify(log) by extensions ['ignore', 'ignore_ament_install']
[2.576s] Level 1:colcon.colcon_core.package_identification:_identify(log) by extension 'ignore'
[2.576s] Level 1:colcon.colcon_core.package_identification:_identify(log) ignored
[2.577s] Level 1:colcon.colcon_core.package_identification:_identify(src) by extensions ['ignore', 'ignore_ament_install']
[2.578s] Level 1:colcon.colcon_core.package_identification:_identify(src) by extension 'ignore'
[2.578s] Level 1:colcon.colcon_core.package_identification:_identify(src) by extension 'ignore_ament_install'
[2.579s] Level 1:colcon.colcon_core.package_identification:_identify(src) by extensions ['colcon_pkg']
[2.579s] Level 1:colcon.colcon_core.package_identification:_identify(src) by extension 'colcon_pkg'
[2.580s] Level 1:colcon.colcon_core.package_identification:_identify(src) by extensions ['colcon_meta']
[2.580s] Level 1:colcon.colcon_core.package_identification:_identify(src) by extension 'colcon_meta'
[2.580s] Level 1:colcon.colcon_core.package_identification:_identify(src) by extensions ['ros']
[2.581s] Level 1:colcon.colcon_core.package_identification:_identify(src) by extension 'ros'
[2.581s] Level 1:colcon.colcon_core.package_identification:_identify(src) by extensions ['cmake', 'python']
[2.582s] Level 1:colcon.colcon_core.package_identification:_identify(src) by extension 'cmake'
[2.582s] Level 1:colcon.colcon_core.package_identification:_identify(src) by extension 'python'
[2.582s] Level 1:colcon.colcon_core.package_identification:_identify(src) by extensions ['python_setup_py']
[2.583s] Level 1:colcon.colcon_core.package_identification:_identify(src) by extension 'python_setup_py'
[2.584s] Level 1:colcon.colcon_core.package_identification:_identify(src/my_bot) by extensions ['ignore', 'ignore_ament_install']
[2.585s] Level 1:colcon.colcon_core.package_identification:_identify(src/my_bot) by extension 'ignore'
[2.586s] Level 1:colcon.colcon_core.package_identification:_identify(src/my_bot) by extension 'ignore_ament_install'
[2.586s] Level 1:colcon.colcon_core.package_identification:_identify(src/my_bot) by extensions ['colcon_pkg']
[2.586s] Level 1:colcon.colcon_core.package_identification:_identify(src/my_bot) by extension 'colcon_pkg'
[2.587s] Level 1:colcon.colcon_core.package_identification:_identify(src/my_bot) by extensions ['colcon_meta']
[2.587s] Level 1:colcon.colcon_core.package_identification:_identify(src/my_bot) by extension 'colcon_meta'
[2.587s] Level 1:colcon.colcon_core.package_identification:_identify(src/my_bot) by extensions ['ros']
[2.588s] Level 1:colcon.colcon_core.package_identification:_identify(src/my_bot) by extension 'ros'
[2.603s] DEBUG:colcon.colcon_core.package_identification:Package 'src/my_bot' with type 'ros.ament_cmake' and name 'my_bot'
[2.605s] Level 1:colcon.colcon_core.package_identification:_identify(src/rplidar_ros) by extensions ['ignore', 'ignore_ament_install']
[2.606s] Level 1:colcon.colcon_core.package_identification:_identify(src/rplidar_ros) by extension 'ignore'
[2.607s] Level 1:colcon.colcon_core.package_identification:_identify(src/rplidar_ros) by extension 'ignore_ament_install'
[2.608s] Level 1:colcon.colcon_core.package_identification:_identify(src/rplidar_ros) by extensions ['colcon_pkg']
[2.609s] Level 1:colcon.colcon_core.package_identification:_identify(src/rplidar_ros) by extension 'colcon_pkg'
[2.610s] Level 1:colcon.colcon_core.package_identification:_identify(src/rplidar_ros) by extensions ['colcon_meta']
[2.611s] Level 1:colcon.colcon_core.package_identification:_identify(src/rplidar_ros) by extension 'colcon_meta'
[2.612s] Level 1:colcon.colcon_core.package_identification:_identify(src/rplidar_ros) by extensions ['ros']
[2.613s] Level 1:colcon.colcon_core.package_identification:_identify(src/rplidar_ros) by extension 'ros'
[2.617s] DEBUG:colcon.colcon_core.package_identification:Package 'src/rplidar_ros' with type 'ros.ament_cmake' and name 'rplidar_ros'
[2.618s] Level 1:colcon.colcon_core.package_discovery:discover_packages(recursive) using defaults
[2.619s] Level 1:colcon.colcon_core.package_discovery:discover_packages(ignore) discover
[2.620s] Level 1:colcon.colcon_core.package_discovery:discover_packages(ignore) using defaults
[2.620s] Level 1:colcon.colcon_core.package_discovery:discover_packages(path) discover
[2.621s] Level 1:colcon.colcon_core.package_discovery:discover_packages(path) using defaults
[2.804s] Level 1:colcon.colcon_core.package_discovery:discover_packages(prefix_path) check parameters
[2.805s] Level 1:colcon.colcon_core.package_discovery:discover_packages(prefix_path) discover
[2.824s] DEBUG:colcon.colcon_installed_package_information.package_discovery:Found 2 installed packages in /home/kate/robot_ws/install
[2.827s] DEBUG:colcon.colcon_installed_package_information.package_discovery:Found 1 installed packages in /home/kate/ros_workspaces/ros2_ws/install
[2.840s] DEBUG:colcon.colcon_installed_package_information.package_discovery:Found 327 installed packages in /opt/ros/humble
[2.848s] Level 1:colcon.colcon_core.package_discovery:discover_packages(prefix_path) using defaults
[3.206s] Level 5:colcon.colcon_core.verb:set package 'my_bot' build argument 'cmake_args' from command line to 'None'
[3.207s] Level 5:colcon.colcon_core.verb:set package 'my_bot' build argument 'cmake_target' from command line to 'None'
[3.208s] Level 5:colcon.colcon_core.verb:set package 'my_bot' build argument 'cmake_target_skip_unavailable' from command line to 'False'
[3.208s] Level 5:colcon.colcon_core.verb:set package 'my_bot' build argument 'cmake_clean_cache' from command line to 'False'
[3.209s] Level 5:colcon.colcon_core.verb:set package 'my_bot' build argument 'cmake_clean_first' from command line to 'False'
[3.210s] Level 5:colcon.colcon_core.verb:set package 'my_bot' build argument 'cmake_force_configure' from command line to 'False'
[3.211s] Level 5:colcon.colcon_core.verb:set package 'my_bot' build argument 'ament_cmake_args' from command line to 'None'
[3.212s] Level 5:colcon.colcon_core.verb:set package 'my_bot' build argument 'catkin_cmake_args' from command line to 'None'
[3.212s] Level 5:colcon.colcon_core.verb:set package 'my_bot' build argument 'catkin_skip_building_tests' from command line to 'False'
[3.213s] DEBUG:colcon.colcon_core.verb:Building package 'my_bot' with the following arguments: {'ament_cmake_args': None, 'build_base': '/home/kate/robot_ws/build/my_bot', 'catkin_cmake_args': None, 'catkin_skip_building_tests': False, 'cmake_args': None, 'cmake_clean_cache': False, 'cmake_clean_first': False, 'cmake_force_configure': False, 'cmake_target': None, 'cmake_target_skip_unavailable': False, 'install_base': '/home/kate/robot_ws/install/my_bot', 'merge_install': False, 'path': '/home/kate/robot_ws/src/my_bot', 'symlink_install': True, 'test_result_base': None}
[3.216s] Level 5:colcon.colcon_core.verb:set package 'rplidar_ros' build argument 'cmake_args' from command line to 'None'
[3.216s] Level 5:colcon.colcon_core.verb:set package 'rplidar_ros' build argument 'cmake_target' from command line to 'None'
[3.217s] Level 5:colcon.colcon_core.verb:set package 'rplidar_ros' build argument 'cmake_target_skip_unavailable' from command line to 'False'
[3.218s] Level 5:colcon.colcon_core.verb:set package 'rplidar_ros' build argument 'cmake_clean_cache' from command line to 'False'
[3.218s] Level 5:colcon.colcon_core.verb:set package 'rplidar_ros' build argument 'cmake_clean_first' from command line to 'False'
[3.219s] Level 5:colcon.colcon_core.verb:set package 'rplidar_ros' build argument 'cmake_force_configure' from command line to 'False'
[3.220s] Level 5:colcon.colcon_core.verb:set package 'rplidar_ros' build argument 'ament_cmake_args' from command line to 'None'
[3.220s] Level 5:colcon.colcon_core.verb:set package 'rplidar_ros' build argument 'catkin_cmake_args' from command line to 'None'
[3.221s] Level 5:colcon.colcon_core.verb:set package 'rplidar_ros' build argument 'catkin_skip_building_tests' from command line to 'False'
[3.221s] DEBUG:colcon.colcon_core.verb:Building package 'rplidar_ros' with the following arguments: {'ament_cmake_args': None, 'build_base': '/home/kate/robot_ws/build/rplidar_ros', 'catkin_cmake_args': None, 'catkin_skip_building_tests': False, 'cmake_args': None, 'cmake_clean_cache': False, 'cmake_clean_first': False, 'cmake_force_configure': False, 'cmake_target': None, 'cmake_target_skip_unavailable': False, 'install_base': '/home/kate/robot_ws/install/rplidar_ros', 'merge_install': False, 'path': '/home/kate/robot_ws/src/rplidar_ros', 'symlink_install': True, 'test_result_base': None}
[3.223s] INFO:colcon.colcon_core.executor:Executing jobs using 'parallel' executor
[3.228s] DEBUG:colcon.colcon_parallel_executor.executor.parallel:run_until_complete
[3.230s] INFO:colcon.colcon_ros.task.ament_cmake.build:Building ROS package in '/home/kate/robot_ws/src/my_bot' with build type 'ament_cmake'
[3.232s] INFO:colcon.colcon_cmake.task.cmake.build:Building CMake package in '/home/kate/robot_ws/src/my_bot'
[3.251s] INFO:colcon.colcon_core.plugin_system:Skipping extension 'colcon_core.shell.bat': Not used on non-Windows systems
[3.253s] INFO:colcon.colcon_core.shell:Skip shell extension 'powershell' for command environment: Not usable outside of PowerShell
[3.254s] DEBUG:colcon.colcon_core.shell:Skip shell extension 'dsv' for command environment
[3.285s] INFO:colcon.colcon_ros.task.ament_cmake.build:Building ROS package in '/home/kate/robot_ws/src/rplidar_ros' with build type 'ament_cmake'
[3.286s] INFO:colcon.colcon_cmake.task.cmake.build:Building CMake package in '/home/kate/robot_ws/src/rplidar_ros'
[3.288s] INFO:colcon.colcon_core.shell:Skip shell extension 'powershell' for command environment: Not usable outside of PowerShell
[3.289s] DEBUG:colcon.colcon_core.shell:Skip shell extension 'dsv' for command environment
[3.360s] DEBUG:colcon.colcon_core.event_handler.log_command:Invoking command in '/home/kate/robot_ws/build/my_bot': CMAKE_PREFIX_PATH=${CMAKE_PREFIX_PATH}:/home/kate/ros_workspaces/ros2_ws/install/arduino_serial_node:/opt/ros/humble /usr/bin/cmake --build /home/kate/robot_ws/build/my_bot -- -j4 -l4
[3.421s] DEBUG:colcon.colcon_core.event_handler.log_command:Invoking command in '/home/kate/robot_ws/build/rplidar_ros': CMAKE_PREFIX_PATH=${CMAKE_PREFIX_PATH}:/home/kate/ros_workspaces/ros2_ws/install/arduino_serial_node:/opt/ros/humble /usr/bin/cmake --build /home/kate/robot_ws/build/rplidar_ros -- -j4 -l4
[3.616s] DEBUG:colcon.colcon_core.event_handler.log_command:Invoked command in '/home/kate/robot_ws/build/my_bot' returned '0': CMAKE_PREFIX_PATH=${CMAKE_PREFIX_PATH}:/home/kate/ros_workspaces/ros2_ws/install/arduino_serial_node:/opt/ros/humble /usr/bin/cmake --build /home/kate/robot_ws/build/my_bot -- -j4 -l4
[3.688s] DEBUG:colcon.colcon_core.event_handler.log_command:Invoking command in '/home/kate/robot_ws/build/my_bot': CMAKE_PREFIX_PATH=${CMAKE_PREFIX_PATH}:/home/kate/ros_workspaces/ros2_ws/install/arduino_serial_node:/opt/ros/humble /usr/bin/cmake --install /home/kate/robot_ws/build/my_bot
[3.867s] Level 1:colcon.colcon_core.environment:create_environment_scripts_only(my_bot)
[3.881s] DEBUG:colcon.colcon_core.event_handler.log_command:Invoked command in '/home/kate/robot_ws/build/my_bot' returned '0': CMAKE_PREFIX_PATH=${CMAKE_PREFIX_PATH}:/home/kate/ros_workspaces/ros2_ws/install/arduino_serial_node:/opt/ros/humble /usr/bin/cmake --install /home/kate/robot_ws/build/my_bot
[3.887s] Level 1:colcon.colcon_core.environment:checking '/home/kate/robot_ws/install/my_bot' for CMake module files
[3.891s] Level 1:colcon.colcon_core.environment:checking '/home/kate/robot_ws/install/my_bot' for CMake config files
[3.895s] Level 1:colcon.colcon_core.shell:create_environment_hook('my_bot', 'cmake_prefix_path')
[3.897s] INFO:colcon.colcon_core.shell:Creating environment hook '/home/kate/robot_ws/install/my_bot/share/my_bot/hook/cmake_prefix_path.ps1'
[3.902s] INFO:colcon.colcon_core.shell:Creating environment descriptor '/home/kate/robot_ws/install/my_bot/share/my_bot/hook/cmake_prefix_path.dsv'
[3.905s] INFO:colcon.colcon_core.shell:Creating environment hook '/home/kate/robot_ws/install/my_bot/share/my_bot/hook/cmake_prefix_path.sh'
[3.911s] Level 1:colcon.colcon_core.environment:checking '/home/kate/robot_ws/install/my_bot/lib'
[3.913s] Level 1:colcon.colcon_core.environment:checking '/home/kate/robot_ws/install/my_bot/bin'
[3.913s] Level 1:colcon.colcon_core.environment:checking '/home/kate/robot_ws/install/my_bot/lib/pkgconfig/my_bot.pc'
[3.915s] Level 1:colcon.colcon_core.environment:checking '/home/kate/robot_ws/install/my_bot/lib/python3.10/site-packages'
[3.917s] Level 1:colcon.colcon_core.environment:checking '/home/kate/robot_ws/install/my_bot/bin'
[3.919s] INFO:colcon.colcon_core.shell:Creating package script '/home/kate/robot_ws/install/my_bot/share/my_bot/package.ps1'
[3.924s] INFO:colcon.colcon_core.shell:Creating package descriptor '/home/kate/robot_ws/install/my_bot/share/my_bot/package.dsv'
[3.928s] INFO:colcon.colcon_core.shell:Creating package script '/home/kate/robot_ws/install/my_bot/share/my_bot/package.sh'
[3.934s] INFO:colcon.colcon_core.shell:Creating package script '/home/kate/robot_ws/install/my_bot/share/my_bot/package.bash'
[3.940s] INFO:colcon.colcon_core.shell:Creating package script '/home/kate/robot_ws/install/my_bot/share/my_bot/package.zsh'
[3.945s] Level 1:colcon.colcon_core.environment:create_file_with_runtime_dependencies(/home/kate/robot_ws/install/my_bot/share/colcon-core/packages/my_bot)
[3.949s] Level 1:colcon.colcon_core.environment:create_environment_scripts_only(my_bot)
[3.951s] Level 1:colcon.colcon_core.environment:checking '/home/kate/robot_ws/install/my_bot' for CMake module files
[3.960s] Level 1:colcon.colcon_core.environment:checking '/home/kate/robot_ws/install/my_bot' for CMake config files
[3.965s] Level 1:colcon.colcon_core.shell:create_environment_hook('my_bot', 'cmake_prefix_path')
[3.967s] INFO:colcon.colcon_core.shell:Creating environment hook '/home/kate/robot_ws/install/my_bot/share/my_bot/hook/cmake_prefix_path.ps1'
[3.971s] INFO:colcon.colcon_core.shell:Creating environment descriptor '/home/kate/robot_ws/install/my_bot/share/my_bot/hook/cmake_prefix_path.dsv'
[3.975s] INFO:colcon.colcon_core.shell:Creating environment hook '/home/kate/robot_ws/install/my_bot/share/my_bot/hook/cmake_prefix_path.sh'
[3.981s] Level 1:colcon.colcon_core.environment:checking '/home/kate/robot_ws/install/my_bot/lib'
[3.983s] Level 1:colcon.colcon_core.environment:checking '/home/kate/robot_ws/install/my_bot/bin'
[3.984s] Level 1:colcon.colcon_core.environment:checking '/home/kate/robot_ws/install/my_bot/lib/pkgconfig/my_bot.pc'
[3.989s] Level 1:colcon.colcon_core.environment:checking '/home/kate/robot_ws/install/my_bot/lib/python3.10/site-packages'
[3.991s] Level 1:colcon.colcon_core.environment:checking '/home/kate/robot_ws/install/my_bot/bin'
[3.993s] INFO:colcon.colcon_core.shell:Creating package script '/home/kate/robot_ws/install/my_bot/share/my_bot/package.ps1'
[3.998s] INFO:colcon.colcon_core.shell:Creating package descriptor '/home/kate/robot_ws/install/my_bot/share/my_bot/package.dsv'
[4.003s] INFO:colcon.colcon_core.shell:Creating package script '/home/kate/robot_ws/install/my_bot/share/my_bot/package.sh'
[4.010s] INFO:colcon.colcon_core.shell:Creating package script '/home/kate/robot_ws/install/my_bot/share/my_bot/package.bash'
[4.014s] INFO:colcon.colcon_core.shell:Creating package script '/home/kate/robot_ws/install/my_bot/share/my_bot/package.zsh'
[4.018s] Level 1:colcon.colcon_core.environment:create_file_with_runtime_dependencies(/home/kate/robot_ws/install/my_bot/share/colcon-core/packages/my_bot)
[4.443s] DEBUG:colcon.colcon_core.event_handler.log_command:Invoked command in '/home/kate/robot_ws/build/rplidar_ros' returned '0': CMAKE_PREFIX_PATH=${CMAKE_PREFIX_PATH}:/home/kate/ros_workspaces/ros2_ws/install/arduino_serial_node:/opt/ros/humble /usr/bin/cmake --build /home/kate/robot_ws/build/rplidar_ros -- -j4 -l4
[4.446s] DEBUG:colcon.colcon_core.event_handler.log_command:Invoking command in '/home/kate/robot_ws/build/rplidar_ros': CMAKE_PREFIX_PATH=${CMAKE_PREFIX_PATH}:/home/kate/ros_workspaces/ros2_ws/install/arduino_serial_node:/opt/ros/humble /usr/bin/cmake --install /home/kate/robot_ws/build/rplidar_ros
[4.650s] Level 1:colcon.colcon_core.environment:create_environment_scripts_only(rplidar_ros)
[4.651s] Level 1:colcon.colcon_core.environment:checking '/home/kate/robot_ws/install/rplidar_ros' for CMake module files
[4.655s] Level 1:colcon.colcon_core.environment:checking '/home/kate/robot_ws/install/rplidar_ros' for CMake config files
[4.661s] DEBUG:colcon.colcon_core.event_handler.log_command:Invoked command in '/home/kate/robot_ws/build/rplidar_ros' returned '0': CMAKE_PREFIX_PATH=${CMAKE_PREFIX_PATH}:/home/kate/ros_workspaces/ros2_ws/install/arduino_serial_node:/opt/ros/humble /usr/bin/cmake --install /home/kate/robot_ws/build/rplidar_ros
[4.662s] Level 1:colcon.colcon_core.shell:create_environment_hook('rplidar_ros', 'cmake_prefix_path')
[4.664s] INFO:colcon.colcon_core.shell:Creating environment hook '/home/kate/robot_ws/install/rplidar_ros/share/rplidar_ros/hook/cmake_prefix_path.ps1'
[4.670s] INFO:colcon.colcon_core.shell:Creating environment descriptor '/home/kate/robot_ws/install/rplidar_ros/share/rplidar_ros/hook/cmake_prefix_path.dsv'
[4.675s] INFO:colcon.colcon_core.shell:Creating environment hook '/home/kate/robot_ws/install/rplidar_ros/share/rplidar_ros/hook/cmake_prefix_path.sh'
[4.679s] Level 1:colcon.colcon_core.environment:checking '/home/kate/robot_ws/install/rplidar_ros/lib'
[4.680s] Level 1:colcon.colcon_core.environment:checking '/home/kate/robot_ws/install/rplidar_ros/bin'
[4.680s] Level 1:colcon.colcon_core.environment:checking '/home/kate/robot_ws/install/rplidar_ros/lib/pkgconfig/rplidar_ros.pc'
[4.681s] Level 1:colcon.colcon_core.environment:checking '/home/kate/robot_ws/install/rplidar_ros/lib/python3.10/site-packages'
[4.685s] Level 1:colcon.colcon_core.environment:checking '/home/kate/robot_ws/install/rplidar_ros/bin'
[4.687s] INFO:colcon.colcon_core.shell:Creating package script '/home/kate/robot_ws/install/rplidar_ros/share/rplidar_ros/package.ps1'
[4.691s] INFO:colcon.colcon_core.shell:Creating package descriptor '/home/kate/robot_ws/install/rplidar_ros/share/rplidar_ros/package.dsv'
[4.695s] INFO:colcon.colcon_core.shell:Creating package script '/home/kate/robot_ws/install/rplidar_ros/share/rplidar_ros/package.sh'
[4.699s] INFO:colcon.colcon_core.shell:Creating package script '/home/kate/robot_ws/install/rplidar_ros/share/rplidar_ros/package.bash'
[4.709s] INFO:colcon.colcon_core.shell:Creating package script '/home/kate/robot_ws/install/rplidar_ros/share/rplidar_ros/package.zsh'
[4.712s] Level 1:colcon.colcon_core.environment:create_file_with_runtime_dependencies(/home/kate/robot_ws/install/rplidar_ros/share/colcon-core/packages/rplidar_ros)
[4.717s] Level 1:colcon.colcon_core.environment:create_environment_scripts_only(rplidar_ros)
[4.719s] Level 1:colcon.colcon_core.environment:checking '/home/kate/robot_ws/install/rplidar_ros' for CMake module files
[4.725s] Level 1:colcon.colcon_core.environment:checking '/home/kate/robot_ws/install/rplidar_ros' for CMake config files
[4.730s] Level 1:colcon.colcon_core.shell:create_environment_hook('rplidar_ros', 'cmake_prefix_path')
[4.731s] INFO:colcon.colcon_core.shell:Creating environment hook '/home/kate/robot_ws/install/rplidar_ros/share/rplidar_ros/hook/cmake_prefix_path.ps1'
[4.737s] INFO:colcon.colcon_core.shell:Creating environment descriptor '/home/kate/robot_ws/install/rplidar_ros/share/rplidar_ros/hook/cmake_prefix_path.dsv'
[4.742s] INFO:colcon.colcon_core.shell:Creating environment hook '/home/kate/robot_ws/install/rplidar_ros/share/rplidar_ros/hook/cmake_prefix_path.sh'
[4.748s] Level 1:colcon.colcon_core.environment:checking '/home/kate/robot_ws/install/rplidar_ros/lib'
[4.748s] Level 1:colcon.colcon_core.environment:checking '/home/kate/robot_ws/install/rplidar_ros/bin'
[4.749s] Level 1:colcon.colcon_core.environment:checking '/home/kate/robot_ws/install/rplidar_ros/lib/pkgconfig/rplidar_ros.pc'
[4.750s] Level 1:colcon.colcon_core.environment:checking '/home/kate/robot_ws/install/rplidar_ros/lib/python3.10/site-packages'
[4.753s] Level 1:colcon.colcon_core.environment:checking '/home/kate/robot_ws/install/rplidar_ros/bin'
[4.756s] INFO:colcon.colcon_core.shell:Creating package script '/home/kate/robot_ws/install/rplidar_ros/share/rplidar_ros/package.ps1'
[4.760s] INFO:colcon.colcon_core.shell:Creating package descriptor '/home/kate/robot_ws/install/rplidar_ros/share/rplidar_ros/package.dsv'
[4.764s] INFO:colcon.colcon_core.shell:Creating package script '/home/kate/robot_ws/install/rplidar_ros/share/rplidar_ros/package.sh'
[4.767s] INFO:colcon.colcon_core.shell:Creating package script '/home/kate/robot_ws/install/rplidar_ros/share/rplidar_ros/package.bash'
[4.773s] INFO:colcon.colcon_core.shell:Creating package script '/home/kate/robot_ws/install/rplidar_ros/share/rplidar_ros/package.zsh'
[4.778s] Level 1:colcon.colcon_core.environment:create_file_with_runtime_dependencies(/home/kate/robot_ws/install/rplidar_ros/share/colcon-core/packages/rplidar_ros)
[4.784s] DEBUG:colcon.colcon_parallel_executor.executor.parallel:closing loop
[4.786s] DEBUG:colcon.colcon_parallel_executor.executor.parallel:loop closed
[4.787s] DEBUG:colcon.colcon_parallel_executor.executor.parallel:run_until_complete finished with '0'
[4.788s] DEBUG:colcon.colcon_core.event_reactor:joining thread
[4.819s] INFO:colcon.colcon_core.plugin_system:Skipping extension 'colcon_notification.desktop_notification.terminal_notifier': Not used on non-Darwin systems
[4.820s] INFO:colcon.colcon_core.plugin_system:Skipping extension 'colcon_notification.desktop_notification.win32': Not used on non-Windows systems
[4.820s] INFO:colcon.colcon_notification.desktop_notification:Sending desktop notification using 'notify2'
[4.848s] DEBUG:colcon.colcon_core.event_reactor:joined thread
[4.850s] INFO:colcon.colcon_core.shell:Creating prefix script '/home/kate/robot_ws/install/local_setup.ps1'
[4.858s] INFO:colcon.colcon_core.shell:Creating prefix util module '/home/kate/robot_ws/install/_local_setup_util_ps1.py'
[4.868s] INFO:colcon.colcon_core.shell:Creating prefix chain script '/home/kate/robot_ws/install/setup.ps1'
[4.880s] INFO:colcon.colcon_core.shell:Creating prefix script '/home/kate/robot_ws/install/local_setup.sh'
[4.890s] INFO:colcon.colcon_core.shell:Creating prefix util module '/home/kate/robot_ws/install/_local_setup_util_sh.py'
[4.897s] INFO:colcon.colcon_core.shell:Creating prefix chain script '/home/kate/robot_ws/install/setup.sh'
[4.907s] INFO:colcon.colcon_core.shell:Creating prefix script '/home/kate/robot_ws/install/local_setup.bash'
[4.910s] INFO:colcon.colcon_core.shell:Creating prefix chain script '/home/kate/robot_ws/install/setup.bash'
[4.922s] INFO:colcon.colcon_core.shell:Creating prefix script '/home/kate/robot_ws/install/local_setup.zsh'
[4.928s] INFO:colcon.colcon_core.shell:Creating prefix chain script '/home/kate/robot_ws/install/setup.zsh'
