[0.076s] Invoking command in '/home/kate/robot_ws/build/my_bot': CMAKE_PREFIX_PATH=${CMAKE_PREFIX_PATH}:/home/kate/ros_workspaces/ros2_ws/install/arduino_serial_node:/opt/ros/humble /usr/bin/cmake --build /home/kate/robot_ws/build/my_bot -- -j4 -l4
[0.248s] Invoked command in '/home/kate/robot_ws/build/my_bot' returned '0': CMAKE_PREFIX_PATH=${CMAKE_PREFIX_PATH}:/home/kate/ros_workspaces/ros2_ws/install/arduino_serial_node:/opt/ros/humble /usr/bin/cmake --build /home/kate/robot_ws/build/my_bot -- -j4 -l4
[0.292s] Invoking command in '/home/kate/robot_ws/build/my_bot': CMAKE_PREFIX_PATH=${CMAKE_PREFIX_PATH}:/home/kate/ros_workspaces/ros2_ws/install/arduino_serial_node:/opt/ros/humble /usr/bin/cmake --install /home/kate/robot_ws/build/my_bot
[0.338s] -- Install configuration: "Release"
[0.341s] -- Execute custom install script
[0.343s] -- Up-to-date symlink: /home/kate/robot_ws/install/my_bot/lib/my_bot/odom_node.py
[0.343s] -- Up-to-date symlink: /home/kate/robot_ws/install/my_bot/lib/my_bot/arduino_serial.py
[0.344s] -- Up-to-date symlink: /home/kate/robot_ws/install/my_bot/lib/my_bot/imu_parser.py
[0.347s] -- Up-to-date symlink: /home/kate/robot_ws/install/my_bot/lib/my_bot/env_parser.py
[0.347s] -- Up-to-date symlink: /home/kate/robot_ws/install/my_bot/lib/my_bot/drive_bridge.py
[0.348s] -- Up-to-date symlink: /home/kate/robot_ws/install/my_bot/share/ament_index/resource_index/package_run_dependencies/my_bot
[0.352s] -- Up-to-date symlink: /home/kate/robot_ws/install/my_bot/share/ament_index/resource_index/parent_prefix_path/my_bot
[0.353s] -- Up-to-date symlink: /home/kate/robot_ws/install/my_bot/share/my_bot/environment/ament_prefix_path.sh
[0.363s] -- Up-to-date symlink: /home/kate/robot_ws/install/my_bot/share/my_bot/environment/ament_prefix_path.dsv
[0.365s] -- Up-to-date symlink: /home/kate/robot_ws/install/my_bot/share/my_bot/environment/path.sh
[0.366s] -- Up-to-date symlink: /home/kate/robot_ws/install/my_bot/share/my_bot/environment/path.dsv
[0.366s] -- Up-to-date symlink: /home/kate/robot_ws/install/my_bot/share/my_bot/local_setup.bash
[0.395s] -- Up-to-date symlink: /home/kate/robot_ws/install/my_bot/share/my_bot/local_setup.sh
[0.395s] -- Up-to-date symlink: /home/kate/robot_ws/install/my_bot/share/my_bot/local_setup.zsh
[0.401s] -- Up-to-date symlink: /home/kate/robot_ws/install/my_bot/share/my_bot/local_setup.dsv
[0.401s] -- Symlinking: /home/kate/robot_ws/install/my_bot/share/my_bot/package.dsv
[0.435s] -- Up-to-date symlink: /home/kate/robot_ws/install/my_bot/share/ament_index/resource_index/packages/my_bot
[0.436s] -- Up-to-date symlink: /home/kate/robot_ws/install/my_bot/share/my_bot/cmake/my_botConfig.cmake
[0.437s] -- Up-to-date symlink: /home/kate/robot_ws/install/my_bot/share/my_bot/cmake/my_botConfig-version.cmake
[0.438s] -- Up-to-date symlink: /home/kate/robot_ws/install/my_bot/share/my_bot/package.xml
[0.449s] Invoked command in '/home/kate/robot_ws/build/my_bot' returned '0': CMAKE_PREFIX_PATH=${CMAKE_PREFIX_PATH}:/home/kate/ros_workspaces/ros2_ws/install/arduino_serial_node:/opt/ros/humble /usr/bin/cmake --install /home/kate/robot_ws/build/my_bot
