[1.068s] DEBUG:colcon:Command line arguments: ['/usr/bin/colcon', 'build', '--symlink-install']
[1.069s] DEBUG:colcon:Parsed command line arguments: Namespace(log_base=None, log_level=None, verb_name='build', build_base='build', install_base='install', merge_install=False, symlink_install=True, test_result_base=None, continue_on_error=False, executor='parallel', parallel_workers=4, event_handlers=None, ignore_user_meta=False, metas=['./colcon.meta'], base_paths=['.'], packages_ignore=None, packages_ignore_regex=None, paths=None, packages_up_to=None, packages_up_to_regex=None, packages_above=None, packages_above_and_dependencies=None, packages_above_depth=None, packages_select_by_dep=None, packages_skip_by_dep=None, packages_skip_up_to=None, packages_select_build_failed=False, packages_skip_build_finished=False, packages_select_test_failures=False, packages_skip_test_passed=False, packages_select=None, packages_skip=None, packages_select_regex=None, packages_skip_regex=None, packages_start=None, packages_end=None, allow_overriding=[], cmake_args=None, cmake_target=None, cmake_target_skip_unavailable=False, cmake_clean_cache=False, cmake_clean_first=False, cmake_force_configure=False, ament_cmake_args=None, catkin_cmake_args=None, catkin_skip_building_tests=False, mixin_files=None, mixin=None, verb_parser=<colcon_mixin.mixin.mixin_argument.MixinArgumentDecorator object at 0xffff8e4ee2f0>, verb_extension=<colcon_core.verb.build.BuildVerb object at 0xffff8e6a72e0>, main=<bound method BuildVerb.main of <colcon_core.verb.build.BuildVerb object at 0xffff8e6a72e0>>, mixin_verb=('build',))
[3.157s] Level 1:colcon.colcon_core.package_discovery:discover_packages(colcon_meta) check parameters
[3.159s] Level 1:colcon.colcon_core.package_discovery:discover_packages(recursive) check parameters
[3.160s] Level 1:colcon.colcon_core.package_discovery:discover_packages(ignore) check parameters
[3.161s] Level 1:colcon.colcon_core.package_discovery:discover_packages(path) check parameters
[3.162s] Level 1:colcon.colcon_core.package_discovery:discover_packages(colcon_meta) discover
[3.163s] Level 1:colcon.colcon_core.package_discovery:discover_packages(recursive) discover
[3.164s] INFO:colcon.colcon_core.package_discovery:Crawling recursively for packages in '/home/kate/robot_ws'
[3.166s] Level 1:colcon.colcon_core.package_identification:_identify(.) by extensions ['ignore', 'ignore_ament_install']
[3.169s] Level 1:colcon.colcon_core.package_identification:_identify(.) by extension 'ignore'
[3.170s] Level 1:colcon.colcon_core.package_identification:_identify(.) by extension 'ignore_ament_install'
[3.171s] Level 1:colcon.colcon_core.package_identification:_identify(.) by extensions ['colcon_pkg']
[3.172s] Level 1:colcon.colcon_core.package_identification:_identify(.) by extension 'colcon_pkg'
[3.173s] Level 1:colcon.colcon_core.package_identification:_identify(.) by extensions ['colcon_meta']
[3.174s] Level 1:colcon.colcon_core.package_identification:_identify(.) by extension 'colcon_meta'
[3.175s] Level 1:colcon.colcon_core.package_identification:_identify(.) by extensions ['ros']
[3.177s] Level 1:colcon.colcon_core.package_identification:_identify(.) by extension 'ros'
[3.251s] Level 1:colcon.colcon_core.package_identification:_identify(.) by extensions ['cmake', 'python']
[3.253s] Level 1:colcon.colcon_core.package_identification:_identify(.) by extension 'cmake'
[3.254s] Level 1:colcon.colcon_core.package_identification:_identify(.) by extension 'python'
[3.255s] Level 1:colcon.colcon_core.package_identification:_identify(.) by extensions ['python_setup_py']
[3.255s] Level 1:colcon.colcon_core.package_identification:_identify(.) by extension 'python_setup_py'
[3.257s] Level 1:colcon.colcon_core.package_identification:_identify(build) by extensions ['ignore', 'ignore_ament_install']
[3.258s] Level 1:colcon.colcon_core.package_identification:_identify(build) by extension 'ignore'
[3.259s] Level 1:colcon.colcon_core.package_identification:_identify(build) ignored
[3.262s] Level 1:colcon.colcon_core.package_identification:_identify(install) by extensions ['ignore', 'ignore_ament_install']
[3.263s] Level 1:colcon.colcon_core.package_identification:_identify(install) by extension 'ignore'
[3.265s] Level 1:colcon.colcon_core.package_identification:_identify(install) ignored
[3.266s] Level 1:colcon.colcon_core.package_identification:_identify(log) by extensions ['ignore', 'ignore_ament_install']
[3.268s] Level 1:colcon.colcon_core.package_identification:_identify(log) by extension 'ignore'
[3.269s] Level 1:colcon.colcon_core.package_identification:_identify(log) ignored
[3.271s] Level 1:colcon.colcon_core.package_identification:_identify(src) by extensions ['ignore', 'ignore_ament_install']
[3.272s] Level 1:colcon.colcon_core.package_identification:_identify(src) by extension 'ignore'
[3.273s] Level 1:colcon.colcon_core.package_identification:_identify(src) by extension 'ignore_ament_install'
[3.274s] Level 1:colcon.colcon_core.package_identification:_identify(src) by extensions ['colcon_pkg']
[3.275s] Level 1:colcon.colcon_core.package_identification:_identify(src) by extension 'colcon_pkg'
[3.277s] Level 1:colcon.colcon_core.package_identification:_identify(src) by extensions ['colcon_meta']
[3.278s] Level 1:colcon.colcon_core.package_identification:_identify(src) by extension 'colcon_meta'
[3.279s] Level 1:colcon.colcon_core.package_identification:_identify(src) by extensions ['ros']
[3.286s] Level 1:colcon.colcon_core.package_identification:_identify(src) by extension 'ros'
[3.287s] Level 1:colcon.colcon_core.package_identification:_identify(src) by extensions ['cmake', 'python']
[3.287s] Level 1:colcon.colcon_core.package_identification:_identify(src) by extension 'cmake'
[3.294s] Level 1:colcon.colcon_core.package_identification:_identify(src) by extension 'python'
[3.295s] Level 1:colcon.colcon_core.package_identification:_identify(src) by extensions ['python_setup_py']
[3.296s] Level 1:colcon.colcon_core.package_identification:_identify(src) by extension 'python_setup_py'
[3.297s] Level 1:colcon.colcon_core.package_identification:_identify(src/my_bot) by extensions ['ignore', 'ignore_ament_install']
[3.299s] Level 1:colcon.colcon_core.package_identification:_identify(src/my_bot) by extension 'ignore'
[3.300s] Level 1:colcon.colcon_core.package_identification:_identify(src/my_bot) by extension 'ignore_ament_install'
[3.301s] Level 1:colcon.colcon_core.package_identification:_identify(src/my_bot) by extensions ['colcon_pkg']
[3.302s] Level 1:colcon.colcon_core.package_identification:_identify(src/my_bot) by extension 'colcon_pkg'
[3.303s] Level 1:colcon.colcon_core.package_identification:_identify(src/my_bot) by extensions ['colcon_meta']
[3.304s] Level 1:colcon.colcon_core.package_identification:_identify(src/my_bot) by extension 'colcon_meta'
[3.306s] Level 1:colcon.colcon_core.package_identification:_identify(src/my_bot) by extensions ['ros']
[3.307s] Level 1:colcon.colcon_core.package_identification:_identify(src/my_bot) by extension 'ros'
[3.322s] DEBUG:colcon.colcon_core.package_identification:Package 'src/my_bot' with type 'ros.ament_cmake' and name 'my_bot'
[3.325s] Level 1:colcon.colcon_core.package_identification:_identify(src/rplidar_ros) by extensions ['ignore', 'ignore_ament_install']
[3.326s] Level 1:colcon.colcon_core.package_identification:_identify(src/rplidar_ros) by extension 'ignore'
[3.327s] Level 1:colcon.colcon_core.package_identification:_identify(src/rplidar_ros) by extension 'ignore_ament_install'
[3.328s] Level 1:colcon.colcon_core.package_identification:_identify(src/rplidar_ros) by extensions ['colcon_pkg']
[3.329s] Level 1:colcon.colcon_core.package_identification:_identify(src/rplidar_ros) by extension 'colcon_pkg'
[3.330s] Level 1:colcon.colcon_core.package_identification:_identify(src/rplidar_ros) by extensions ['colcon_meta']
[3.331s] Level 1:colcon.colcon_core.package_identification:_identify(src/rplidar_ros) by extension 'colcon_meta'
[3.332s] Level 1:colcon.colcon_core.package_identification:_identify(src/rplidar_ros) by extensions ['ros']
[3.334s] Level 1:colcon.colcon_core.package_identification:_identify(src/rplidar_ros) by extension 'ros'
[3.339s] DEBUG:colcon.colcon_core.package_identification:Package 'src/rplidar_ros' with type 'ros.ament_cmake' and name 'rplidar_ros'
[3.340s] Level 1:colcon.colcon_core.package_discovery:discover_packages(recursive) using defaults
[3.340s] Level 1:colcon.colcon_core.package_discovery:discover_packages(ignore) discover
[3.341s] Level 1:colcon.colcon_core.package_discovery:discover_packages(ignore) using defaults
[3.342s] Level 1:colcon.colcon_core.package_discovery:discover_packages(path) discover
[3.342s] Level 1:colcon.colcon_core.package_discovery:discover_packages(path) using defaults
[3.549s] Level 1:colcon.colcon_core.package_discovery:discover_packages(prefix_path) check parameters
[3.550s] Level 1:colcon.colcon_core.package_discovery:discover_packages(prefix_path) discover
[3.567s] DEBUG:colcon.colcon_installed_package_information.package_discovery:Found 2 installed packages in /home/kate/robot_ws/install
[3.571s] DEBUG:colcon.colcon_installed_package_information.package_discovery:Found 1 installed packages in /home/kate/ros_workspaces/ros2_ws/install
[3.585s] DEBUG:colcon.colcon_installed_package_information.package_discovery:Found 327 installed packages in /opt/ros/humble
[3.594s] Level 1:colcon.colcon_core.package_discovery:discover_packages(prefix_path) using defaults
[3.977s] Level 5:colcon.colcon_core.verb:set package 'my_bot' build argument 'cmake_args' from command line to 'None'
[3.978s] Level 5:colcon.colcon_core.verb:set package 'my_bot' build argument 'cmake_target' from command line to 'None'
[3.979s] Level 5:colcon.colcon_core.verb:set package 'my_bot' build argument 'cmake_target_skip_unavailable' from command line to 'False'
[3.980s] Level 5:colcon.colcon_core.verb:set package 'my_bot' build argument 'cmake_clean_cache' from command line to 'False'
[3.980s] Level 5:colcon.colcon_core.verb:set package 'my_bot' build argument 'cmake_clean_first' from command line to 'False'
[3.981s] Level 5:colcon.colcon_core.verb:set package 'my_bot' build argument 'cmake_force_configure' from command line to 'False'
[3.982s] Level 5:colcon.colcon_core.verb:set package 'my_bot' build argument 'ament_cmake_args' from command line to 'None'
[3.983s] Level 5:colcon.colcon_core.verb:set package 'my_bot' build argument 'catkin_cmake_args' from command line to 'None'
[3.984s] Level 5:colcon.colcon_core.verb:set package 'my_bot' build argument 'catkin_skip_building_tests' from command line to 'False'
[3.984s] DEBUG:colcon.colcon_core.verb:Building package 'my_bot' with the following arguments: {'ament_cmake_args': None, 'build_base': '/home/kate/robot_ws/build/my_bot', 'catkin_cmake_args': None, 'catkin_skip_building_tests': False, 'cmake_args': None, 'cmake_clean_cache': False, 'cmake_clean_first': False, 'cmake_force_configure': False, 'cmake_target': None, 'cmake_target_skip_unavailable': False, 'install_base': '/home/kate/robot_ws/install/my_bot', 'merge_install': False, 'path': '/home/kate/robot_ws/src/my_bot', 'symlink_install': True, 'test_result_base': None}
[3.988s] Level 5:colcon.colcon_core.verb:set package 'rplidar_ros' build argument 'cmake_args' from command line to 'None'
[3.989s] Level 5:colcon.colcon_core.verb:set package 'rplidar_ros' build argument 'cmake_target' from command line to 'None'
[3.989s] Level 5:colcon.colcon_core.verb:set package 'rplidar_ros' build argument 'cmake_target_skip_unavailable' from command line to 'False'
[3.990s] Level 5:colcon.colcon_core.verb:set package 'rplidar_ros' build argument 'cmake_clean_cache' from command line to 'False'
[3.992s] Level 5:colcon.colcon_core.verb:set package 'rplidar_ros' build argument 'cmake_clean_first' from command line to 'False'
[3.994s] Level 5:colcon.colcon_core.verb:set package 'rplidar_ros' build argument 'cmake_force_configure' from command line to 'False'
[3.994s] Level 5:colcon.colcon_core.verb:set package 'rplidar_ros' build argument 'ament_cmake_args' from command line to 'None'
[3.995s] Level 5:colcon.colcon_core.verb:set package 'rplidar_ros' build argument 'catkin_cmake_args' from command line to 'None'
[3.996s] Level 5:colcon.colcon_core.verb:set package 'rplidar_ros' build argument 'catkin_skip_building_tests' from command line to 'False'
[3.998s] DEBUG:colcon.colcon_core.verb:Building package 'rplidar_ros' with the following arguments: {'ament_cmake_args': None, 'build_base': '/home/kate/robot_ws/build/rplidar_ros', 'catkin_cmake_args': None, 'catkin_skip_building_tests': False, 'cmake_args': None, 'cmake_clean_cache': False, 'cmake_clean_first': False, 'cmake_force_configure': False, 'cmake_target': None, 'cmake_target_skip_unavailable': False, 'install_base': '/home/kate/robot_ws/install/rplidar_ros', 'merge_install': False, 'path': '/home/kate/robot_ws/src/rplidar_ros', 'symlink_install': True, 'test_result_base': None}
[3.999s] INFO:colcon.colcon_core.executor:Executing jobs using 'parallel' executor
[4.004s] DEBUG:colcon.colcon_parallel_executor.executor.parallel:run_until_complete
[4.006s] INFO:colcon.colcon_ros.task.ament_cmake.build:Building ROS package in '/home/kate/robot_ws/src/my_bot' with build type 'ament_cmake'
[4.008s] INFO:colcon.colcon_cmake.task.cmake.build:Building CMake package in '/home/kate/robot_ws/src/my_bot'
[4.032s] INFO:colcon.colcon_core.plugin_system:Skipping extension 'colcon_core.shell.bat': Not used on non-Windows systems
[4.035s] INFO:colcon.colcon_core.shell:Skip shell extension 'powershell' for command environment: Not usable outside of PowerShell
[4.036s] DEBUG:colcon.colcon_core.shell:Skip shell extension 'dsv' for command environment
[4.069s] INFO:colcon.colcon_ros.task.ament_cmake.build:Building ROS package in '/home/kate/robot_ws/src/rplidar_ros' with build type 'ament_cmake'
[4.071s] INFO:colcon.colcon_cmake.task.cmake.build:Building CMake package in '/home/kate/robot_ws/src/rplidar_ros'
[4.072s] INFO:colcon.colcon_core.shell:Skip shell extension 'powershell' for command environment: Not usable outside of PowerShell
[4.073s] DEBUG:colcon.colcon_core.shell:Skip shell extension 'dsv' for command environment
[4.133s] DEBUG:colcon.colcon_core.event_handler.log_command:Invoking command in '/home/kate/robot_ws/build/my_bot': CMAKE_PREFIX_PATH=${CMAKE_PREFIX_PATH}:/home/kate/ros_workspaces/ros2_ws/install/arduino_serial_node:/opt/ros/humble /usr/bin/cmake --build /home/kate/robot_ws/build/my_bot -- -j4 -l4
[4.211s] DEBUG:colcon.colcon_core.event_handler.log_command:Invoking command in '/home/kate/robot_ws/build/rplidar_ros': CMAKE_PREFIX_PATH=${CMAKE_PREFIX_PATH}:/home/kate/ros_workspaces/ros2_ws/install/arduino_serial_node:/opt/ros/humble /usr/bin/cmake --build /home/kate/robot_ws/build/rplidar_ros -- -j4 -l4
[4.443s] DEBUG:colcon.colcon_core.event_handler.log_command:Invoked command in '/home/kate/robot_ws/build/my_bot' returned '0': CMAKE_PREFIX_PATH=${CMAKE_PREFIX_PATH}:/home/kate/ros_workspaces/ros2_ws/install/arduino_serial_node:/opt/ros/humble /usr/bin/cmake --build /home/kate/robot_ws/build/my_bot -- -j4 -l4
[4.518s] DEBUG:colcon.colcon_core.event_handler.log_command:Invoking command in '/home/kate/robot_ws/build/my_bot': CMAKE_PREFIX_PATH=${CMAKE_PREFIX_PATH}:/home/kate/ros_workspaces/ros2_ws/install/arduino_serial_node:/opt/ros/humble /usr/bin/cmake --install /home/kate/robot_ws/build/my_bot
[4.770s] Level 1:colcon.colcon_core.environment:create_environment_scripts_only(my_bot)
[4.775s] DEBUG:colcon.colcon_core.event_handler.log_command:Invoked command in '/home/kate/robot_ws/build/my_bot' returned '0': CMAKE_PREFIX_PATH=${CMAKE_PREFIX_PATH}:/home/kate/ros_workspaces/ros2_ws/install/arduino_serial_node:/opt/ros/humble /usr/bin/cmake --install /home/kate/robot_ws/build/my_bot
[4.807s] Level 1:colcon.colcon_core.environment:checking '/home/kate/robot_ws/install/my_bot' for CMake module files
[4.815s] Level 1:colcon.colcon_core.environment:checking '/home/kate/robot_ws/install/my_bot' for CMake config files
[4.820s] Level 1:colcon.colcon_core.shell:create_environment_hook('my_bot', 'cmake_prefix_path')
[4.822s] INFO:colcon.colcon_core.shell:Creating environment hook '/home/kate/robot_ws/install/my_bot/share/my_bot/hook/cmake_prefix_path.ps1'
[4.827s] INFO:colcon.colcon_core.shell:Creating environment descriptor '/home/kate/robot_ws/install/my_bot/share/my_bot/hook/cmake_prefix_path.dsv'
[4.830s] INFO:colcon.colcon_core.shell:Creating environment hook '/home/kate/robot_ws/install/my_bot/share/my_bot/hook/cmake_prefix_path.sh'
[4.837s] Level 1:colcon.colcon_core.environment:checking '/home/kate/robot_ws/install/my_bot/lib'
[4.839s] Level 1:colcon.colcon_core.environment:checking '/home/kate/robot_ws/install/my_bot/bin'
[4.840s] Level 1:colcon.colcon_core.environment:checking '/home/kate/robot_ws/install/my_bot/lib/pkgconfig/my_bot.pc'
[4.843s] Level 1:colcon.colcon_core.environment:checking '/home/kate/robot_ws/install/my_bot/lib/python3.10/site-packages'
[4.845s] Level 1:colcon.colcon_core.environment:checking '/home/kate/robot_ws/install/my_bot/bin'
[4.848s] INFO:colcon.colcon_core.shell:Creating package script '/home/kate/robot_ws/install/my_bot/share/my_bot/package.ps1'
[4.855s] INFO:colcon.colcon_core.shell:Creating package descriptor '/home/kate/robot_ws/install/my_bot/share/my_bot/package.dsv'
[4.859s] INFO:colcon.colcon_core.shell:Creating package script '/home/kate/robot_ws/install/my_bot/share/my_bot/package.sh'
[4.864s] INFO:colcon.colcon_core.shell:Creating package script '/home/kate/robot_ws/install/my_bot/share/my_bot/package.bash'
[4.870s] INFO:colcon.colcon_core.shell:Creating package script '/home/kate/robot_ws/install/my_bot/share/my_bot/package.zsh'
[4.876s] Level 1:colcon.colcon_core.environment:create_file_with_runtime_dependencies(/home/kate/robot_ws/install/my_bot/share/colcon-core/packages/my_bot)
[4.882s] Level 1:colcon.colcon_core.environment:create_environment_scripts_only(my_bot)
[4.883s] Level 1:colcon.colcon_core.environment:checking '/home/kate/robot_ws/install/my_bot' for CMake module files
[4.889s] Level 1:colcon.colcon_core.environment:checking '/home/kate/robot_ws/install/my_bot' for CMake config files
[4.895s] Level 1:colcon.colcon_core.shell:create_environment_hook('my_bot', 'cmake_prefix_path')
[4.896s] INFO:colcon.colcon_core.shell:Creating environment hook '/home/kate/robot_ws/install/my_bot/share/my_bot/hook/cmake_prefix_path.ps1'
[4.900s] INFO:colcon.colcon_core.shell:Creating environment descriptor '/home/kate/robot_ws/install/my_bot/share/my_bot/hook/cmake_prefix_path.dsv'
[4.904s] INFO:colcon.colcon_core.shell:Creating environment hook '/home/kate/robot_ws/install/my_bot/share/my_bot/hook/cmake_prefix_path.sh'
[4.909s] Level 1:colcon.colcon_core.environment:checking '/home/kate/robot_ws/install/my_bot/lib'
[4.909s] Level 1:colcon.colcon_core.environment:checking '/home/kate/robot_ws/install/my_bot/bin'
[4.910s] Level 1:colcon.colcon_core.environment:checking '/home/kate/robot_ws/install/my_bot/lib/pkgconfig/my_bot.pc'
[4.911s] Level 1:colcon.colcon_core.environment:checking '/home/kate/robot_ws/install/my_bot/lib/python3.10/site-packages'
[4.913s] Level 1:colcon.colcon_core.environment:checking '/home/kate/robot_ws/install/my_bot/bin'
[4.914s] INFO:colcon.colcon_core.shell:Creating package script '/home/kate/robot_ws/install/my_bot/share/my_bot/package.ps1'
[4.918s] INFO:colcon.colcon_core.shell:Creating package descriptor '/home/kate/robot_ws/install/my_bot/share/my_bot/package.dsv'
[4.922s] INFO:colcon.colcon_core.shell:Creating package script '/home/kate/robot_ws/install/my_bot/share/my_bot/package.sh'
[4.926s] INFO:colcon.colcon_core.shell:Creating package script '/home/kate/robot_ws/install/my_bot/share/my_bot/package.bash'
[4.929s] INFO:colcon.colcon_core.shell:Creating package script '/home/kate/robot_ws/install/my_bot/share/my_bot/package.zsh'
[4.933s] Level 1:colcon.colcon_core.environment:create_file_with_runtime_dependencies(/home/kate/robot_ws/install/my_bot/share/colcon-core/packages/my_bot)
[5.364s] DEBUG:colcon.colcon_core.event_handler.log_command:Invoked command in '/home/kate/robot_ws/build/rplidar_ros' returned '0': CMAKE_PREFIX_PATH=${CMAKE_PREFIX_PATH}:/home/kate/ros_workspaces/ros2_ws/install/arduino_serial_node:/opt/ros/humble /usr/bin/cmake --build /home/kate/robot_ws/build/rplidar_ros -- -j4 -l4
[5.387s] DEBUG:colcon.colcon_core.event_handler.log_command:Invoking command in '/home/kate/robot_ws/build/rplidar_ros': CMAKE_PREFIX_PATH=${CMAKE_PREFIX_PATH}:/home/kate/ros_workspaces/ros2_ws/install/arduino_serial_node:/opt/ros/humble /usr/bin/cmake --install /home/kate/robot_ws/build/rplidar_ros
[5.592s] Level 1:colcon.colcon_core.environment:create_environment_scripts_only(rplidar_ros)
[5.594s] Level 1:colcon.colcon_core.environment:checking '/home/kate/robot_ws/install/rplidar_ros' for CMake module files
[5.600s] Level 1:colcon.colcon_core.environment:checking '/home/kate/robot_ws/install/rplidar_ros' for CMake config files
[5.605s] DEBUG:colcon.colcon_core.event_handler.log_command:Invoked command in '/home/kate/robot_ws/build/rplidar_ros' returned '0': CMAKE_PREFIX_PATH=${CMAKE_PREFIX_PATH}:/home/kate/ros_workspaces/ros2_ws/install/arduino_serial_node:/opt/ros/humble /usr/bin/cmake --install /home/kate/robot_ws/build/rplidar_ros
[5.608s] Level 1:colcon.colcon_core.shell:create_environment_hook('rplidar_ros', 'cmake_prefix_path')
[5.611s] INFO:colcon.colcon_core.shell:Creating environment hook '/home/kate/robot_ws/install/rplidar_ros/share/rplidar_ros/hook/cmake_prefix_path.ps1'
[5.620s] INFO:colcon.colcon_core.shell:Creating environment descriptor '/home/kate/robot_ws/install/rplidar_ros/share/rplidar_ros/hook/cmake_prefix_path.dsv'
[5.624s] INFO:colcon.colcon_core.shell:Creating environment hook '/home/kate/robot_ws/install/rplidar_ros/share/rplidar_ros/hook/cmake_prefix_path.sh'
[5.629s] Level 1:colcon.colcon_core.environment:checking '/home/kate/robot_ws/install/rplidar_ros/lib'
[5.629s] Level 1:colcon.colcon_core.environment:checking '/home/kate/robot_ws/install/rplidar_ros/bin'
[5.630s] Level 1:colcon.colcon_core.environment:checking '/home/kate/robot_ws/install/rplidar_ros/lib/pkgconfig/rplidar_ros.pc'
[5.631s] Level 1:colcon.colcon_core.environment:checking '/home/kate/robot_ws/install/rplidar_ros/lib/python3.10/site-packages'
[5.633s] Level 1:colcon.colcon_core.environment:checking '/home/kate/robot_ws/install/rplidar_ros/bin'
[5.636s] INFO:colcon.colcon_core.shell:Creating package script '/home/kate/robot_ws/install/rplidar_ros/share/rplidar_ros/package.ps1'
[5.644s] INFO:colcon.colcon_core.shell:Creating package descriptor '/home/kate/robot_ws/install/rplidar_ros/share/rplidar_ros/package.dsv'
[5.650s] INFO:colcon.colcon_core.shell:Creating package script '/home/kate/robot_ws/install/rplidar_ros/share/rplidar_ros/package.sh'
[5.655s] INFO:colcon.colcon_core.shell:Creating package script '/home/kate/robot_ws/install/rplidar_ros/share/rplidar_ros/package.bash'
[5.658s] INFO:colcon.colcon_core.shell:Creating package script '/home/kate/robot_ws/install/rplidar_ros/share/rplidar_ros/package.zsh'
[5.663s] Level 1:colcon.colcon_core.environment:create_file_with_runtime_dependencies(/home/kate/robot_ws/install/rplidar_ros/share/colcon-core/packages/rplidar_ros)
[5.667s] Level 1:colcon.colcon_core.environment:create_environment_scripts_only(rplidar_ros)
[5.669s] Level 1:colcon.colcon_core.environment:checking '/home/kate/robot_ws/install/rplidar_ros' for CMake module files
[5.673s] Level 1:colcon.colcon_core.environment:checking '/home/kate/robot_ws/install/rplidar_ros' for CMake config files
[5.677s] Level 1:colcon.colcon_core.shell:create_environment_hook('rplidar_ros', 'cmake_prefix_path')
[5.678s] INFO:colcon.colcon_core.shell:Creating environment hook '/home/kate/robot_ws/install/rplidar_ros/share/rplidar_ros/hook/cmake_prefix_path.ps1'
[5.683s] INFO:colcon.colcon_core.shell:Creating environment descriptor '/home/kate/robot_ws/install/rplidar_ros/share/rplidar_ros/hook/cmake_prefix_path.dsv'
[5.686s] INFO:colcon.colcon_core.shell:Creating environment hook '/home/kate/robot_ws/install/rplidar_ros/share/rplidar_ros/hook/cmake_prefix_path.sh'
[5.691s] Level 1:colcon.colcon_core.environment:checking '/home/kate/robot_ws/install/rplidar_ros/lib'
[5.691s] Level 1:colcon.colcon_core.environment:checking '/home/kate/robot_ws/install/rplidar_ros/bin'
[5.692s] Level 1:colcon.colcon_core.environment:checking '/home/kate/robot_ws/install/rplidar_ros/lib/pkgconfig/rplidar_ros.pc'
[5.693s] Level 1:colcon.colcon_core.environment:checking '/home/kate/robot_ws/install/rplidar_ros/lib/python3.10/site-packages'
[5.695s] Level 1:colcon.colcon_core.environment:checking '/home/kate/robot_ws/install/rplidar_ros/bin'
[5.697s] INFO:colcon.colcon_core.shell:Creating package script '/home/kate/robot_ws/install/rplidar_ros/share/rplidar_ros/package.ps1'
[5.701s] INFO:colcon.colcon_core.shell:Creating package descriptor '/home/kate/robot_ws/install/rplidar_ros/share/rplidar_ros/package.dsv'
[5.704s] INFO:colcon.colcon_core.shell:Creating package script '/home/kate/robot_ws/install/rplidar_ros/share/rplidar_ros/package.sh'
[5.709s] INFO:colcon.colcon_core.shell:Creating package script '/home/kate/robot_ws/install/rplidar_ros/share/rplidar_ros/package.bash'
[5.715s] INFO:colcon.colcon_core.shell:Creating package script '/home/kate/robot_ws/install/rplidar_ros/share/rplidar_ros/package.zsh'
[5.719s] Level 1:colcon.colcon_core.environment:create_file_with_runtime_dependencies(/home/kate/robot_ws/install/rplidar_ros/share/colcon-core/packages/rplidar_ros)
[5.722s] DEBUG:colcon.colcon_parallel_executor.executor.parallel:closing loop
[5.744s] DEBUG:colcon.colcon_parallel_executor.executor.parallel:loop closed
[5.745s] DEBUG:colcon.colcon_parallel_executor.executor.parallel:run_until_complete finished with '0'
[5.747s] DEBUG:colcon.colcon_core.event_reactor:joining thread
[5.782s] INFO:colcon.colcon_core.plugin_system:Skipping extension 'colcon_notification.desktop_notification.terminal_notifier': Not used on non-Darwin systems
[5.784s] INFO:colcon.colcon_core.plugin_system:Skipping extension 'colcon_notification.desktop_notification.win32': Not used on non-Windows systems
[5.785s] INFO:colcon.colcon_notification.desktop_notification:Sending desktop notification using 'notify2'
[5.843s] DEBUG:colcon.colcon_core.event_reactor:joined thread
[5.844s] INFO:colcon.colcon_core.shell:Creating prefix script '/home/kate/robot_ws/install/local_setup.ps1'
[5.857s] INFO:colcon.colcon_core.shell:Creating prefix util module '/home/kate/robot_ws/install/_local_setup_util_ps1.py'
[5.874s] INFO:colcon.colcon_core.shell:Creating prefix chain script '/home/kate/robot_ws/install/setup.ps1'
[5.884s] INFO:colcon.colcon_core.shell:Creating prefix script '/home/kate/robot_ws/install/local_setup.sh'
[5.889s] INFO:colcon.colcon_core.shell:Creating prefix util module '/home/kate/robot_ws/install/_local_setup_util_sh.py'
[5.896s] INFO:colcon.colcon_core.shell:Creating prefix chain script '/home/kate/robot_ws/install/setup.sh'
[5.906s] INFO:colcon.colcon_core.shell:Creating prefix script '/home/kate/robot_ws/install/local_setup.bash'
[5.912s] INFO:colcon.colcon_core.shell:Creating prefix chain script '/home/kate/robot_ws/install/setup.bash'
[5.924s] INFO:colcon.colcon_core.shell:Creating prefix script '/home/kate/robot_ws/install/local_setup.zsh'
[5.928s] INFO:colcon.colcon_core.shell:Creating prefix chain script '/home/kate/robot_ws/install/setup.zsh'
