[0.083s] Invoking command in '/home/kate/robot_ws/build/rplidar_ros': CMAKE_PREFIX_PATH=${CMAKE_PREFIX_PATH}:/home/kate/ros_workspaces/ros2_ws/install/arduino_serial_node:/opt/ros/humble /usr/bin/cmake --build /home/kate/robot_ws/build/rplidar_ros -- -j4 -l4
[0.559s] [ 47%] Built target rplidar_node
[0.760s] [ 52%] Built target rplidar_client
[0.996s] [100%] Built target rplidar_composition
[1.077s] Invoked command in '/home/kate/robot_ws/build/rplidar_ros' returned '0': CMAKE_PREFIX_PATH=${CMAKE_PREFIX_PATH}:/home/kate/ros_workspaces/ros2_ws/install/arduino_serial_node:/opt/ros/humble /usr/bin/cmake --build /home/kate/robot_ws/build/rplidar_ros -- -j4 -l4
[1.191s] Invoking command in '/home/kate/robot_ws/build/rplidar_ros': CMAKE_PREFIX_PATH=${CMAKE_PREFIX_PATH}:/home/kate/ros_workspaces/ros2_ws/install/arduino_serial_node:/opt/ros/humble /usr/bin/cmake --install /home/kate/robot_ws/build/rplidar_ros
[1.243s] -- Install configuration: "Release"
[1.247s] -- Execute custom install script
[1.251s] -- Up-to-date symlink: /home/kate/robot_ws/install/rplidar_ros/share/rplidar_ros/launch/rplidar_a1_launch.py
[1.257s] -- Up-to-date symlink: /home/kate/robot_ws/install/rplidar_ros/share/rplidar_ros/launch/rplidar_a2m12_launch.py
[1.258s] -- Up-to-date symlink: /home/kate/robot_ws/install/rplidar_ros/share/rplidar_ros/launch/rplidar_a2m7_launch.py
[1.262s] -- Up-to-date symlink: /home/kate/robot_ws/install/rplidar_ros/share/rplidar_ros/launch/rplidar_a2m8_launch.py
[1.263s] -- Up-to-date symlink: /home/kate/robot_ws/install/rplidar_ros/share/rplidar_ros/launch/rplidar_a3_launch.py
[1.264s] -- Up-to-date symlink: /home/kate/robot_ws/install/rplidar_ros/share/rplidar_ros/launch/rplidar_c1_launch.py
[1.266s] -- Up-to-date symlink: /home/kate/robot_ws/install/rplidar_ros/share/rplidar_ros/launch/rplidar_s1_launch.py
[1.268s] -- Up-to-date symlink: /home/kate/robot_ws/install/rplidar_ros/share/rplidar_ros/launch/rplidar_s1_tcp_launch.py
[1.270s] -- Up-to-date symlink: /home/kate/robot_ws/install/rplidar_ros/share/rplidar_ros/launch/rplidar_s2_launch.py
[1.271s] -- Up-to-date symlink: /home/kate/robot_ws/install/rplidar_ros/share/rplidar_ros/launch/rplidar_s2e_launch.py
[1.272s] -- Up-to-date symlink: /home/kate/robot_ws/install/rplidar_ros/share/rplidar_ros/launch/rplidar_s3_launch.py
[1.273s] -- Up-to-date symlink: /home/kate/robot_ws/install/rplidar_ros/share/rplidar_ros/launch/rplidar_t1_launch.py
[1.274s] -- Up-to-date symlink: /home/kate/robot_ws/install/rplidar_ros/share/rplidar_ros/launch/view_rplidar_a1_launch.py
[1.275s] -- Up-to-date symlink: /home/kate/robot_ws/install/rplidar_ros/share/rplidar_ros/launch/view_rplidar_a2m12_launch.py
[1.276s] -- Up-to-date symlink: /home/kate/robot_ws/install/rplidar_ros/share/rplidar_ros/launch/view_rplidar_a2m7_launch.py
[1.277s] -- Up-to-date symlink: /home/kate/robot_ws/install/rplidar_ros/share/rplidar_ros/launch/view_rplidar_a2m8_launch.py
[1.277s] -- Up-to-date symlink: /home/kate/robot_ws/install/rplidar_ros/share/rplidar_ros/launch/view_rplidar_a3_launch.py
[1.278s] -- Up-to-date symlink: /home/kate/robot_ws/install/rplidar_ros/share/rplidar_ros/launch/view_rplidar_c1_launch.py
[1.279s] -- Up-to-date symlink: /home/kate/robot_ws/install/rplidar_ros/share/rplidar_ros/launch/view_rplidar_s1_launch.py
[1.280s] -- Up-to-date symlink: /home/kate/robot_ws/install/rplidar_ros/share/rplidar_ros/launch/view_rplidar_s1_tcp_launch.py
[1.281s] -- Up-to-date symlink: /home/kate/robot_ws/install/rplidar_ros/share/rplidar_ros/launch/view_rplidar_s2_launch.py
[1.282s] -- Up-to-date symlink: /home/kate/robot_ws/install/rplidar_ros/share/rplidar_ros/launch/view_rplidar_s2e_launch.py
[1.282s] -- Up-to-date symlink: /home/kate/robot_ws/install/rplidar_ros/share/rplidar_ros/launch/view_rplidar_s3_launch.py
[1.283s] -- Up-to-date symlink: /home/kate/robot_ws/install/rplidar_ros/share/rplidar_ros/launch/view_rplidar_t1_launch.py
[1.284s] -- Up-to-date symlink: /home/kate/robot_ws/install/rplidar_ros/share/rplidar_ros/rviz/rplidar_ros.rviz
[1.286s] -- Up-to-date symlink: /home/kate/robot_ws/install/rplidar_ros/lib/rplidar_ros/rplidar_node
[1.287s] -- Up-to-date symlink: /home/kate/robot_ws/install/rplidar_ros/lib/rplidar_ros/rplidar_composition
[1.289s] -- Up-to-date symlink: /home/kate/robot_ws/install/rplidar_ros/lib/rplidar_ros/rplidar_client
[1.290s] -- Up-to-date symlink: /home/kate/robot_ws/install/rplidar_ros/share/ament_index/resource_index/package_run_dependencies/rplidar_ros
[1.291s] -- Up-to-date symlink: /home/kate/robot_ws/install/rplidar_ros/share/ament_index/resource_index/parent_prefix_path/rplidar_ros
[1.293s] -- Up-to-date symlink: /home/kate/robot_ws/install/rplidar_ros/share/rplidar_ros/environment/ament_prefix_path.sh
[1.294s] -- Up-to-date symlink: /home/kate/robot_ws/install/rplidar_ros/share/rplidar_ros/environment/ament_prefix_path.dsv
[1.295s] -- Up-to-date symlink: /home/kate/robot_ws/install/rplidar_ros/share/rplidar_ros/environment/path.sh
[1.297s] -- Up-to-date symlink: /home/kate/robot_ws/install/rplidar_ros/share/rplidar_ros/environment/path.dsv
[1.299s] -- Up-to-date symlink: /home/kate/robot_ws/install/rplidar_ros/share/rplidar_ros/local_setup.bash
[1.302s] -- Up-to-date symlink: /home/kate/robot_ws/install/rplidar_ros/share/rplidar_ros/local_setup.sh
[1.303s] -- Up-to-date symlink: /home/kate/robot_ws/install/rplidar_ros/share/rplidar_ros/local_setup.zsh
[1.303s] -- Up-to-date symlink: /home/kate/robot_ws/install/rplidar_ros/share/rplidar_ros/local_setup.dsv
[1.304s] -- Symlinking: /home/kate/robot_ws/install/rplidar_ros/share/rplidar_ros/package.dsv
[1.346s] -- Up-to-date symlink: /home/kate/robot_ws/install/rplidar_ros/share/ament_index/resource_index/packages/rplidar_ros
[1.351s] -- Up-to-date symlink: /home/kate/robot_ws/install/rplidar_ros/share/rplidar_ros/cmake/ament_cmake_export_dependencies-extras.cmake
[1.356s] -- Up-to-date symlink: /home/kate/robot_ws/install/rplidar_ros/share/rplidar_ros/cmake/ament_cmake_export_include_directories-extras.cmake
[1.360s] -- Up-to-date symlink: /home/kate/robot_ws/install/rplidar_ros/share/rplidar_ros/cmake/rplidar_rosConfig.cmake
[1.365s] -- Up-to-date symlink: /home/kate/robot_ws/install/rplidar_ros/share/rplidar_ros/cmake/rplidar_rosConfig-version.cmake
[1.366s] -- Up-to-date symlink: /home/kate/robot_ws/install/rplidar_ros/share/rplidar_ros/package.xml
[1.367s] Invoked command in '/home/kate/robot_ws/build/rplidar_ros' returned '0': CMAKE_PREFIX_PATH=${CMAKE_PREFIX_PATH}:/home/kate/ros_workspaces/ros2_ws/install/arduino_serial_node:/opt/ros/humble /usr/bin/cmake --install /home/kate/robot_ws/build/rplidar_ros
