-- The C compiler identification is GNU 11.4.0
-- The CXX compiler identification is GNU 11.4.0
-- Detecting C compiler ABI info
-- Detecting C compiler ABI info - done
-- Check for working C compiler: /usr/bin/cc - skipped
-- Detecting C compile features
-- Detecting C compile features - done
-- Detecting CXX compiler ABI info
-- Detecting CXX compiler ABI info - done
-- Check for working CXX compiler: /usr/bin/c++ - skipped
-- Detecting CXX compile features
-- Detecting CXX compile features - done
-- Found ament_cmake: 1.3.14 (/opt/ros/humble/share/ament_cmake/cmake)
-- Found Python3: /usr/bin/python3 (found version "3.10.12") found components: Interpreter 
-- Override CMake install command with custom implementation using symlinks instead of copying resources
-- Found ament_lint_auto: 0.12.15 (/opt/ros/humble/share/ament_lint_auto/cmake)
-- Added test 'copyright' to check source files copyright and LICENSE
-- Added test 'flake8' to check Python code syntax and style conventions
-- Added test 'lint_cmake' to check CMake code style
-- Added test 'pep257' to check Python code against some of the docstring style conventions in PEP 257
-- Added test 'xmllint' to check XML markup files
-- Configuring done
-- Generating done
-- Build files have been written to: /home/kate/robot_ws/build/my_bot
-- Install configuration: ""
-- Execute custom install script
-- Up-to-date symlink: /home/kate/robot_ws/install/my_bot/share/my_bot/config/ekf.yaml
-- Symlinking: /home/kate/robot_ws/install/my_bot/share/my_bot/config/nav2/map.pgm
-- Symlinking: /home/kate/robot_ws/install/my_bot/share/my_bot/config/nav2/map.yaml
-- Up-to-date symlink: /home/kate/robot_ws/install/my_bot/share/my_bot/config/nav2/nav2_params.yaml
-- Symlinking: /home/kate/robot_ws/install/my_bot/share/my_bot/config/slam_params.txt
-- Up-to-date symlink: /home/kate/robot_ws/install/my_bot/share/my_bot/config/slam_params.yaml
-- Up-to-date symlink: /home/kate/robot_ws/install/my_bot/share/my_bot/description/gazebo_control.xacro
-- Up-to-date symlink: /home/kate/robot_ws/install/my_bot/share/my_bot/description/inertial_macros.xacro
-- Up-to-date symlink: /home/kate/robot_ws/install/my_bot/share/my_bot/description/lidar.xacro
-- Up-to-date symlink: /home/kate/robot_ws/install/my_bot/share/my_bot/description/robot.urdf.xacro
-- Up-to-date symlink: /home/kate/robot_ws/install/my_bot/share/my_bot/description/robot_core.xacro
-- Up-to-date symlink: /home/kate/robot_ws/install/my_bot/share/my_bot/launch/bringup.launch.py
-- Symlinking: /home/kate/robot_ws/install/my_bot/share/my_bot/launch/bringup.launch.txt
-- Up-to-date symlink: /home/kate/robot_ws/install/my_bot/share/my_bot/launch/launch_sim.launch.py
-- Up-to-date symlink: /home/kate/robot_ws/install/my_bot/share/my_bot/launch/rsp.launch.py
[31mCMake Error at ament_cmake_symlink_install/ament_cmake_symlink_install.cmake:105 (message):
  ament_cmake_symlink_install_directory() can't find
  '/home/kate/robot_ws/src/my_bot/worlds'
Call Stack (most recent call first):
  ament_cmake_symlink_install/ament_cmake_symlink_install.cmake:319 (ament_cmake_symlink_install_directory)
  cmake_install.cmake:46 (include)

[0m
