[0.135s] Invoking command in '/home/kate/robot_ws/build/my_bot': CMAKE_PREFIX_PATH=${CMAKE_PREFIX_PATH}:/home/kate/ros_workspaces/ros2_ws/install/arduino_serial_node:/opt/ros/humble /usr/bin/cmake /home/kate/robot_ws/src/my_bot -DAMENT_CMAKE_SYMLINK_INSTALL=1 -DCMAKE_INSTALL_PREFIX=/home/kate/robot_ws/install/my_bot
[1.072s] -- The C compiler identification is GNU 11.4.0
[1.982s] -- The CXX compiler identification is GNU 11.4.0
[2.080s] -- Detecting C compiler ABI info
[2.783s] -- Detecting C compiler ABI info - done
[2.833s] -- Check for working C compiler: /usr/bin/cc - skipped
[2.835s] -- Detecting C compile features
[2.837s] -- Detecting C compile features - done
[2.854s] -- Detecting CXX compiler ABI info
[3.483s] -- Detecting CXX compiler ABI info - done
[3.541s] -- Check for working CXX compiler: /usr/bin/c++ - skipped
[3.542s] -- Detecting CXX compile features
[3.543s] -- Detecting CXX compile features - done
[3.591s] -- Found ament_cmake: 1.3.14 (/opt/ros/humble/share/ament_cmake/cmake)
[4.929s] -- Found Python3: /usr/bin/python3 (found version "3.10.12") found components: Interpreter 
[5.477s] -- Override CMake install command with custom implementation using symlinks instead of copying resources
[6.116s] -- Found ament_lint_auto: 0.12.15 (/opt/ros/humble/share/ament_lint_auto/cmake)
[7.056s] -- Added test 'copyright' to check source files copyright and LICENSE
[7.111s] -- Added test 'flake8' to check Python code syntax and style conventions
[7.119s] -- Added test 'lint_cmake' to check CMake code style
[7.127s] -- Added test 'pep257' to check Python code against some of the docstring style conventions in PEP 257
[7.170s] -- Added test 'xmllint' to check XML markup files
[7.189s] -- Configuring done
[7.235s] -- Generating done
[7.268s] -- Build files have been written to: /home/kate/robot_ws/build/my_bot
[7.318s] Invoked command in '/home/kate/robot_ws/build/my_bot' returned '0': CMAKE_PREFIX_PATH=${CMAKE_PREFIX_PATH}:/home/kate/ros_workspaces/ros2_ws/install/arduino_serial_node:/opt/ros/humble /usr/bin/cmake /home/kate/robot_ws/src/my_bot -DAMENT_CMAKE_SYMLINK_INSTALL=1 -DCMAKE_INSTALL_PREFIX=/home/kate/robot_ws/install/my_bot
[7.321s] Invoking command in '/home/kate/robot_ws/build/my_bot': CMAKE_PREFIX_PATH=${CMAKE_PREFIX_PATH}:/home/kate/ros_workspaces/ros2_ws/install/arduino_serial_node:/opt/ros/humble /usr/bin/cmake --build /home/kate/robot_ws/build/my_bot -- -j4 -l4
[7.550s] Invoked command in '/home/kate/robot_ws/build/my_bot' returned '0': CMAKE_PREFIX_PATH=${CMAKE_PREFIX_PATH}:/home/kate/ros_workspaces/ros2_ws/install/arduino_serial_node:/opt/ros/humble /usr/bin/cmake --build /home/kate/robot_ws/build/my_bot -- -j4 -l4
[7.606s] Invoking command in '/home/kate/robot_ws/build/my_bot': CMAKE_PREFIX_PATH=${CMAKE_PREFIX_PATH}:/home/kate/ros_workspaces/ros2_ws/install/arduino_serial_node:/opt/ros/humble /usr/bin/cmake --install /home/kate/robot_ws/build/my_bot
[7.674s] -- Install configuration: ""
[7.678s] -- Execute custom install script
[7.685s] -- Up-to-date symlink: /home/kate/robot_ws/install/my_bot/share/my_bot/config/ekf.yaml
[7.689s] -- Symlinking: /home/kate/robot_ws/install/my_bot/share/my_bot/config/nav2/map.pgm
[7.733s] -- Symlinking: /home/kate/robot_ws/install/my_bot/share/my_bot/config/nav2/map.yaml
[7.783s] -- Up-to-date symlink: /home/kate/robot_ws/install/my_bot/share/my_bot/config/nav2/nav2_params.yaml
[7.785s] -- Symlinking: /home/kate/robot_ws/install/my_bot/share/my_bot/config/slam_params.txt
[7.829s] -- Up-to-date symlink: /home/kate/robot_ws/install/my_bot/share/my_bot/config/slam_params.yaml
[7.834s] -- Up-to-date symlink: /home/kate/robot_ws/install/my_bot/share/my_bot/description/gazebo_control.xacro
[7.836s] -- Up-to-date symlink: /home/kate/robot_ws/install/my_bot/share/my_bot/description/inertial_macros.xacro
[7.839s] -- Up-to-date symlink: /home/kate/robot_ws/install/my_bot/share/my_bot/description/lidar.xacro
[7.841s] -- Up-to-date symlink: /home/kate/robot_ws/install/my_bot/share/my_bot/description/robot.urdf.xacro
[7.842s] -- Up-to-date symlink: /home/kate/robot_ws/install/my_bot/share/my_bot/description/robot_core.xacro
[7.842s] -- Up-to-date symlink: /home/kate/robot_ws/install/my_bot/share/my_bot/launch/bringup.launch.py
[7.843s] -- Symlinking: /home/kate/robot_ws/install/my_bot/share/my_bot/launch/bringup.launch.txt
[7.883s] -- Up-to-date symlink: /home/kate/robot_ws/install/my_bot/share/my_bot/launch/launch_sim.launch.py
[7.884s] -- Up-to-date symlink: /home/kate/robot_ws/install/my_bot/share/my_bot/launch/rsp.launch.py
[7.885s] [31mCMake Error at ament_cmake_symlink_install/ament_cmake_symlink_install.cmake:105 (message):
[7.886s]   ament_cmake_symlink_install_directory() can't find
[7.887s]   '/home/kate/robot_ws/src/my_bot/worlds'
[7.887s] Call Stack (most recent call first):
[7.888s]   ament_cmake_symlink_install/ament_cmake_symlink_install.cmake:319 (ament_cmake_symlink_install_directory)
[7.889s]   cmake_install.cmake:46 (include)
[7.890s] 
[7.891s] [0m
[7.916s] Invoked command in '/home/kate/robot_ws/build/my_bot' returned '1': CMAKE_PREFIX_PATH=${CMAKE_PREFIX_PATH}:/home/kate/ros_workspaces/ros2_ws/install/arduino_serial_node:/opt/ros/humble /usr/bin/cmake --install /home/kate/robot_ws/build/my_bot
