[0.106s] Invoking command in '/home/kate/robot_ws/build/rplidar_ros': CMAKE_PREFIX_PATH=/home/kate/ros_workspaces/ros2_ws/install/arduino_serial_node:/opt/ros/humble /usr/bin/cmake --build /home/kate/robot_ws/build/rplidar_ros -- -j4 -l4
[0.562s] [ 47%] Built target rplidar_node
[0.808s] [ 52%] Built target rplidar_client
[1.019s] [100%] Built target rplidar_composition
[1.101s] Invoked command in '/home/kate/robot_ws/build/rplidar_ros' returned '0': CMAKE_PREFIX_PATH=/home/kate/ros_workspaces/ros2_ws/install/arduino_serial_node:/opt/ros/humble /usr/bin/cmake --build /home/kate/robot_ws/build/rplidar_ros -- -j4 -l4
[1.176s] Invoking command in '/home/kate/robot_ws/build/rplidar_ros': CMAKE_PREFIX_PATH=/home/kate/ros_workspaces/ros2_ws/install/arduino_serial_node:/opt/ros/humble /usr/bin/cmake --install /home/kate/robot_ws/build/rplidar_ros
[1.223s] -- Install configuration: "Release"
[1.227s] -- Execute custom install script
[1.233s] -- Up-to-date symlink: /home/kate/robot_ws/install/rplidar_ros/share/rplidar_ros/launch/rplidar_a1_launch.py
[1.236s] -- Up-to-date symlink: /home/kate/robot_ws/install/rplidar_ros/share/rplidar_ros/launch/rplidar_a2m12_launch.py
[1.238s] -- Up-to-date symlink: /home/kate/robot_ws/install/rplidar_ros/share/rplidar_ros/launch/rplidar_a2m7_launch.py
[1.241s] -- Up-to-date symlink: /home/kate/robot_ws/install/rplidar_ros/share/rplidar_ros/launch/rplidar_a2m8_launch.py
[1.244s] -- Up-to-date symlink: /home/kate/robot_ws/install/rplidar_ros/share/rplidar_ros/launch/rplidar_a3_launch.py
[1.248s] -- Up-to-date symlink: /home/kate/robot_ws/install/rplidar_ros/share/rplidar_ros/launch/rplidar_c1_launch.py
[1.253s] -- Up-to-date symlink: /home/kate/robot_ws/install/rplidar_ros/share/rplidar_ros/launch/rplidar_s1_launch.py
[1.255s] -- Up-to-date symlink: /home/kate/robot_ws/install/rplidar_ros/share/rplidar_ros/launch/rplidar_s1_tcp_launch.py
[1.257s] -- Up-to-date symlink: /home/kate/robot_ws/install/rplidar_ros/share/rplidar_ros/launch/rplidar_s2_launch.py
[1.259s] -- Up-to-date symlink: /home/kate/robot_ws/install/rplidar_ros/share/rplidar_ros/launch/rplidar_s2e_launch.py
[1.263s] -- Up-to-date symlink: /home/kate/robot_ws/install/rplidar_ros/share/rplidar_ros/launch/rplidar_s3_launch.py
[1.265s] -- Up-to-date symlink: /home/kate/robot_ws/install/rplidar_ros/share/rplidar_ros/launch/rplidar_t1_launch.py
[1.268s] -- Up-to-date symlink: /home/kate/robot_ws/install/rplidar_ros/share/rplidar_ros/launch/view_rplidar_a1_launch.py
[1.271s] -- Up-to-date symlink: /home/kate/robot_ws/install/rplidar_ros/share/rplidar_ros/launch/view_rplidar_a2m12_launch.py
[1.273s] -- Up-to-date symlink: /home/kate/robot_ws/install/rplidar_ros/share/rplidar_ros/launch/view_rplidar_a2m7_launch.py
[1.275s] -- Up-to-date symlink: /home/kate/robot_ws/install/rplidar_ros/share/rplidar_ros/launch/view_rplidar_a2m8_launch.py
[1.278s] -- Up-to-date symlink: /home/kate/robot_ws/install/rplidar_ros/share/rplidar_ros/launch/view_rplidar_a3_launch.py
[1.282s] -- Up-to-date symlink: /home/kate/robot_ws/install/rplidar_ros/share/rplidar_ros/launch/view_rplidar_c1_launch.py
[1.285s] -- Up-to-date symlink: /home/kate/robot_ws/install/rplidar_ros/share/rplidar_ros/launch/view_rplidar_s1_launch.py
[1.289s] -- Up-to-date symlink: /home/kate/robot_ws/install/rplidar_ros/share/rplidar_ros/launch/view_rplidar_s1_tcp_launch.py
[1.291s] -- Up-to-date symlink: /home/kate/robot_ws/install/rplidar_ros/share/rplidar_ros/launch/view_rplidar_s2_launch.py
[1.293s] -- Up-to-date symlink: /home/kate/robot_ws/install/rplidar_ros/share/rplidar_ros/launch/view_rplidar_s2e_launch.py
[1.296s] -- Up-to-date symlink: /home/kate/robot_ws/install/rplidar_ros/share/rplidar_ros/launch/view_rplidar_s3_launch.py
[1.301s] -- Up-to-date symlink: /home/kate/robot_ws/install/rplidar_ros/share/rplidar_ros/launch/view_rplidar_t1_launch.py
[1.307s] -- Up-to-date symlink: /home/kate/robot_ws/install/rplidar_ros/share/rplidar_ros/rviz/rplidar_ros.rviz
[1.312s] -- Up-to-date symlink: /home/kate/robot_ws/install/rplidar_ros/lib/rplidar_ros/rplidar_node
[1.318s] -- Up-to-date symlink: /home/kate/robot_ws/install/rplidar_ros/lib/rplidar_ros/rplidar_composition
[1.322s] -- Up-to-date symlink: /home/kate/robot_ws/install/rplidar_ros/lib/rplidar_ros/rplidar_client
[1.331s] -- Up-to-date symlink: /home/kate/robot_ws/install/rplidar_ros/share/ament_index/resource_index/package_run_dependencies/rplidar_ros
[1.337s] -- Up-to-date symlink: /home/kate/robot_ws/install/rplidar_ros/share/ament_index/resource_index/parent_prefix_path/rplidar_ros
[1.342s] -- Up-to-date symlink: /home/kate/robot_ws/install/rplidar_ros/share/rplidar_ros/environment/ament_prefix_path.sh
[1.350s] -- Up-to-date symlink: /home/kate/robot_ws/install/rplidar_ros/share/rplidar_ros/environment/ament_prefix_path.dsv
[1.355s] -- Up-to-date symlink: /home/kate/robot_ws/install/rplidar_ros/share/rplidar_ros/environment/path.sh
[1.363s] -- Up-to-date symlink: /home/kate/robot_ws/install/rplidar_ros/share/rplidar_ros/environment/path.dsv
[1.368s] -- Up-to-date symlink: /home/kate/robot_ws/install/rplidar_ros/share/rplidar_ros/local_setup.bash
[1.369s] -- Up-to-date symlink: /home/kate/robot_ws/install/rplidar_ros/share/rplidar_ros/local_setup.sh
[1.369s] -- Up-to-date symlink: /home/kate/robot_ws/install/rplidar_ros/share/rplidar_ros/local_setup.zsh
[1.370s] -- Up-to-date symlink: /home/kate/robot_ws/install/rplidar_ros/share/rplidar_ros/local_setup.dsv
[1.372s] -- Symlinking: /home/kate/robot_ws/install/rplidar_ros/share/rplidar_ros/package.dsv
[1.412s] -- Up-to-date symlink: /home/kate/robot_ws/install/rplidar_ros/share/ament_index/resource_index/packages/rplidar_ros
[1.415s] -- Up-to-date symlink: /home/kate/robot_ws/install/rplidar_ros/share/rplidar_ros/cmake/ament_cmake_export_dependencies-extras.cmake
[1.418s] -- Up-to-date symlink: /home/kate/robot_ws/install/rplidar_ros/share/rplidar_ros/cmake/ament_cmake_export_include_directories-extras.cmake
[1.418s] -- Up-to-date symlink: /home/kate/robot_ws/install/rplidar_ros/share/rplidar_ros/cmake/rplidar_rosConfig.cmake
[1.422s] -- Up-to-date symlink: /home/kate/robot_ws/install/rplidar_ros/share/rplidar_ros/cmake/rplidar_rosConfig-version.cmake
[1.422s] -- Up-to-date symlink: /home/kate/robot_ws/install/rplidar_ros/share/rplidar_ros/package.xml
[1.444s] Invoked command in '/home/kate/robot_ws/build/rplidar_ros' returned '0': CMAKE_PREFIX_PATH=/home/kate/ros_workspaces/ros2_ws/install/arduino_serial_node:/opt/ros/humble /usr/bin/cmake --install /home/kate/robot_ws/build/rplidar_ros
