[0.127s] Invoking command in '/home/kate/robot_ws/build/rplidar_ros': CMAKE_PREFIX_PATH=/home/kate/ros_workspaces/ros2_ws/install/arduino_serial_node:/opt/ros/humble /usr/bin/cmake --build /home/kate/robot_ws/build/rplidar_ros -- -j4 -l4
[0.655s] [ 47%] Built target rplidar_node
[0.828s] [ 52%] Built target rplidar_client
[1.114s] [100%] Built target rplidar_composition
[1.189s] Invoked command in '/home/kate/robot_ws/build/rplidar_ros' returned '0': CMAKE_PREFIX_PATH=/home/kate/ros_workspaces/ros2_ws/install/arduino_serial_node:/opt/ros/humble /usr/bin/cmake --build /home/kate/robot_ws/build/rplidar_ros -- -j4 -l4
[1.216s] Invoking command in '/home/kate/robot_ws/build/rplidar_ros': CMAKE_PREFIX_PATH=/home/kate/ros_workspaces/ros2_ws/install/arduino_serial_node:/opt/ros/humble /usr/bin/cmake --install /home/kate/robot_ws/build/rplidar_ros
[1.271s] -- Install configuration: "Release"
[1.273s] -- Execute custom install script
[1.278s] -- Up-to-date symlink: /home/kate/robot_ws/install/rplidar_ros/share/rplidar_ros/launch/rplidar_a1_launch.py
[1.280s] -- Up-to-date symlink: /home/kate/robot_ws/install/rplidar_ros/share/rplidar_ros/launch/rplidar_a2m12_launch.py
[1.281s] -- Up-to-date symlink: /home/kate/robot_ws/install/rplidar_ros/share/rplidar_ros/launch/rplidar_a2m7_launch.py
[1.282s] -- Up-to-date symlink: /home/kate/robot_ws/install/rplidar_ros/share/rplidar_ros/launch/rplidar_a2m8_launch.py
[1.283s] -- Up-to-date symlink: /home/kate/robot_ws/install/rplidar_ros/share/rplidar_ros/launch/rplidar_a3_launch.py
[1.286s] -- Up-to-date symlink: /home/kate/robot_ws/install/rplidar_ros/share/rplidar_ros/launch/rplidar_c1_launch.py
[1.288s] -- Up-to-date symlink: /home/kate/robot_ws/install/rplidar_ros/share/rplidar_ros/launch/rplidar_s1_launch.py
[1.291s] -- Up-to-date symlink: /home/kate/robot_ws/install/rplidar_ros/share/rplidar_ros/launch/rplidar_s1_tcp_launch.py
[1.303s] -- Up-to-date symlink: /home/kate/robot_ws/install/rplidar_ros/share/rplidar_ros/launch/rplidar_s2_launch.py
[1.303s] -- Up-to-date symlink: /home/kate/robot_ws/install/rplidar_ros/share/rplidar_ros/launch/rplidar_s2e_launch.py
[1.304s] -- Up-to-date symlink: /home/kate/robot_ws/install/rplidar_ros/share/rplidar_ros/launch/rplidar_s3_launch.py
[1.309s] -- Up-to-date symlink: /home/kate/robot_ws/install/rplidar_ros/share/rplidar_ros/launch/rplidar_t1_launch.py
[1.309s] -- Up-to-date symlink: /home/kate/robot_ws/install/rplidar_ros/share/rplidar_ros/launch/view_rplidar_a1_launch.py
[1.310s] -- Up-to-date symlink: /home/kate/robot_ws/install/rplidar_ros/share/rplidar_ros/launch/view_rplidar_a2m12_launch.py
[1.311s] -- Up-to-date symlink: /home/kate/robot_ws/install/rplidar_ros/share/rplidar_ros/launch/view_rplidar_a2m7_launch.py
[1.312s] -- Up-to-date symlink: /home/kate/robot_ws/install/rplidar_ros/share/rplidar_ros/launch/view_rplidar_a2m8_launch.py
[1.312s] -- Up-to-date symlink: /home/kate/robot_ws/install/rplidar_ros/share/rplidar_ros/launch/view_rplidar_a3_launch.py
[1.313s] -- Up-to-date symlink: /home/kate/robot_ws/install/rplidar_ros/share/rplidar_ros/launch/view_rplidar_c1_launch.py
[1.313s] -- Up-to-date symlink: /home/kate/robot_ws/install/rplidar_ros/share/rplidar_ros/launch/view_rplidar_s1_launch.py
[1.318s] -- Up-to-date symlink: /home/kate/robot_ws/install/rplidar_ros/share/rplidar_ros/launch/view_rplidar_s1_tcp_launch.py
[1.319s] -- Up-to-date symlink: /home/kate/robot_ws/install/rplidar_ros/share/rplidar_ros/launch/view_rplidar_s2_launch.py
[1.320s] -- Up-to-date symlink: /home/kate/robot_ws/install/rplidar_ros/share/rplidar_ros/launch/view_rplidar_s2e_launch.py
[1.322s] -- Up-to-date symlink: /home/kate/robot_ws/install/rplidar_ros/share/rplidar_ros/launch/view_rplidar_s3_launch.py
[1.323s] -- Up-to-date symlink: /home/kate/robot_ws/install/rplidar_ros/share/rplidar_ros/launch/view_rplidar_t1_launch.py
[1.325s] -- Up-to-date symlink: /home/kate/robot_ws/install/rplidar_ros/share/rplidar_ros/rviz/rplidar_ros.rviz
[1.325s] -- Up-to-date symlink: /home/kate/robot_ws/install/rplidar_ros/lib/rplidar_ros/rplidar_node
[1.326s] -- Up-to-date symlink: /home/kate/robot_ws/install/rplidar_ros/lib/rplidar_ros/rplidar_composition
[1.327s] -- Up-to-date symlink: /home/kate/robot_ws/install/rplidar_ros/lib/rplidar_ros/rplidar_client
[1.328s] -- Up-to-date symlink: /home/kate/robot_ws/install/rplidar_ros/share/ament_index/resource_index/package_run_dependencies/rplidar_ros
[1.328s] -- Up-to-date symlink: /home/kate/robot_ws/install/rplidar_ros/share/ament_index/resource_index/parent_prefix_path/rplidar_ros
[1.329s] -- Up-to-date symlink: /home/kate/robot_ws/install/rplidar_ros/share/rplidar_ros/environment/ament_prefix_path.sh
[1.329s] -- Up-to-date symlink: /home/kate/robot_ws/install/rplidar_ros/share/rplidar_ros/environment/ament_prefix_path.dsv
[1.330s] -- Up-to-date symlink: /home/kate/robot_ws/install/rplidar_ros/share/rplidar_ros/environment/path.sh
[1.330s] -- Up-to-date symlink: /home/kate/robot_ws/install/rplidar_ros/share/rplidar_ros/environment/path.dsv
[1.332s] -- Up-to-date symlink: /home/kate/robot_ws/install/rplidar_ros/share/rplidar_ros/local_setup.bash
[1.333s] -- Up-to-date symlink: /home/kate/robot_ws/install/rplidar_ros/share/rplidar_ros/local_setup.sh
[1.336s] -- Up-to-date symlink: /home/kate/robot_ws/install/rplidar_ros/share/rplidar_ros/local_setup.zsh
[1.339s] -- Up-to-date symlink: /home/kate/robot_ws/install/rplidar_ros/share/rplidar_ros/local_setup.dsv
[1.339s] -- Symlinking: /home/kate/robot_ws/install/rplidar_ros/share/rplidar_ros/package.dsv
[1.372s] -- Up-to-date symlink: /home/kate/robot_ws/install/rplidar_ros/share/ament_index/resource_index/packages/rplidar_ros
[1.374s] -- Up-to-date symlink: /home/kate/robot_ws/install/rplidar_ros/share/rplidar_ros/cmake/ament_cmake_export_dependencies-extras.cmake
[1.376s] -- Up-to-date symlink: /home/kate/robot_ws/install/rplidar_ros/share/rplidar_ros/cmake/ament_cmake_export_include_directories-extras.cmake
[1.380s] -- Up-to-date symlink: /home/kate/robot_ws/install/rplidar_ros/share/rplidar_ros/cmake/rplidar_rosConfig.cmake
[1.381s] -- Up-to-date symlink: /home/kate/robot_ws/install/rplidar_ros/share/rplidar_ros/cmake/rplidar_rosConfig-version.cmake
[1.384s] -- Up-to-date symlink: /home/kate/robot_ws/install/rplidar_ros/share/rplidar_ros/package.xml
[1.396s] Invoked command in '/home/kate/robot_ws/build/rplidar_ros' returned '0': CMAKE_PREFIX_PATH=/home/kate/ros_workspaces/ros2_ws/install/arduino_serial_node:/opt/ros/humble /usr/bin/cmake --install /home/kate/robot_ws/build/rplidar_ros
