[0.102s] Invoking command in '/home/kate/robot_ws/build/rplidar_ros': CMAKE_PREFIX_PATH=${CMAKE_PREFIX_PATH}:/home/kate/ros_workspaces/ros2_ws/install/arduino_serial_node:/opt/ros/humble /usr/bin/cmake /home/kate/robot_ws/src/rplidar_ros -DAMENT_CMAKE_SYMLINK_INSTALL=1 -DCMAKE_INSTALL_PREFIX=/home/kate/robot_ws/install/rplidar_ros
[0.964s] -- The C compiler identification is GNU 11.4.0
[1.899s] -- The CXX compiler identification is GNU 11.4.0
[2.008s] -- Detecting C compiler ABI info
[2.685s] -- Detecting C compiler ABI info - done
[2.731s] -- Check for working C compiler: /usr/bin/cc - skipped
[2.742s] -- Detecting C compile features
[2.747s] -- Detecting C compile features - done
[2.783s] -- Detecting CXX compiler ABI info
[3.452s] -- Detecting CXX compiler ABI info - done
[3.494s] -- Check for working CXX compiler: /usr/bin/c++ - skipped
[3.495s] -- Detecting CXX compile features
[3.497s] -- Detecting CXX compile features - done
[3.546s] -- Found ament_cmake: 1.3.14 (/opt/ros/humble/share/ament_cmake/cmake)
[4.898s] -- Found Python3: /usr/bin/python3 (found version "3.10.12") found components: Interpreter 
[5.528s] -- Override CMake install command with custom implementation using symlinks instead of copying resources
[6.040s] -- Found rclcpp: 16.0.18 (/opt/ros/humble/share/rclcpp/cmake)
[6.806s] -- Found rosidl_generator_c: 3.1.8 (/opt/ros/humble/share/rosidl_generator_c/cmake)
[6.891s] -- Found rosidl_adapter: 3.1.8 (/opt/ros/humble/share/rosidl_adapter/cmake)
[7.033s] -- Found rosidl_generator_cpp: 3.1.8 (/opt/ros/humble/share/rosidl_generator_cpp/cmake)
[7.250s] -- Using all available rosidl_typesupport_c: rosidl_typesupport_fastrtps_c;rosidl_typesupport_introspection_c
[7.493s] -- Using all available rosidl_typesupport_cpp: rosidl_typesupport_fastrtps_cpp;rosidl_typesupport_introspection_cpp
[8.216s] -- Found rmw_implementation_cmake: 6.1.2 (/opt/ros/humble/share/rmw_implementation_cmake/cmake)
[8.276s] -- Found rmw_fastrtps_cpp: 6.2.10 (/opt/ros/humble/share/rmw_fastrtps_cpp/cmake)
[9.351s] -- Found OpenSSL: /usr/lib/aarch64-linux-gnu/libcrypto.so (found version "3.0.2")  
[9.739s] -- Found FastRTPS: /opt/ros/humble/include  
[10.354s] -- Using RMW implementation 'rmw_fastrtps_cpp' as default
[10.517s] -- Looking for pthread.h
[11.097s] -- Looking for pthread.h - found
[11.099s] -- Performing Test CMAKE_HAVE_LIBC_PTHREAD
[11.622s] -- Performing Test CMAKE_HAVE_LIBC_PTHREAD - Success
[11.635s] -- Found Threads: TRUE  
[12.218s] -- Found sensor_msgs: 4.9.1 (/opt/ros/humble/share/sensor_msgs/cmake)
[12.540s] -- Found std_srvs: 4.9.1 (/opt/ros/humble/share/std_srvs/cmake)
[13.235s] -- Configuring done
[13.439s] -- Generating done
[13.485s] -- Build files have been written to: /home/kate/robot_ws/build/rplidar_ros
