[0.971s] DEBUG:colcon:Command line arguments: ['/usr/bin/colcon', 'build', '--packages-select', 'my_bot']
[0.972s] DEBUG:colcon:Parsed command line arguments: Namespace(log_base=None, log_level=None, verb_name='build', build_base='build', install_base='install', merge_install=False, symlink_install=False, test_result_base=None, continue_on_error=False, executor='parallel', parallel_workers=4, event_handlers=None, ignore_user_meta=False, metas=['./colcon.meta'], base_paths=['.'], packages_ignore=None, packages_ignore_regex=None, paths=None, packages_up_to=None, packages_up_to_regex=None, packages_above=None, packages_above_and_dependencies=None, packages_above_depth=None, packages_select_by_dep=None, packages_skip_by_dep=None, packages_skip_up_to=None, packages_select_build_failed=False, packages_skip_build_finished=False, packages_select_test_failures=False, packages_skip_test_passed=False, packages_select=['my_bot'], packages_skip=None, packages_select_regex=None, packages_skip_regex=None, packages_start=None, packages_end=None, allow_overriding=[], cmake_args=None, cmake_target=None, cmake_target_skip_unavailable=False, cmake_clean_cache=False, cmake_clean_first=False, cmake_force_configure=False, ament_cmake_args=None, catkin_cmake_args=None, catkin_skip_building_tests=False, mixin_files=None, mixin=None, verb_parser=<colcon_mixin.mixin.mixin_argument.MixinArgumentDecorator object at 0xffff9c2ce530>, verb_extension=<colcon_core.verb.build.BuildVerb object at 0xffff9c483520>, main=<bound method BuildVerb.main of <colcon_core.verb.build.BuildVerb object at 0xffff9c483520>>, mixin_verb=('build',))
[3.037s] Level 1:colcon.colcon_core.package_discovery:discover_packages(colcon_meta) check parameters
[3.038s] Level 1:colcon.colcon_core.package_discovery:discover_packages(recursive) check parameters
[3.038s] Level 1:colcon.colcon_core.package_discovery:discover_packages(ignore) check parameters
[3.039s] Level 1:colcon.colcon_core.package_discovery:discover_packages(path) check parameters
[3.039s] Level 1:colcon.colcon_core.package_discovery:discover_packages(colcon_meta) discover
[3.039s] Level 1:colcon.colcon_core.package_discovery:discover_packages(recursive) discover
[3.039s] INFO:colcon.colcon_core.package_discovery:Crawling recursively for packages in '/home/kate/robot_ws'
[3.040s] Level 1:colcon.colcon_core.package_identification:_identify(.) by extensions ['ignore', 'ignore_ament_install']
[3.041s] Level 1:colcon.colcon_core.package_identification:_identify(.) by extension 'ignore'
[3.041s] Level 1:colcon.colcon_core.package_identification:_identify(.) by extension 'ignore_ament_install'
[3.042s] Level 1:colcon.colcon_core.package_identification:_identify(.) by extensions ['colcon_pkg']
[3.042s] Level 1:colcon.colcon_core.package_identification:_identify(.) by extension 'colcon_pkg'
[3.042s] Level 1:colcon.colcon_core.package_identification:_identify(.) by extensions ['colcon_meta']
[3.043s] Level 1:colcon.colcon_core.package_identification:_identify(.) by extension 'colcon_meta'
[3.043s] Level 1:colcon.colcon_core.package_identification:_identify(.) by extensions ['ros']
[3.043s] Level 1:colcon.colcon_core.package_identification:_identify(.) by extension 'ros'
[3.117s] Level 1:colcon.colcon_core.package_identification:_identify(.) by extensions ['cmake', 'python']
[3.118s] Level 1:colcon.colcon_core.package_identification:_identify(.) by extension 'cmake'
[3.118s] Level 1:colcon.colcon_core.package_identification:_identify(.) by extension 'python'
[3.120s] Level 1:colcon.colcon_core.package_identification:_identify(.) by extensions ['python_setup_py']
[3.121s] Level 1:colcon.colcon_core.package_identification:_identify(.) by extension 'python_setup_py'
[3.124s] Level 1:colcon.colcon_core.package_identification:_identify(build) by extensions ['ignore', 'ignore_ament_install']
[3.126s] Level 1:colcon.colcon_core.package_identification:_identify(build) by extension 'ignore'
[3.127s] Level 1:colcon.colcon_core.package_identification:_identify(build) ignored
[3.129s] Level 1:colcon.colcon_core.package_identification:_identify(install) by extensions ['ignore', 'ignore_ament_install']
[3.131s] Level 1:colcon.colcon_core.package_identification:_identify(install) by extension 'ignore'
[3.132s] Level 1:colcon.colcon_core.package_identification:_identify(install) ignored
[3.136s] Level 1:colcon.colcon_core.package_identification:_identify(log) by extensions ['ignore', 'ignore_ament_install']
[3.137s] Level 1:colcon.colcon_core.package_identification:_identify(log) by extension 'ignore'
[3.139s] Level 1:colcon.colcon_core.package_identification:_identify(log) ignored
[3.141s] Level 1:colcon.colcon_core.package_identification:_identify(src) by extensions ['ignore', 'ignore_ament_install']
[3.142s] Level 1:colcon.colcon_core.package_identification:_identify(src) by extension 'ignore'
[3.143s] Level 1:colcon.colcon_core.package_identification:_identify(src) by extension 'ignore_ament_install'
[3.144s] Level 1:colcon.colcon_core.package_identification:_identify(src) by extensions ['colcon_pkg']
[3.145s] Level 1:colcon.colcon_core.package_identification:_identify(src) by extension 'colcon_pkg'
[3.146s] Level 1:colcon.colcon_core.package_identification:_identify(src) by extensions ['colcon_meta']
[3.147s] Level 1:colcon.colcon_core.package_identification:_identify(src) by extension 'colcon_meta'
[3.149s] Level 1:colcon.colcon_core.package_identification:_identify(src) by extensions ['ros']
[3.149s] Level 1:colcon.colcon_core.package_identification:_identify(src) by extension 'ros'
[3.150s] Level 1:colcon.colcon_core.package_identification:_identify(src) by extensions ['cmake', 'python']
[3.151s] Level 1:colcon.colcon_core.package_identification:_identify(src) by extension 'cmake'
[3.152s] Level 1:colcon.colcon_core.package_identification:_identify(src) by extension 'python'
[3.153s] Level 1:colcon.colcon_core.package_identification:_identify(src) by extensions ['python_setup_py']
[3.153s] Level 1:colcon.colcon_core.package_identification:_identify(src) by extension 'python_setup_py'
[3.155s] Level 1:colcon.colcon_core.package_identification:_identify(src/my_bot) by extensions ['ignore', 'ignore_ament_install']
[3.158s] Level 1:colcon.colcon_core.package_identification:_identify(src/my_bot) by extension 'ignore'
[3.159s] Level 1:colcon.colcon_core.package_identification:_identify(src/my_bot) by extension 'ignore_ament_install'
[3.162s] Level 1:colcon.colcon_core.package_identification:_identify(src/my_bot) by extensions ['colcon_pkg']
[3.163s] Level 1:colcon.colcon_core.package_identification:_identify(src/my_bot) by extension 'colcon_pkg'
[3.164s] Level 1:colcon.colcon_core.package_identification:_identify(src/my_bot) by extensions ['colcon_meta']
[3.165s] Level 1:colcon.colcon_core.package_identification:_identify(src/my_bot) by extension 'colcon_meta'
[3.167s] Level 1:colcon.colcon_core.package_identification:_identify(src/my_bot) by extensions ['ros']
[3.168s] Level 1:colcon.colcon_core.package_identification:_identify(src/my_bot) by extension 'ros'
[3.186s] DEBUG:colcon.colcon_core.package_identification:Package 'src/my_bot' with type 'ros.ament_cmake' and name 'my_bot'
[3.188s] Level 1:colcon.colcon_core.package_identification:_identify(src/rplidar_ros) by extensions ['ignore', 'ignore_ament_install']
[3.189s] Level 1:colcon.colcon_core.package_identification:_identify(src/rplidar_ros) by extension 'ignore'
[3.191s] Level 1:colcon.colcon_core.package_identification:_identify(src/rplidar_ros) by extension 'ignore_ament_install'
[3.192s] Level 1:colcon.colcon_core.package_identification:_identify(src/rplidar_ros) by extensions ['colcon_pkg']
[3.193s] Level 1:colcon.colcon_core.package_identification:_identify(src/rplidar_ros) by extension 'colcon_pkg'
[3.194s] Level 1:colcon.colcon_core.package_identification:_identify(src/rplidar_ros) by extensions ['colcon_meta']
[3.197s] Level 1:colcon.colcon_core.package_identification:_identify(src/rplidar_ros) by extension 'colcon_meta'
[3.200s] Level 1:colcon.colcon_core.package_identification:_identify(src/rplidar_ros) by extensions ['ros']
[3.202s] Level 1:colcon.colcon_core.package_identification:_identify(src/rplidar_ros) by extension 'ros'
[3.214s] DEBUG:colcon.colcon_core.package_identification:Package 'src/rplidar_ros' with type 'ros.ament_cmake' and name 'rplidar_ros'
[3.215s] Level 1:colcon.colcon_core.package_discovery:discover_packages(recursive) using defaults
[3.216s] Level 1:colcon.colcon_core.package_discovery:discover_packages(ignore) discover
[3.216s] Level 1:colcon.colcon_core.package_discovery:discover_packages(ignore) using defaults
[3.217s] Level 1:colcon.colcon_core.package_discovery:discover_packages(path) discover
[3.218s] Level 1:colcon.colcon_core.package_discovery:discover_packages(path) using defaults
[3.420s] INFO:colcon.colcon_core.package_selection:Skipping not selected package 'rplidar_ros' in 'src/rplidar_ros'
[3.425s] Level 1:colcon.colcon_core.package_discovery:discover_packages(prefix_path) check parameters
[3.426s] Level 1:colcon.colcon_core.package_discovery:discover_packages(prefix_path) discover
[3.441s] DEBUG:colcon.colcon_installed_package_information.package_discovery:Found 2 installed packages in /home/kate/robot_ws/install
[3.444s] DEBUG:colcon.colcon_installed_package_information.package_discovery:Found 1 installed packages in /home/kate/ros_workspaces/ros2_ws/install
[3.458s] DEBUG:colcon.colcon_installed_package_information.package_discovery:Found 366 installed packages in /opt/ros/humble
[3.469s] Level 1:colcon.colcon_core.package_discovery:discover_packages(prefix_path) using defaults
[3.869s] Level 5:colcon.colcon_core.verb:set package 'my_bot' build argument 'cmake_args' from command line to 'None'
[3.869s] Level 5:colcon.colcon_core.verb:set package 'my_bot' build argument 'cmake_target' from command line to 'None'
[3.870s] Level 5:colcon.colcon_core.verb:set package 'my_bot' build argument 'cmake_target_skip_unavailable' from command line to 'False'
[3.870s] Level 5:colcon.colcon_core.verb:set package 'my_bot' build argument 'cmake_clean_cache' from command line to 'False'
[3.870s] Level 5:colcon.colcon_core.verb:set package 'my_bot' build argument 'cmake_clean_first' from command line to 'False'
[3.870s] Level 5:colcon.colcon_core.verb:set package 'my_bot' build argument 'cmake_force_configure' from command line to 'False'
[3.870s] Level 5:colcon.colcon_core.verb:set package 'my_bot' build argument 'ament_cmake_args' from command line to 'None'
[3.870s] Level 5:colcon.colcon_core.verb:set package 'my_bot' build argument 'catkin_cmake_args' from command line to 'None'
[3.870s] Level 5:colcon.colcon_core.verb:set package 'my_bot' build argument 'catkin_skip_building_tests' from command line to 'False'
[3.871s] DEBUG:colcon.colcon_core.verb:Building package 'my_bot' with the following arguments: {'ament_cmake_args': None, 'build_base': '/home/kate/robot_ws/build/my_bot', 'catkin_cmake_args': None, 'catkin_skip_building_tests': False, 'cmake_args': None, 'cmake_clean_cache': False, 'cmake_clean_first': False, 'cmake_force_configure': False, 'cmake_target': None, 'cmake_target_skip_unavailable': False, 'install_base': '/home/kate/robot_ws/install/my_bot', 'merge_install': False, 'path': '/home/kate/robot_ws/src/my_bot', 'symlink_install': False, 'test_result_base': None}
[3.872s] INFO:colcon.colcon_core.executor:Executing jobs using 'parallel' executor
[3.877s] DEBUG:colcon.colcon_parallel_executor.executor.parallel:run_until_complete
[3.878s] INFO:colcon.colcon_ros.task.ament_cmake.build:Building ROS package in '/home/kate/robot_ws/src/my_bot' with build type 'ament_cmake'
[3.879s] INFO:colcon.colcon_cmake.task.cmake.build:Building CMake package in '/home/kate/robot_ws/src/my_bot'
[3.903s] INFO:colcon.colcon_core.plugin_system:Skipping extension 'colcon_core.shell.bat': Not used on non-Windows systems
[3.904s] INFO:colcon.colcon_core.shell:Skip shell extension 'powershell' for command environment: Not usable outside of PowerShell
[3.904s] DEBUG:colcon.colcon_core.shell:Skip shell extension 'dsv' for command environment
[3.969s] DEBUG:colcon.colcon_core.event_handler.log_command:Invoking command in '/home/kate/robot_ws/build/my_bot': CMAKE_PREFIX_PATH=${CMAKE_PREFIX_PATH}:/home/kate/ros_workspaces/ros2_ws/install/arduino_serial_node:/opt/ros/humble /usr/bin/cmake /home/kate/robot_ws/src/my_bot -DCMAKE_INSTALL_PREFIX=/home/kate/robot_ws/install/my_bot
[5.897s] DEBUG:colcon.colcon_core.event_handler.log_command:Invoked command in '/home/kate/robot_ws/build/my_bot' returned '0': CMAKE_PREFIX_PATH=${CMAKE_PREFIX_PATH}:/home/kate/ros_workspaces/ros2_ws/install/arduino_serial_node:/opt/ros/humble /usr/bin/cmake /home/kate/robot_ws/src/my_bot -DCMAKE_INSTALL_PREFIX=/home/kate/robot_ws/install/my_bot
[5.914s] DEBUG:colcon.colcon_core.event_handler.log_command:Invoking command in '/home/kate/robot_ws/build/my_bot': CMAKE_PREFIX_PATH=${CMAKE_PREFIX_PATH}:/home/kate/ros_workspaces/ros2_ws/install/arduino_serial_node:/opt/ros/humble /usr/bin/cmake --build /home/kate/robot_ws/build/my_bot -- -j4 -l4
[6.199s] DEBUG:colcon.colcon_core.event_handler.log_command:Invoked command in '/home/kate/robot_ws/build/my_bot' returned '0': CMAKE_PREFIX_PATH=${CMAKE_PREFIX_PATH}:/home/kate/ros_workspaces/ros2_ws/install/arduino_serial_node:/opt/ros/humble /usr/bin/cmake --build /home/kate/robot_ws/build/my_bot -- -j4 -l4
[6.253s] DEBUG:colcon.colcon_core.event_handler.log_command:Invoking command in '/home/kate/robot_ws/build/my_bot': CMAKE_PREFIX_PATH=${CMAKE_PREFIX_PATH}:/home/kate/ros_workspaces/ros2_ws/install/arduino_serial_node:/opt/ros/humble /usr/bin/cmake --install /home/kate/robot_ws/build/my_bot
[6.372s] Level 1:colcon.colcon_core.environment:create_environment_scripts_only(my_bot)
[6.374s] DEBUG:colcon.colcon_core.event_handler.log_command:Invoked command in '/home/kate/robot_ws/build/my_bot' returned '0': CMAKE_PREFIX_PATH=${CMAKE_PREFIX_PATH}:/home/kate/ros_workspaces/ros2_ws/install/arduino_serial_node:/opt/ros/humble /usr/bin/cmake --install /home/kate/robot_ws/build/my_bot
[6.392s] Level 1:colcon.colcon_core.environment:checking '/home/kate/robot_ws/install/my_bot' for CMake module files
[6.397s] Level 1:colcon.colcon_core.environment:checking '/home/kate/robot_ws/install/my_bot' for CMake config files
[6.401s] Level 1:colcon.colcon_core.shell:create_environment_hook('my_bot', 'cmake_prefix_path')
[6.403s] INFO:colcon.colcon_core.shell:Creating environment hook '/home/kate/robot_ws/install/my_bot/share/my_bot/hook/cmake_prefix_path.ps1'
[6.409s] INFO:colcon.colcon_core.shell:Creating environment descriptor '/home/kate/robot_ws/install/my_bot/share/my_bot/hook/cmake_prefix_path.dsv'
[6.415s] INFO:colcon.colcon_core.shell:Creating environment hook '/home/kate/robot_ws/install/my_bot/share/my_bot/hook/cmake_prefix_path.sh'
[6.421s] Level 1:colcon.colcon_core.environment:checking '/home/kate/robot_ws/install/my_bot/lib'
[6.422s] Level 1:colcon.colcon_core.environment:checking '/home/kate/robot_ws/install/my_bot/bin'
[6.423s] Level 1:colcon.colcon_core.environment:checking '/home/kate/robot_ws/install/my_bot/lib/pkgconfig/my_bot.pc'
[6.425s] Level 1:colcon.colcon_core.environment:checking '/home/kate/robot_ws/install/my_bot/lib/python3.10/site-packages'
[6.427s] Level 1:colcon.colcon_core.environment:checking '/home/kate/robot_ws/install/my_bot/bin'
[6.429s] INFO:colcon.colcon_core.shell:Creating package script '/home/kate/robot_ws/install/my_bot/share/my_bot/package.ps1'
[6.436s] INFO:colcon.colcon_core.shell:Creating package descriptor '/home/kate/robot_ws/install/my_bot/share/my_bot/package.dsv'
[6.441s] INFO:colcon.colcon_core.shell:Creating package script '/home/kate/robot_ws/install/my_bot/share/my_bot/package.sh'
[6.447s] INFO:colcon.colcon_core.shell:Creating package script '/home/kate/robot_ws/install/my_bot/share/my_bot/package.bash'
[6.452s] INFO:colcon.colcon_core.shell:Creating package script '/home/kate/robot_ws/install/my_bot/share/my_bot/package.zsh'
[6.457s] Level 1:colcon.colcon_core.environment:create_file_with_runtime_dependencies(/home/kate/robot_ws/install/my_bot/share/colcon-core/packages/my_bot)
[6.462s] Level 1:colcon.colcon_core.environment:create_environment_scripts_only(my_bot)
[6.464s] Level 1:colcon.colcon_core.environment:checking '/home/kate/robot_ws/install/my_bot' for CMake module files
[6.469s] Level 1:colcon.colcon_core.environment:checking '/home/kate/robot_ws/install/my_bot' for CMake config files
[6.473s] Level 1:colcon.colcon_core.shell:create_environment_hook('my_bot', 'cmake_prefix_path')
[6.474s] INFO:colcon.colcon_core.shell:Creating environment hook '/home/kate/robot_ws/install/my_bot/share/my_bot/hook/cmake_prefix_path.ps1'
[6.478s] INFO:colcon.colcon_core.shell:Creating environment descriptor '/home/kate/robot_ws/install/my_bot/share/my_bot/hook/cmake_prefix_path.dsv'
[6.483s] INFO:colcon.colcon_core.shell:Creating environment hook '/home/kate/robot_ws/install/my_bot/share/my_bot/hook/cmake_prefix_path.sh'
[6.488s] Level 1:colcon.colcon_core.environment:checking '/home/kate/robot_ws/install/my_bot/lib'
[6.489s] Level 1:colcon.colcon_core.environment:checking '/home/kate/robot_ws/install/my_bot/bin'
[6.490s] Level 1:colcon.colcon_core.environment:checking '/home/kate/robot_ws/install/my_bot/lib/pkgconfig/my_bot.pc'
[6.492s] Level 1:colcon.colcon_core.environment:checking '/home/kate/robot_ws/install/my_bot/lib/python3.10/site-packages'
[6.495s] Level 1:colcon.colcon_core.environment:checking '/home/kate/robot_ws/install/my_bot/bin'
[6.497s] INFO:colcon.colcon_core.shell:Creating package script '/home/kate/robot_ws/install/my_bot/share/my_bot/package.ps1'
[6.501s] INFO:colcon.colcon_core.shell:Creating package descriptor '/home/kate/robot_ws/install/my_bot/share/my_bot/package.dsv'
[6.507s] INFO:colcon.colcon_core.shell:Creating package script '/home/kate/robot_ws/install/my_bot/share/my_bot/package.sh'
[6.511s] INFO:colcon.colcon_core.shell:Creating package script '/home/kate/robot_ws/install/my_bot/share/my_bot/package.bash'
[6.518s] INFO:colcon.colcon_core.shell:Creating package script '/home/kate/robot_ws/install/my_bot/share/my_bot/package.zsh'
[6.522s] Level 1:colcon.colcon_core.environment:create_file_with_runtime_dependencies(/home/kate/robot_ws/install/my_bot/share/colcon-core/packages/my_bot)
[6.527s] DEBUG:colcon.colcon_parallel_executor.executor.parallel:closing loop
[6.528s] DEBUG:colcon.colcon_parallel_executor.executor.parallel:loop closed
[6.529s] DEBUG:colcon.colcon_parallel_executor.executor.parallel:run_until_complete finished with '0'
[6.530s] DEBUG:colcon.colcon_core.event_reactor:joining thread
[6.563s] INFO:colcon.colcon_core.plugin_system:Skipping extension 'colcon_notification.desktop_notification.terminal_notifier': Not used on non-Darwin systems
[6.564s] INFO:colcon.colcon_core.plugin_system:Skipping extension 'colcon_notification.desktop_notification.win32': Not used on non-Windows systems
[6.565s] INFO:colcon.colcon_notification.desktop_notification:Sending desktop notification using 'notify2'
[6.599s] DEBUG:colcon.colcon_core.event_reactor:joined thread
[6.602s] INFO:colcon.colcon_core.shell:Creating prefix script '/home/kate/robot_ws/install/local_setup.ps1'
[6.608s] INFO:colcon.colcon_core.shell:Creating prefix util module '/home/kate/robot_ws/install/_local_setup_util_ps1.py'
[6.618s] INFO:colcon.colcon_core.shell:Creating prefix chain script '/home/kate/robot_ws/install/setup.ps1'
[6.644s] INFO:colcon.colcon_core.shell:Creating prefix script '/home/kate/robot_ws/install/local_setup.sh'
[6.649s] INFO:colcon.colcon_core.shell:Creating prefix util module '/home/kate/robot_ws/install/_local_setup_util_sh.py'
[6.656s] INFO:colcon.colcon_core.shell:Creating prefix chain script '/home/kate/robot_ws/install/setup.sh'
[6.663s] INFO:colcon.colcon_core.shell:Creating prefix script '/home/kate/robot_ws/install/local_setup.bash'
[6.667s] INFO:colcon.colcon_core.shell:Creating prefix chain script '/home/kate/robot_ws/install/setup.bash'
[6.674s] INFO:colcon.colcon_core.shell:Creating prefix script '/home/kate/robot_ws/install/local_setup.zsh'
[6.677s] INFO:colcon.colcon_core.shell:Creating prefix chain script '/home/kate/robot_ws/install/setup.zsh'
