[0.813s] DEBUG:colcon:Command line arguments: ['/usr/bin/colcon', 'build', '--symlink-install']
[0.813s] DEBUG:colcon:Parsed command line arguments: Namespace(log_base=None, log_level=None, verb_name='build', build_base='build', install_base='install', merge_install=False, symlink_install=True, test_result_base=None, continue_on_error=False, executor='parallel', parallel_workers=4, event_handlers=None, ignore_user_meta=False, metas=['./colcon.meta'], base_paths=['.'], packages_ignore=None, packages_ignore_regex=None, paths=None, packages_up_to=None, packages_up_to_regex=None, packages_above=None, packages_above_and_dependencies=None, packages_above_depth=None, packages_select_by_dep=None, packages_skip_by_dep=None, packages_skip_up_to=None, packages_select_build_failed=False, packages_skip_build_finished=False, packages_select_test_failures=False, packages_skip_test_passed=False, packages_select=None, packages_skip=None, packages_select_regex=None, packages_skip_regex=None, packages_start=None, packages_end=None, allow_overriding=[], cmake_args=None, cmake_target=None, cmake_target_skip_unavailable=False, cmake_clean_cache=False, cmake_clean_first=False, cmake_force_configure=False, ament_cmake_args=None, catkin_cmake_args=None, catkin_skip_building_tests=False, mixin_files=None, mixin=None, verb_parser=<colcon_mixin.mixin.mixin_argument.MixinArgumentDecorator object at 0xffffaa1ae500>, verb_extension=<colcon_core.verb.build.BuildVerb object at 0xffffaa3634f0>, main=<bound method BuildVerb.main of <colcon_core.verb.build.BuildVerb object at 0xffffaa3634f0>>, mixin_verb=('build',))
[2.466s] Level 1:colcon.colcon_core.package_discovery:discover_packages(colcon_meta) check parameters
[2.467s] Level 1:colcon.colcon_core.package_discovery:discover_packages(recursive) check parameters
[2.468s] Level 1:colcon.colcon_core.package_discovery:discover_packages(ignore) check parameters
[2.469s] Level 1:colcon.colcon_core.package_discovery:discover_packages(path) check parameters
[2.470s] Level 1:colcon.colcon_core.package_discovery:discover_packages(colcon_meta) discover
[2.471s] Level 1:colcon.colcon_core.package_discovery:discover_packages(recursive) discover
[2.473s] INFO:colcon.colcon_core.package_discovery:Crawling recursively for packages in '/home/kate/robot_ws'
[2.475s] Level 1:colcon.colcon_core.package_identification:_identify(.) by extensions ['ignore', 'ignore_ament_install']
[2.476s] Level 1:colcon.colcon_core.package_identification:_identify(.) by extension 'ignore'
[2.477s] Level 1:colcon.colcon_core.package_identification:_identify(.) by extension 'ignore_ament_install'
[2.479s] Level 1:colcon.colcon_core.package_identification:_identify(.) by extensions ['colcon_pkg']
[2.479s] Level 1:colcon.colcon_core.package_identification:_identify(.) by extension 'colcon_pkg'
[2.480s] Level 1:colcon.colcon_core.package_identification:_identify(.) by extensions ['colcon_meta']
[2.481s] Level 1:colcon.colcon_core.package_identification:_identify(.) by extension 'colcon_meta'
[2.482s] Level 1:colcon.colcon_core.package_identification:_identify(.) by extensions ['ros']
[2.483s] Level 1:colcon.colcon_core.package_identification:_identify(.) by extension 'ros'
[2.549s] Level 1:colcon.colcon_core.package_identification:_identify(.) by extensions ['cmake', 'python']
[2.550s] Level 1:colcon.colcon_core.package_identification:_identify(.) by extension 'cmake'
[2.551s] Level 1:colcon.colcon_core.package_identification:_identify(.) by extension 'python'
[2.552s] Level 1:colcon.colcon_core.package_identification:_identify(.) by extensions ['python_setup_py']
[2.553s] Level 1:colcon.colcon_core.package_identification:_identify(.) by extension 'python_setup_py'
[2.555s] Level 1:colcon.colcon_core.package_identification:_identify(build) by extensions ['ignore', 'ignore_ament_install']
[2.556s] Level 1:colcon.colcon_core.package_identification:_identify(build) by extension 'ignore'
[2.557s] Level 1:colcon.colcon_core.package_identification:_identify(build) ignored
[2.559s] Level 1:colcon.colcon_core.package_identification:_identify(install) by extensions ['ignore', 'ignore_ament_install']
[2.560s] Level 1:colcon.colcon_core.package_identification:_identify(install) by extension 'ignore'
[2.561s] Level 1:colcon.colcon_core.package_identification:_identify(install) ignored
[2.563s] Level 1:colcon.colcon_core.package_identification:_identify(log) by extensions ['ignore', 'ignore_ament_install']
[2.564s] Level 1:colcon.colcon_core.package_identification:_identify(log) by extension 'ignore'
[2.565s] Level 1:colcon.colcon_core.package_identification:_identify(log) ignored
[2.566s] Level 1:colcon.colcon_core.package_identification:_identify(src) by extensions ['ignore', 'ignore_ament_install']
[2.567s] Level 1:colcon.colcon_core.package_identification:_identify(src) by extension 'ignore'
[2.568s] Level 1:colcon.colcon_core.package_identification:_identify(src) by extension 'ignore_ament_install'
[2.569s] Level 1:colcon.colcon_core.package_identification:_identify(src) by extensions ['colcon_pkg']
[2.570s] Level 1:colcon.colcon_core.package_identification:_identify(src) by extension 'colcon_pkg'
[2.571s] Level 1:colcon.colcon_core.package_identification:_identify(src) by extensions ['colcon_meta']
[2.572s] Level 1:colcon.colcon_core.package_identification:_identify(src) by extension 'colcon_meta'
[2.573s] Level 1:colcon.colcon_core.package_identification:_identify(src) by extensions ['ros']
[2.574s] Level 1:colcon.colcon_core.package_identification:_identify(src) by extension 'ros'
[2.575s] Level 1:colcon.colcon_core.package_identification:_identify(src) by extensions ['cmake', 'python']
[2.576s] Level 1:colcon.colcon_core.package_identification:_identify(src) by extension 'cmake'
[2.576s] Level 1:colcon.colcon_core.package_identification:_identify(src) by extension 'python'
[2.577s] Level 1:colcon.colcon_core.package_identification:_identify(src) by extensions ['python_setup_py']
[2.577s] Level 1:colcon.colcon_core.package_identification:_identify(src) by extension 'python_setup_py'
[2.578s] Level 1:colcon.colcon_core.package_identification:_identify(src/description) by extensions ['ignore', 'ignore_ament_install']
[2.579s] Level 1:colcon.colcon_core.package_identification:_identify(src/description) by extension 'ignore'
[2.579s] Level 1:colcon.colcon_core.package_identification:_identify(src/description) by extension 'ignore_ament_install'
[2.580s] Level 1:colcon.colcon_core.package_identification:_identify(src/description) by extensions ['colcon_pkg']
[2.580s] Level 1:colcon.colcon_core.package_identification:_identify(src/description) by extension 'colcon_pkg'
[2.580s] Level 1:colcon.colcon_core.package_identification:_identify(src/description) by extensions ['colcon_meta']
[2.581s] Level 1:colcon.colcon_core.package_identification:_identify(src/description) by extension 'colcon_meta'
[2.581s] Level 1:colcon.colcon_core.package_identification:_identify(src/description) by extensions ['ros']
[2.581s] Level 1:colcon.colcon_core.package_identification:_identify(src/description) by extension 'ros'
[2.582s] Level 1:colcon.colcon_core.package_identification:_identify(src/description) by extensions ['cmake', 'python']
[2.582s] Level 1:colcon.colcon_core.package_identification:_identify(src/description) by extension 'cmake'
[2.582s] Level 1:colcon.colcon_core.package_identification:_identify(src/description) by extension 'python'
[2.583s] Level 1:colcon.colcon_core.package_identification:_identify(src/description) by extensions ['python_setup_py']
[2.584s] Level 1:colcon.colcon_core.package_identification:_identify(src/description) by extension 'python_setup_py'
[2.585s] Level 1:colcon.colcon_core.package_identification:_identify(src/my_bot) by extensions ['ignore', 'ignore_ament_install']
[2.585s] Level 1:colcon.colcon_core.package_identification:_identify(src/my_bot) by extension 'ignore'
[2.585s] Level 1:colcon.colcon_core.package_identification:_identify(src/my_bot) by extension 'ignore_ament_install'
[2.586s] Level 1:colcon.colcon_core.package_identification:_identify(src/my_bot) by extensions ['colcon_pkg']
[2.586s] Level 1:colcon.colcon_core.package_identification:_identify(src/my_bot) by extension 'colcon_pkg'
[2.586s] Level 1:colcon.colcon_core.package_identification:_identify(src/my_bot) by extensions ['colcon_meta']
[2.587s] Level 1:colcon.colcon_core.package_identification:_identify(src/my_bot) by extension 'colcon_meta'
[2.587s] Level 1:colcon.colcon_core.package_identification:_identify(src/my_bot) by extensions ['ros']
[2.588s] Level 1:colcon.colcon_core.package_identification:_identify(src/my_bot) by extension 'ros'
[2.600s] DEBUG:colcon.colcon_core.package_identification:Package 'src/my_bot' with type 'ros.ament_cmake' and name 'my_bot'
[2.601s] Level 1:colcon.colcon_core.package_identification:_identify(src/rplidar_ros) by extensions ['ignore', 'ignore_ament_install']
[2.602s] Level 1:colcon.colcon_core.package_identification:_identify(src/rplidar_ros) by extension 'ignore'
[2.602s] Level 1:colcon.colcon_core.package_identification:_identify(src/rplidar_ros) by extension 'ignore_ament_install'
[2.603s] Level 1:colcon.colcon_core.package_identification:_identify(src/rplidar_ros) by extensions ['colcon_pkg']
[2.603s] Level 1:colcon.colcon_core.package_identification:_identify(src/rplidar_ros) by extension 'colcon_pkg'
[2.604s] Level 1:colcon.colcon_core.package_identification:_identify(src/rplidar_ros) by extensions ['colcon_meta']
[2.604s] Level 1:colcon.colcon_core.package_identification:_identify(src/rplidar_ros) by extension 'colcon_meta'
[2.605s] Level 1:colcon.colcon_core.package_identification:_identify(src/rplidar_ros) by extensions ['ros']
[2.605s] Level 1:colcon.colcon_core.package_identification:_identify(src/rplidar_ros) by extension 'ros'
[2.616s] DEBUG:colcon.colcon_core.package_identification:Package 'src/rplidar_ros' with type 'ros.ament_cmake' and name 'rplidar_ros'
[2.617s] Level 1:colcon.colcon_core.package_discovery:discover_packages(recursive) using defaults
[2.617s] Level 1:colcon.colcon_core.package_discovery:discover_packages(ignore) discover
[2.617s] Level 1:colcon.colcon_core.package_discovery:discover_packages(ignore) using defaults
[2.617s] Level 1:colcon.colcon_core.package_discovery:discover_packages(path) discover
[2.618s] Level 1:colcon.colcon_core.package_discovery:discover_packages(path) using defaults
[2.787s] Level 1:colcon.colcon_core.package_discovery:discover_packages(prefix_path) check parameters
[2.788s] Level 1:colcon.colcon_core.package_discovery:discover_packages(prefix_path) discover
[2.801s] DEBUG:colcon.colcon_installed_package_information.package_discovery:Found 1 installed packages in /home/kate/ros_workspaces/ros2_ws/install
[2.814s] DEBUG:colcon.colcon_installed_package_information.package_discovery:Found 366 installed packages in /opt/ros/humble
[2.825s] Level 1:colcon.colcon_core.package_discovery:discover_packages(prefix_path) using defaults
[3.188s] Level 5:colcon.colcon_core.verb:set package 'my_bot' build argument 'cmake_args' from command line to 'None'
[3.188s] Level 5:colcon.colcon_core.verb:set package 'my_bot' build argument 'cmake_target' from command line to 'None'
[3.189s] Level 5:colcon.colcon_core.verb:set package 'my_bot' build argument 'cmake_target_skip_unavailable' from command line to 'False'
[3.189s] Level 5:colcon.colcon_core.verb:set package 'my_bot' build argument 'cmake_clean_cache' from command line to 'False'
[3.189s] Level 5:colcon.colcon_core.verb:set package 'my_bot' build argument 'cmake_clean_first' from command line to 'False'
[3.190s] Level 5:colcon.colcon_core.verb:set package 'my_bot' build argument 'cmake_force_configure' from command line to 'False'
[3.190s] Level 5:colcon.colcon_core.verb:set package 'my_bot' build argument 'ament_cmake_args' from command line to 'None'
[3.190s] Level 5:colcon.colcon_core.verb:set package 'my_bot' build argument 'catkin_cmake_args' from command line to 'None'
[3.190s] Level 5:colcon.colcon_core.verb:set package 'my_bot' build argument 'catkin_skip_building_tests' from command line to 'False'
[3.191s] DEBUG:colcon.colcon_core.verb:Building package 'my_bot' with the following arguments: {'ament_cmake_args': None, 'build_base': '/home/kate/robot_ws/build/my_bot', 'catkin_cmake_args': None, 'catkin_skip_building_tests': False, 'cmake_args': None, 'cmake_clean_cache': False, 'cmake_clean_first': False, 'cmake_force_configure': False, 'cmake_target': None, 'cmake_target_skip_unavailable': False, 'install_base': '/home/kate/robot_ws/install/my_bot', 'merge_install': False, 'path': '/home/kate/robot_ws/src/my_bot', 'symlink_install': True, 'test_result_base': None}
[3.194s] Level 5:colcon.colcon_core.verb:set package 'rplidar_ros' build argument 'cmake_args' from command line to 'None'
[3.195s] Level 5:colcon.colcon_core.verb:set package 'rplidar_ros' build argument 'cmake_target' from command line to 'None'
[3.195s] Level 5:colcon.colcon_core.verb:set package 'rplidar_ros' build argument 'cmake_target_skip_unavailable' from command line to 'False'
[3.195s] Level 5:colcon.colcon_core.verb:set package 'rplidar_ros' build argument 'cmake_clean_cache' from command line to 'False'
[3.195s] Level 5:colcon.colcon_core.verb:set package 'rplidar_ros' build argument 'cmake_clean_first' from command line to 'False'
[3.196s] Level 5:colcon.colcon_core.verb:set package 'rplidar_ros' build argument 'cmake_force_configure' from command line to 'False'
[3.196s] Level 5:colcon.colcon_core.verb:set package 'rplidar_ros' build argument 'ament_cmake_args' from command line to 'None'
[3.196s] Level 5:colcon.colcon_core.verb:set package 'rplidar_ros' build argument 'catkin_cmake_args' from command line to 'None'
[3.196s] Level 5:colcon.colcon_core.verb:set package 'rplidar_ros' build argument 'catkin_skip_building_tests' from command line to 'False'
[3.197s] DEBUG:colcon.colcon_core.verb:Building package 'rplidar_ros' with the following arguments: {'ament_cmake_args': None, 'build_base': '/home/kate/robot_ws/build/rplidar_ros', 'catkin_cmake_args': None, 'catkin_skip_building_tests': False, 'cmake_args': None, 'cmake_clean_cache': False, 'cmake_clean_first': False, 'cmake_force_configure': False, 'cmake_target': None, 'cmake_target_skip_unavailable': False, 'install_base': '/home/kate/robot_ws/install/rplidar_ros', 'merge_install': False, 'path': '/home/kate/robot_ws/src/rplidar_ros', 'symlink_install': True, 'test_result_base': None}
[3.198s] INFO:colcon.colcon_core.executor:Executing jobs using 'parallel' executor
[3.203s] DEBUG:colcon.colcon_parallel_executor.executor.parallel:run_until_complete
[3.204s] INFO:colcon.colcon_ros.task.ament_cmake.build:Building ROS package in '/home/kate/robot_ws/src/my_bot' with build type 'ament_cmake'
[3.205s] INFO:colcon.colcon_cmake.task.cmake.build:Building CMake package in '/home/kate/robot_ws/src/my_bot'
[3.219s] INFO:colcon.colcon_core.plugin_system:Skipping extension 'colcon_core.shell.bat': Not used on non-Windows systems
[3.220s] INFO:colcon.colcon_core.shell:Skip shell extension 'powershell' for command environment: Not usable outside of PowerShell
[3.221s] DEBUG:colcon.colcon_core.shell:Skip shell extension 'dsv' for command environment
[3.265s] INFO:colcon.colcon_ros.task.ament_cmake.build:Building ROS package in '/home/kate/robot_ws/src/rplidar_ros' with build type 'ament_cmake'
[3.265s] INFO:colcon.colcon_cmake.task.cmake.build:Building CMake package in '/home/kate/robot_ws/src/rplidar_ros'
[3.268s] INFO:colcon.colcon_core.shell:Skip shell extension 'powershell' for command environment: Not usable outside of PowerShell
[3.268s] DEBUG:colcon.colcon_core.shell:Skip shell extension 'dsv' for command environment
[3.326s] DEBUG:colcon.colcon_core.event_handler.log_command:Invoking command in '/home/kate/robot_ws/build/my_bot': CMAKE_PREFIX_PATH=/home/kate/ros_workspaces/ros2_ws/install/arduino_serial_node:/opt/ros/humble /usr/bin/cmake --build /home/kate/robot_ws/build/my_bot -- -j4 -l4
[3.365s] DEBUG:colcon.colcon_core.event_handler.log_command:Invoking command in '/home/kate/robot_ws/build/rplidar_ros': CMAKE_PREFIX_PATH=/home/kate/ros_workspaces/ros2_ws/install/arduino_serial_node:/opt/ros/humble /usr/bin/cmake --build /home/kate/robot_ws/build/rplidar_ros -- -j4 -l4
[4.264s] DEBUG:colcon.colcon_core.event_handler.log_command:Invoked command in '/home/kate/robot_ws/build/rplidar_ros' returned '0': CMAKE_PREFIX_PATH=/home/kate/ros_workspaces/ros2_ws/install/arduino_serial_node:/opt/ros/humble /usr/bin/cmake --build /home/kate/robot_ws/build/rplidar_ros -- -j4 -l4
[4.343s] DEBUG:colcon.colcon_core.event_handler.log_command:Invoking command in '/home/kate/robot_ws/build/rplidar_ros': CMAKE_PREFIX_PATH=/home/kate/ros_workspaces/ros2_ws/install/arduino_serial_node:/opt/ros/humble /usr/bin/cmake --install /home/kate/robot_ws/build/rplidar_ros
[4.621s] Level 1:colcon.colcon_core.environment:create_environment_scripts_only(rplidar_ros)
[4.637s] DEBUG:colcon.colcon_core.event_handler.log_command:Invoked command in '/home/kate/robot_ws/build/rplidar_ros' returned '0': CMAKE_PREFIX_PATH=/home/kate/ros_workspaces/ros2_ws/install/arduino_serial_node:/opt/ros/humble /usr/bin/cmake --install /home/kate/robot_ws/build/rplidar_ros
[4.651s] Level 1:colcon.colcon_core.environment:checking '/home/kate/robot_ws/install/rplidar_ros' for CMake module files
[4.655s] Level 1:colcon.colcon_core.environment:checking '/home/kate/robot_ws/install/rplidar_ros' for CMake config files
[4.660s] Level 1:colcon.colcon_core.shell:create_environment_hook('rplidar_ros', 'cmake_prefix_path')
[4.662s] INFO:colcon.colcon_core.shell:Creating environment hook '/home/kate/robot_ws/install/rplidar_ros/share/rplidar_ros/hook/cmake_prefix_path.ps1'
[4.669s] INFO:colcon.colcon_core.shell:Creating environment descriptor '/home/kate/robot_ws/install/rplidar_ros/share/rplidar_ros/hook/cmake_prefix_path.dsv'
[4.674s] INFO:colcon.colcon_core.shell:Creating environment hook '/home/kate/robot_ws/install/rplidar_ros/share/rplidar_ros/hook/cmake_prefix_path.sh'
[4.684s] Level 1:colcon.colcon_core.environment:checking '/home/kate/robot_ws/install/rplidar_ros/lib'
[4.687s] Level 1:colcon.colcon_core.environment:checking '/home/kate/robot_ws/install/rplidar_ros/bin'
[4.690s] Level 1:colcon.colcon_core.environment:checking '/home/kate/robot_ws/install/rplidar_ros/lib/pkgconfig/rplidar_ros.pc'
[4.691s] Level 1:colcon.colcon_core.environment:checking '/home/kate/robot_ws/install/rplidar_ros/lib/python3.10/site-packages'
[4.694s] Level 1:colcon.colcon_core.environment:checking '/home/kate/robot_ws/install/rplidar_ros/bin'
[4.696s] INFO:colcon.colcon_core.shell:Creating package script '/home/kate/robot_ws/install/rplidar_ros/share/rplidar_ros/package.ps1'
[4.710s] INFO:colcon.colcon_core.shell:Creating package descriptor '/home/kate/robot_ws/install/rplidar_ros/share/rplidar_ros/package.dsv'
[4.713s] INFO:colcon.colcon_core.shell:Creating package script '/home/kate/robot_ws/install/rplidar_ros/share/rplidar_ros/package.sh'
[4.720s] INFO:colcon.colcon_core.shell:Creating package script '/home/kate/robot_ws/install/rplidar_ros/share/rplidar_ros/package.bash'
[4.725s] INFO:colcon.colcon_core.shell:Creating package script '/home/kate/robot_ws/install/rplidar_ros/share/rplidar_ros/package.zsh'
[4.732s] Level 1:colcon.colcon_core.environment:create_file_with_runtime_dependencies(/home/kate/robot_ws/install/rplidar_ros/share/colcon-core/packages/rplidar_ros)
[4.736s] Level 1:colcon.colcon_core.environment:create_environment_scripts_only(rplidar_ros)
[4.743s] Level 1:colcon.colcon_core.environment:checking '/home/kate/robot_ws/install/rplidar_ros' for CMake module files
[4.751s] Level 1:colcon.colcon_core.environment:checking '/home/kate/robot_ws/install/rplidar_ros' for CMake config files
[4.755s] Level 1:colcon.colcon_core.shell:create_environment_hook('rplidar_ros', 'cmake_prefix_path')
[4.758s] INFO:colcon.colcon_core.shell:Creating environment hook '/home/kate/robot_ws/install/rplidar_ros/share/rplidar_ros/hook/cmake_prefix_path.ps1'
[4.764s] INFO:colcon.colcon_core.shell:Creating environment descriptor '/home/kate/robot_ws/install/rplidar_ros/share/rplidar_ros/hook/cmake_prefix_path.dsv'
[4.769s] INFO:colcon.colcon_core.shell:Creating environment hook '/home/kate/robot_ws/install/rplidar_ros/share/rplidar_ros/hook/cmake_prefix_path.sh'
[4.774s] Level 1:colcon.colcon_core.environment:checking '/home/kate/robot_ws/install/rplidar_ros/lib'
[4.775s] Level 1:colcon.colcon_core.environment:checking '/home/kate/robot_ws/install/rplidar_ros/bin'
[4.776s] Level 1:colcon.colcon_core.environment:checking '/home/kate/robot_ws/install/rplidar_ros/lib/pkgconfig/rplidar_ros.pc'
[4.779s] Level 1:colcon.colcon_core.environment:checking '/home/kate/robot_ws/install/rplidar_ros/lib/python3.10/site-packages'
[4.781s] Level 1:colcon.colcon_core.environment:checking '/home/kate/robot_ws/install/rplidar_ros/bin'
[4.784s] INFO:colcon.colcon_core.shell:Creating package script '/home/kate/robot_ws/install/rplidar_ros/share/rplidar_ros/package.ps1'
[4.789s] INFO:colcon.colcon_core.shell:Creating package descriptor '/home/kate/robot_ws/install/rplidar_ros/share/rplidar_ros/package.dsv'
[4.795s] INFO:colcon.colcon_core.shell:Creating package script '/home/kate/robot_ws/install/rplidar_ros/share/rplidar_ros/package.sh'
[4.800s] INFO:colcon.colcon_core.shell:Creating package script '/home/kate/robot_ws/install/rplidar_ros/share/rplidar_ros/package.bash'
[4.804s] INFO:colcon.colcon_core.shell:Creating package script '/home/kate/robot_ws/install/rplidar_ros/share/rplidar_ros/package.zsh'
[4.809s] Level 1:colcon.colcon_core.environment:create_file_with_runtime_dependencies(/home/kate/robot_ws/install/rplidar_ros/share/colcon-core/packages/rplidar_ros)
[5.996s] DEBUG:colcon.colcon_core.event_handler.log_command:Invoked command in '/home/kate/robot_ws/build/my_bot' returned '0': CMAKE_PREFIX_PATH=/home/kate/ros_workspaces/ros2_ws/install/arduino_serial_node:/opt/ros/humble /usr/bin/cmake --build /home/kate/robot_ws/build/my_bot -- -j4 -l4
[6.017s] DEBUG:colcon.colcon_core.event_handler.log_command:Invoking command in '/home/kate/robot_ws/build/my_bot': CMAKE_PREFIX_PATH=/home/kate/ros_workspaces/ros2_ws/install/arduino_serial_node:/opt/ros/humble /usr/bin/cmake --install /home/kate/robot_ws/build/my_bot
[6.121s] Level 1:colcon.colcon_core.environment:create_environment_scripts_only(my_bot)
[6.123s] Level 1:colcon.colcon_core.environment:checking '/home/kate/robot_ws/install/my_bot' for CMake module files
[6.133s] Level 1:colcon.colcon_core.environment:checking '/home/kate/robot_ws/install/my_bot' for CMake config files
[6.136s] DEBUG:colcon.colcon_core.event_handler.log_command:Invoked command in '/home/kate/robot_ws/build/my_bot' returned '1': CMAKE_PREFIX_PATH=/home/kate/ros_workspaces/ros2_ws/install/arduino_serial_node:/opt/ros/humble /usr/bin/cmake --install /home/kate/robot_ws/build/my_bot
[6.143s] Level 1:colcon.colcon_core.shell:create_environment_hook('my_bot', 'cmake_prefix_path')
[6.145s] INFO:colcon.colcon_core.shell:Creating environment hook '/home/kate/robot_ws/install/my_bot/share/my_bot/hook/cmake_prefix_path.ps1'
[6.150s] INFO:colcon.colcon_core.shell:Creating environment descriptor '/home/kate/robot_ws/install/my_bot/share/my_bot/hook/cmake_prefix_path.dsv'
[6.155s] INFO:colcon.colcon_core.shell:Creating environment hook '/home/kate/robot_ws/install/my_bot/share/my_bot/hook/cmake_prefix_path.sh'
[6.162s] Level 1:colcon.colcon_core.environment:checking '/home/kate/robot_ws/install/my_bot/lib'
[6.163s] Level 1:colcon.colcon_core.environment:checking '/home/kate/robot_ws/install/my_bot/bin'
[6.163s] Level 1:colcon.colcon_core.environment:checking '/home/kate/robot_ws/install/my_bot/lib/pkgconfig/my_bot.pc'
[6.165s] Level 1:colcon.colcon_core.environment:checking '/home/kate/robot_ws/install/my_bot/lib/python3.10/site-packages'
[6.167s] Level 1:colcon.colcon_core.environment:checking '/home/kate/robot_ws/install/my_bot/bin'
[6.169s] INFO:colcon.colcon_core.shell:Creating package script '/home/kate/robot_ws/install/my_bot/share/my_bot/package.ps1'
[6.172s] INFO:colcon.colcon_core.shell:Creating package descriptor '/home/kate/robot_ws/install/my_bot/share/my_bot/package.dsv'
[6.176s] INFO:colcon.colcon_core.shell:Creating package script '/home/kate/robot_ws/install/my_bot/share/my_bot/package.sh'
[6.180s] INFO:colcon.colcon_core.shell:Creating package script '/home/kate/robot_ws/install/my_bot/share/my_bot/package.bash'
[6.184s] INFO:colcon.colcon_core.shell:Creating package script '/home/kate/robot_ws/install/my_bot/share/my_bot/package.zsh'
[6.187s] Level 1:colcon.colcon_core.environment:create_file_with_runtime_dependencies(/home/kate/robot_ws/install/my_bot/share/colcon-core/packages/my_bot)
[6.192s] DEBUG:colcon.colcon_parallel_executor.executor.parallel:closing loop
[6.194s] DEBUG:colcon.colcon_parallel_executor.executor.parallel:loop closed
[6.194s] DEBUG:colcon.colcon_parallel_executor.executor.parallel:run_until_complete finished with '1'
[6.194s] DEBUG:colcon.colcon_core.event_reactor:joining thread
[6.226s] INFO:colcon.colcon_core.plugin_system:Skipping extension 'colcon_notification.desktop_notification.terminal_notifier': Not used on non-Darwin systems
[6.227s] INFO:colcon.colcon_core.plugin_system:Skipping extension 'colcon_notification.desktop_notification.win32': Not used on non-Windows systems
[6.227s] INFO:colcon.colcon_notification.desktop_notification:Sending desktop notification using 'notify2'
[6.271s] DEBUG:colcon.colcon_core.event_reactor:joined thread
[6.273s] INFO:colcon.colcon_core.shell:Creating prefix script '/home/kate/robot_ws/install/local_setup.ps1'
[6.280s] INFO:colcon.colcon_core.shell:Creating prefix util module '/home/kate/robot_ws/install/_local_setup_util_ps1.py'
[6.289s] INFO:colcon.colcon_core.shell:Creating prefix chain script '/home/kate/robot_ws/install/setup.ps1'
[6.297s] INFO:colcon.colcon_core.shell:Creating prefix script '/home/kate/robot_ws/install/local_setup.sh'
[6.302s] INFO:colcon.colcon_core.shell:Creating prefix util module '/home/kate/robot_ws/install/_local_setup_util_sh.py'
[6.306s] INFO:colcon.colcon_core.shell:Creating prefix chain script '/home/kate/robot_ws/install/setup.sh'
[6.313s] INFO:colcon.colcon_core.shell:Creating prefix script '/home/kate/robot_ws/install/local_setup.bash'
[6.317s] INFO:colcon.colcon_core.shell:Creating prefix chain script '/home/kate/robot_ws/install/setup.bash'
[6.326s] INFO:colcon.colcon_core.shell:Creating prefix script '/home/kate/robot_ws/install/local_setup.zsh'
[6.330s] INFO:colcon.colcon_core.shell:Creating prefix chain script '/home/kate/robot_ws/install/setup.zsh'
