[0.076s] Invoking command in '/home/kate/robot_ws/build/my_bot': CMAKE_PREFIX_PATH=/home/kate/ros_workspaces/ros2_ws/install/arduino_serial_node:/opt/ros/humble /usr/bin/cmake /home/kate/robot_ws/src/my_bot -DAMENT_CMAKE_SYMLINK_INSTALL=1 -DCMAKE_INSTALL_PREFIX=/home/kate/robot_ws/install/my_bot
[1.048s] -- The C compiler identification is GNU 11.4.0
[1.845s] -- The CXX compiler identification is GNU 11.4.0
[1.894s] -- Detecting C compiler ABI info
[2.283s] -- Detecting C compiler ABI info - done
[2.310s] -- Check for working C compiler: /usr/bin/cc - skipped
[2.313s] -- Detecting C compile features
[2.316s] -- Detecting C compile features - done
[2.333s] -- Detecting CXX compiler ABI info
[2.733s] -- Detecting CXX compiler ABI info - done
[2.760s] -- Check for working CXX compiler: /usr/bin/c++ - skipped
[2.761s] -- Detecting CXX compile features
[2.762s] -- Detecting CXX compile features - done
[2.804s] -- Found ament_cmake: 1.3.14 (/opt/ros/humble/share/ament_cmake/cmake)
[3.783s] -- Found Python3: /usr/bin/python3 (found version "3.10.12") found components: Interpreter 
[4.196s] -- Override CMake install command with custom implementation using symlinks instead of copying resources
[4.591s] -- Found ament_lint_auto: 0.12.15 (/opt/ros/humble/share/ament_lint_auto/cmake)
[4.928s] -- Configuring done
[4.947s] -- Generating done
[4.955s] -- Build files have been written to: /home/kate/robot_ws/build/my_bot
[4.972s] Invoked command in '/home/kate/robot_ws/build/my_bot' returned '0': CMAKE_PREFIX_PATH=/home/kate/ros_workspaces/ros2_ws/install/arduino_serial_node:/opt/ros/humble /usr/bin/cmake /home/kate/robot_ws/src/my_bot -DAMENT_CMAKE_SYMLINK_INSTALL=1 -DCMAKE_INSTALL_PREFIX=/home/kate/robot_ws/install/my_bot
[4.982s] Invoking command in '/home/kate/robot_ws/build/my_bot': CMAKE_PREFIX_PATH=/home/kate/ros_workspaces/ros2_ws/install/arduino_serial_node:/opt/ros/humble /usr/bin/cmake --build /home/kate/robot_ws/build/my_bot -- -j4 -l4
[5.127s] Invoked command in '/home/kate/robot_ws/build/my_bot' returned '0': CMAKE_PREFIX_PATH=/home/kate/ros_workspaces/ros2_ws/install/arduino_serial_node:/opt/ros/humble /usr/bin/cmake --build /home/kate/robot_ws/build/my_bot -- -j4 -l4
[5.169s] Invoking command in '/home/kate/robot_ws/build/my_bot': CMAKE_PREFIX_PATH=/home/kate/ros_workspaces/ros2_ws/install/arduino_serial_node:/opt/ros/humble /usr/bin/cmake --install /home/kate/robot_ws/build/my_bot
[5.193s] -- Install configuration: ""
[5.195s] -- Execute custom install script
[5.197s] -- Symlinking: /home/kate/robot_ws/install/my_bot/share/my_bot/config/empty.yaml
[5.236s] -- Symlinking: /home/kate/robot_ws/install/my_bot/share/my_bot/config/slam_params.yaml
[5.271s] -- Symlinking: /home/kate/robot_ws/install/my_bot/share/my_bot/config/view_bot.rviz
[5.305s] -- Symlinking: /home/kate/robot_ws/install/my_bot/share/my_bot/description/gazebo_control.xacro
[5.338s] -- Symlinking: /home/kate/robot_ws/install/my_bot/share/my_bot/description/inertial_macros.xacro
[5.372s] -- Symlinking: /home/kate/robot_ws/install/my_bot/share/my_bot/description/lidar.xacro
[5.403s] -- Symlinking: /home/kate/robot_ws/install/my_bot/share/my_bot/description/robot.urdf.xacro
[5.435s] -- Symlinking: /home/kate/robot_ws/install/my_bot/share/my_bot/description/robot_core.xacro
[5.468s] -- Symlinking: /home/kate/robot_ws/install/my_bot/share/my_bot/description/test.urdf
[5.501s] -- Symlinking: /home/kate/robot_ws/install/my_bot/share/my_bot/launch/bringup.launch.py
[5.534s] -- Symlinking: /home/kate/robot_ws/install/my_bot/share/my_bot/launch/launch_sim.launch.py
[5.568s] -- Symlinking: /home/kate/robot_ws/install/my_bot/share/my_bot/launch/rsp.launch.py
[5.602s] -- Symlinking: /home/kate/robot_ws/install/my_bot/share/my_bot/worlds/description/gazebo_control.xacro
[5.637s] -- Symlinking: /home/kate/robot_ws/install/my_bot/share/my_bot/worlds/description/inertial_macros.xacro
[5.669s] -- Symlinking: /home/kate/robot_ws/install/my_bot/share/my_bot/worlds/description/inertial_macros.xacro:Zone.Identifier
[5.702s] -- Symlinking: /home/kate/robot_ws/install/my_bot/share/my_bot/worlds/description/lidar.xacro
[5.734s] -- Symlinking: /home/kate/robot_ws/install/my_bot/share/my_bot/worlds/description/robot.urdf.xacro
[5.768s] -- Symlinking: /home/kate/robot_ws/install/my_bot/share/my_bot/worlds/description/robot.urdf.xacro:Zone.Identifier
[5.803s] -- Symlinking: /home/kate/robot_ws/install/my_bot/share/my_bot/worlds/description/robot_core.xacro
[5.836s] -- Symlinking: /home/kate/robot_ws/install/my_bot/share/my_bot/worlds/empty.world
[5.869s] -- Symlinking: /home/kate/robot_ws/install/my_bot/lib/my_bot/odom_node.py
[5.902s] -- Symlinking: /home/kate/robot_ws/install/my_bot/share/ament_index/resource_index/package_run_dependencies/my_bot
[5.936s] -- Symlinking: /home/kate/robot_ws/install/my_bot/share/ament_index/resource_index/parent_prefix_path/my_bot
[5.969s] -- Symlinking: /home/kate/robot_ws/install/my_bot/share/my_bot/environment/ament_prefix_path.sh
[6.001s] -- Symlinking: /home/kate/robot_ws/install/my_bot/share/my_bot/environment/ament_prefix_path.dsv
[6.033s] -- Symlinking: /home/kate/robot_ws/install/my_bot/share/my_bot/environment/path.sh
[6.067s] -- Symlinking: /home/kate/robot_ws/install/my_bot/share/my_bot/environment/path.dsv
[6.099s] -- Symlinking: /home/kate/robot_ws/install/my_bot/share/my_bot/local_setup.bash
[6.134s] -- Symlinking: /home/kate/robot_ws/install/my_bot/share/my_bot/local_setup.sh
[6.170s] -- Symlinking: /home/kate/robot_ws/install/my_bot/share/my_bot/local_setup.zsh
[6.202s] -- Symlinking: /home/kate/robot_ws/install/my_bot/share/my_bot/local_setup.dsv
[6.235s] -- Symlinking: /home/kate/robot_ws/install/my_bot/share/my_bot/package.dsv
[6.271s] -- Symlinking: /home/kate/robot_ws/install/my_bot/share/ament_index/resource_index/packages/my_bot
[6.303s] -- Symlinking: /home/kate/robot_ws/install/my_bot/share/my_bot/cmake/my_botConfig.cmake
[6.334s] -- Symlinking: /home/kate/robot_ws/install/my_bot/share/my_bot/cmake/my_botConfig-version.cmake
[6.366s] -- Symlinking: /home/kate/robot_ws/install/my_bot/share/my_bot/package.xml
[6.402s] Invoked command in '/home/kate/robot_ws/build/my_bot' returned '0': CMAKE_PREFIX_PATH=/home/kate/ros_workspaces/ros2_ws/install/arduino_serial_node:/opt/ros/humble /usr/bin/cmake --install /home/kate/robot_ws/build/my_bot
