[0.062s] Invoking command in '/home/kate/robot_ws/build/rplidar_ros': CMAKE_PREFIX_PATH=/home/kate/ros_workspaces/ros2_ws/install/arduino_serial_node:/opt/ros/humble /usr/bin/cmake /home/kate/robot_ws/src/rplidar_ros -DAMENT_CMAKE_SYMLINK_INSTALL=1 -DCMAKE_INSTALL_PREFIX=/home/kate/robot_ws/install/rplidar_ros
[0.106s] -- Found ament_cmake: 1.3.14 (/opt/ros/humble/share/ament_cmake/cmake)
[0.786s] -- Override CMake install command with custom implementation using symlinks instead of copying resources
[0.822s] -- Found rclcpp: 16.0.18 (/opt/ros/humble/share/rclcpp/cmake)
[1.032s] -- Found rosidl_generator_c: 3.1.8 (/opt/ros/humble/share/rosidl_generator_c/cmake)
[1.045s] -- Found rosidl_adapter: 3.1.8 (/opt/ros/humble/share/rosidl_adapter/cmake)
[1.086s] -- Found rosidl_generator_cpp: 3.1.8 (/opt/ros/humble/share/rosidl_generator_cpp/cmake)
[1.133s] -- Using all available rosidl_typesupport_c: rosidl_typesupport_fastrtps_c;rosidl_typesupport_introspection_c
[1.193s] -- Using all available rosidl_typesupport_cpp: rosidl_typesupport_fastrtps_cpp;rosidl_typesupport_introspection_cpp
[1.345s] -- Found rmw_implementation_cmake: 6.1.2 (/opt/ros/humble/share/rmw_implementation_cmake/cmake)
[1.353s] -- Found rmw_fastrtps_cpp: 6.2.10 (/opt/ros/humble/share/rmw_fastrtps_cpp/cmake)
[2.418s] -- Using RMW implementation 'rmw_fastrtps_cpp' as default
[2.609s] -- Found sensor_msgs: 4.9.1 (/opt/ros/humble/share/sensor_msgs/cmake)
[2.720s] -- Found std_srvs: 4.9.1 (/opt/ros/humble/share/std_srvs/cmake)
[3.085s] -- Configuring done
[3.197s] -- Generating done
[3.228s] -- Build files have been written to: /home/kate/robot_ws/build/rplidar_ros
[3.261s] Invoked command in '/home/kate/robot_ws/build/rplidar_ros' returned '0': CMAKE_PREFIX_PATH=/home/kate/ros_workspaces/ros2_ws/install/arduino_serial_node:/opt/ros/humble /usr/bin/cmake /home/kate/robot_ws/src/rplidar_ros -DAMENT_CMAKE_SYMLINK_INSTALL=1 -DCMAKE_INSTALL_PREFIX=/home/kate/robot_ws/install/rplidar_ros
[3.268s] Invoking command in '/home/kate/robot_ws/build/rplidar_ros': CMAKE_PREFIX_PATH=/home/kate/ros_workspaces/ros2_ws/install/arduino_serial_node:/opt/ros/humble /usr/bin/cmake --build /home/kate/robot_ws/build/rplidar_ros -- -j4 -l4
[3.451s] [35m[1mConsolidate compiler generated dependencies of target rplidar_client[0m
[3.461s] [35m[1mConsolidate compiler generated dependencies of target rplidar_composition[0m
[3.464s] [35m[1mConsolidate compiler generated dependencies of target rplidar_node[0m
[3.557s] [  5%] Built target rplidar_client
[3.659s] [ 52%] Built target rplidar_composition
[3.666s] [100%] Built target rplidar_node
[3.709s] Invoked command in '/home/kate/robot_ws/build/rplidar_ros' returned '0': CMAKE_PREFIX_PATH=/home/kate/ros_workspaces/ros2_ws/install/arduino_serial_node:/opt/ros/humble /usr/bin/cmake --build /home/kate/robot_ws/build/rplidar_ros -- -j4 -l4
[3.717s] Invoking command in '/home/kate/robot_ws/build/rplidar_ros': CMAKE_PREFIX_PATH=/home/kate/ros_workspaces/ros2_ws/install/arduino_serial_node:/opt/ros/humble /usr/bin/cmake --install /home/kate/robot_ws/build/rplidar_ros
[3.742s] -- Install configuration: "Release"
[3.743s] -- Execute custom install script
[3.747s] -- Up-to-date symlink: /home/kate/robot_ws/install/rplidar_ros/share/rplidar_ros/launch/rplidar_a1_launch.py
[3.747s] -- Up-to-date symlink: /home/kate/robot_ws/install/rplidar_ros/share/rplidar_ros/launch/rplidar_a2m12_launch.py
[3.748s] -- Up-to-date symlink: /home/kate/robot_ws/install/rplidar_ros/share/rplidar_ros/launch/rplidar_a2m7_launch.py
[3.749s] -- Up-to-date symlink: /home/kate/robot_ws/install/rplidar_ros/share/rplidar_ros/launch/rplidar_a2m8_launch.py
[3.749s] -- Up-to-date symlink: /home/kate/robot_ws/install/rplidar_ros/share/rplidar_ros/launch/rplidar_a3_launch.py
[3.750s] -- Up-to-date symlink: /home/kate/robot_ws/install/rplidar_ros/share/rplidar_ros/launch/rplidar_c1_launch.py
[3.751s] -- Up-to-date symlink: /home/kate/robot_ws/install/rplidar_ros/share/rplidar_ros/launch/rplidar_s1_launch.py
[3.752s] -- Up-to-date symlink: /home/kate/robot_ws/install/rplidar_ros/share/rplidar_ros/launch/rplidar_s1_tcp_launch.py
[3.752s] -- Up-to-date symlink: /home/kate/robot_ws/install/rplidar_ros/share/rplidar_ros/launch/rplidar_s2_launch.py
[3.753s] -- Up-to-date symlink: /home/kate/robot_ws/install/rplidar_ros/share/rplidar_ros/launch/rplidar_s2e_launch.py
[3.754s] -- Up-to-date symlink: /home/kate/robot_ws/install/rplidar_ros/share/rplidar_ros/launch/rplidar_s3_launch.py
[3.756s] -- Up-to-date symlink: /home/kate/robot_ws/install/rplidar_ros/share/rplidar_ros/launch/rplidar_t1_launch.py
[3.756s] -- Up-to-date symlink: /home/kate/robot_ws/install/rplidar_ros/share/rplidar_ros/launch/view_rplidar_a1_launch.py
[3.757s] -- Up-to-date symlink: /home/kate/robot_ws/install/rplidar_ros/share/rplidar_ros/launch/view_rplidar_a2m12_launch.py
[3.757s] -- Up-to-date symlink: /home/kate/robot_ws/install/rplidar_ros/share/rplidar_ros/launch/view_rplidar_a2m7_launch.py
[3.758s] -- Up-to-date symlink: /home/kate/robot_ws/install/rplidar_ros/share/rplidar_ros/launch/view_rplidar_a2m8_launch.py
[3.759s] -- Up-to-date symlink: /home/kate/robot_ws/install/rplidar_ros/share/rplidar_ros/launch/view_rplidar_a3_launch.py
[3.759s] -- Up-to-date symlink: /home/kate/robot_ws/install/rplidar_ros/share/rplidar_ros/launch/view_rplidar_c1_launch.py
[3.760s] -- Up-to-date symlink: /home/kate/robot_ws/install/rplidar_ros/share/rplidar_ros/launch/view_rplidar_s1_launch.py
[3.761s] -- Up-to-date symlink: /home/kate/robot_ws/install/rplidar_ros/share/rplidar_ros/launch/view_rplidar_s1_tcp_launch.py
[3.761s] -- Up-to-date symlink: /home/kate/robot_ws/install/rplidar_ros/share/rplidar_ros/launch/view_rplidar_s2_launch.py
[3.762s] -- Up-to-date symlink: /home/kate/robot_ws/install/rplidar_ros/share/rplidar_ros/launch/view_rplidar_s2e_launch.py
[3.763s] -- Up-to-date symlink: /home/kate/robot_ws/install/rplidar_ros/share/rplidar_ros/launch/view_rplidar_s3_launch.py
[3.763s] -- Up-to-date symlink: /home/kate/robot_ws/install/rplidar_ros/share/rplidar_ros/launch/view_rplidar_t1_launch.py
[3.765s] -- Up-to-date symlink: /home/kate/robot_ws/install/rplidar_ros/share/rplidar_ros/rviz/rplidar_ros.rviz
[3.766s] -- Up-to-date symlink: /home/kate/robot_ws/install/rplidar_ros/lib/rplidar_ros/rplidar_node
[3.767s] -- Up-to-date symlink: /home/kate/robot_ws/install/rplidar_ros/lib/rplidar_ros/rplidar_composition
[3.768s] -- Up-to-date symlink: /home/kate/robot_ws/install/rplidar_ros/lib/rplidar_ros/rplidar_client
[3.769s] -- Up-to-date symlink: /home/kate/robot_ws/install/rplidar_ros/share/ament_index/resource_index/package_run_dependencies/rplidar_ros
[3.770s] -- Up-to-date symlink: /home/kate/robot_ws/install/rplidar_ros/share/ament_index/resource_index/parent_prefix_path/rplidar_ros
[3.771s] -- Up-to-date symlink: /home/kate/robot_ws/install/rplidar_ros/share/rplidar_ros/environment/ament_prefix_path.sh
[3.772s] -- Up-to-date symlink: /home/kate/robot_ws/install/rplidar_ros/share/rplidar_ros/environment/ament_prefix_path.dsv
[3.773s] -- Up-to-date symlink: /home/kate/robot_ws/install/rplidar_ros/share/rplidar_ros/environment/path.sh
[3.774s] -- Up-to-date symlink: /home/kate/robot_ws/install/rplidar_ros/share/rplidar_ros/environment/path.dsv
[3.774s] -- Up-to-date symlink: /home/kate/robot_ws/install/rplidar_ros/share/rplidar_ros/local_setup.bash
[3.775s] -- Up-to-date symlink: /home/kate/robot_ws/install/rplidar_ros/share/rplidar_ros/local_setup.sh
[3.776s] -- Up-to-date symlink: /home/kate/robot_ws/install/rplidar_ros/share/rplidar_ros/local_setup.zsh
[3.777s] -- Up-to-date symlink: /home/kate/robot_ws/install/rplidar_ros/share/rplidar_ros/local_setup.dsv
[3.778s] -- Symlinking: /home/kate/robot_ws/install/rplidar_ros/share/rplidar_ros/package.dsv
[3.810s] -- Up-to-date symlink: /home/kate/robot_ws/install/rplidar_ros/share/ament_index/resource_index/packages/rplidar_ros
[3.811s] -- Up-to-date symlink: /home/kate/robot_ws/install/rplidar_ros/share/rplidar_ros/cmake/ament_cmake_export_dependencies-extras.cmake
[3.812s] -- Up-to-date symlink: /home/kate/robot_ws/install/rplidar_ros/share/rplidar_ros/cmake/ament_cmake_export_include_directories-extras.cmake
[3.813s] -- Up-to-date symlink: /home/kate/robot_ws/install/rplidar_ros/share/rplidar_ros/cmake/rplidar_rosConfig.cmake
[3.813s] -- Up-to-date symlink: /home/kate/robot_ws/install/rplidar_ros/share/rplidar_ros/cmake/rplidar_rosConfig-version.cmake
[3.814s] -- Up-to-date symlink: /home/kate/robot_ws/install/rplidar_ros/share/rplidar_ros/package.xml
[3.822s] Invoked command in '/home/kate/robot_ws/build/rplidar_ros' returned '0': CMAKE_PREFIX_PATH=/home/kate/ros_workspaces/ros2_ws/install/arduino_serial_node:/opt/ros/humble /usr/bin/cmake --install /home/kate/robot_ws/build/rplidar_ros
