[0.088s] Invoking command in '/home/kate/robot_ws/build/my_bot': CMAKE_PREFIX_PATH=/home/kate/ros_workspaces/ros2_ws/install/arduino_serial_node:/opt/ros/humble /usr/bin/cmake --build /home/kate/robot_ws/build/my_bot -- -j4 -l4
[0.327s] Invoked command in '/home/kate/robot_ws/build/my_bot' returned '0': CMAKE_PREFIX_PATH=/home/kate/ros_workspaces/ros2_ws/install/arduino_serial_node:/opt/ros/humble /usr/bin/cmake --build /home/kate/robot_ws/build/my_bot -- -j4 -l4
[0.372s] Invoking command in '/home/kate/robot_ws/build/my_bot': CMAKE_PREFIX_PATH=/home/kate/ros_workspaces/ros2_ws/install/arduino_serial_node:/opt/ros/humble /usr/bin/cmake --install /home/kate/robot_ws/build/my_bot
[0.408s] -- Install configuration: "Release"
[0.416s] -- Execute custom install script
[0.418s] -- Up-to-date symlink: /home/kate/robot_ws/install/my_bot/lib/my_bot/odom_node.py
[0.422s] -- Up-to-date symlink: /home/kate/robot_ws/install/my_bot/lib/my_bot/arduino_serial.py
[0.423s] -- Up-to-date symlink: /home/kate/robot_ws/install/my_bot/lib/my_bot/imu_parser.py
[0.423s] -- Up-to-date symlink: /home/kate/robot_ws/install/my_bot/lib/my_bot/env_parser.py
[0.423s] -- Up-to-date symlink: /home/kate/robot_ws/install/my_bot/lib/my_bot/drive_bridge.py
[0.426s] -- Up-to-date symlink: /home/kate/robot_ws/install/my_bot/share/ament_index/resource_index/package_run_dependencies/my_bot
[0.428s] -- Up-to-date symlink: /home/kate/robot_ws/install/my_bot/share/ament_index/resource_index/parent_prefix_path/my_bot
[0.436s] -- Up-to-date symlink: /home/kate/robot_ws/install/my_bot/share/my_bot/environment/ament_prefix_path.sh
[0.445s] -- Up-to-date symlink: /home/kate/robot_ws/install/my_bot/share/my_bot/environment/ament_prefix_path.dsv
[0.448s] -- Up-to-date symlink: /home/kate/robot_ws/install/my_bot/share/my_bot/environment/path.sh
[0.450s] -- Up-to-date symlink: /home/kate/robot_ws/install/my_bot/share/my_bot/environment/path.dsv
[0.452s] -- Up-to-date symlink: /home/kate/robot_ws/install/my_bot/share/my_bot/local_setup.bash
[0.455s] -- Up-to-date symlink: /home/kate/robot_ws/install/my_bot/share/my_bot/local_setup.sh
[0.457s] -- Up-to-date symlink: /home/kate/robot_ws/install/my_bot/share/my_bot/local_setup.zsh
[0.460s] -- Up-to-date symlink: /home/kate/robot_ws/install/my_bot/share/my_bot/local_setup.dsv
[0.461s] -- Symlinking: /home/kate/robot_ws/install/my_bot/share/my_bot/package.dsv
[0.500s] -- Up-to-date symlink: /home/kate/robot_ws/install/my_bot/share/ament_index/resource_index/packages/my_bot
[0.502s] -- Up-to-date symlink: /home/kate/robot_ws/install/my_bot/share/my_bot/cmake/my_botConfig.cmake
[0.504s] -- Up-to-date symlink: /home/kate/robot_ws/install/my_bot/share/my_bot/cmake/my_botConfig-version.cmake
[0.505s] -- Up-to-date symlink: /home/kate/robot_ws/install/my_bot/share/my_bot/package.xml
[0.512s] Invoked command in '/home/kate/robot_ws/build/my_bot' returned '0': CMAKE_PREFIX_PATH=/home/kate/ros_workspaces/ros2_ws/install/arduino_serial_node:/opt/ros/humble /usr/bin/cmake --install /home/kate/robot_ws/build/my_bot
