[0.144s] Invoking command in '/home/kate/robot_ws/build/rplidar_ros': CMAKE_PREFIX_PATH=${CMAKE_PREFIX_PATH}:/home/kate/ros_workspaces/ros2_ws/install/arduino_serial_node:/opt/ros/humble /usr/bin/cmake --build /home/kate/robot_ws/build/rplidar_ros -- -j4 -l4
[0.796s] [ 47%] Built target rplidar_node
[1.033s] [ 52%] Built target rplidar_client
[1.251s] [100%] Built target rplidar_composition
[1.356s] Invoked command in '/home/kate/robot_ws/build/rplidar_ros' returned '0': CMAKE_PREFIX_PATH=${CMAKE_PREFIX_PATH}:/home/kate/ros_workspaces/ros2_ws/install/arduino_serial_node:/opt/ros/humble /usr/bin/cmake --build /home/kate/robot_ws/build/rplidar_ros -- -j4 -l4
[1.361s] Invoking command in '/home/kate/robot_ws/build/rplidar_ros': CMAKE_PREFIX_PATH=${CMAKE_PREFIX_PATH}:/home/kate/ros_workspaces/ros2_ws/install/arduino_serial_node:/opt/ros/humble /usr/bin/cmake --install /home/kate/robot_ws/build/rplidar_ros
[1.401s] -- Install configuration: "Release"
[1.406s] -- Execute custom install script
[1.414s] -- Up-to-date symlink: /home/kate/robot_ws/install/rplidar_ros/share/rplidar_ros/launch/rplidar_a1_launch.py
[1.419s] -- Up-to-date symlink: /home/kate/robot_ws/install/rplidar_ros/share/rplidar_ros/launch/rplidar_a2m12_launch.py
[1.422s] -- Up-to-date symlink: /home/kate/robot_ws/install/rplidar_ros/share/rplidar_ros/launch/rplidar_a2m7_launch.py
[1.428s] -- Up-to-date symlink: /home/kate/robot_ws/install/rplidar_ros/share/rplidar_ros/launch/rplidar_a2m8_launch.py
[1.436s] -- Up-to-date symlink: /home/kate/robot_ws/install/rplidar_ros/share/rplidar_ros/launch/rplidar_a3_launch.py
[1.438s] -- Up-to-date symlink: /home/kate/robot_ws/install/rplidar_ros/share/rplidar_ros/launch/rplidar_c1_launch.py
[1.443s] -- Up-to-date symlink: /home/kate/robot_ws/install/rplidar_ros/share/rplidar_ros/launch/rplidar_s1_launch.py
[1.448s] -- Up-to-date symlink: /home/kate/robot_ws/install/rplidar_ros/share/rplidar_ros/launch/rplidar_s1_tcp_launch.py
[1.451s] -- Up-to-date symlink: /home/kate/robot_ws/install/rplidar_ros/share/rplidar_ros/launch/rplidar_s2_launch.py
[1.455s] -- Up-to-date symlink: /home/kate/robot_ws/install/rplidar_ros/share/rplidar_ros/launch/rplidar_s2e_launch.py
[1.457s] -- Up-to-date symlink: /home/kate/robot_ws/install/rplidar_ros/share/rplidar_ros/launch/rplidar_s3_launch.py
[1.460s] -- Up-to-date symlink: /home/kate/robot_ws/install/rplidar_ros/share/rplidar_ros/launch/rplidar_t1_launch.py
[1.463s] -- Up-to-date symlink: /home/kate/robot_ws/install/rplidar_ros/share/rplidar_ros/launch/view_rplidar_a1_launch.py
[1.464s] -- Up-to-date symlink: /home/kate/robot_ws/install/rplidar_ros/share/rplidar_ros/launch/view_rplidar_a2m12_launch.py
[1.465s] -- Up-to-date symlink: /home/kate/robot_ws/install/rplidar_ros/share/rplidar_ros/launch/view_rplidar_a2m7_launch.py
[1.471s] -- Up-to-date symlink: /home/kate/robot_ws/install/rplidar_ros/share/rplidar_ros/launch/view_rplidar_a2m8_launch.py
[1.474s] -- Up-to-date symlink: /home/kate/robot_ws/install/rplidar_ros/share/rplidar_ros/launch/view_rplidar_a3_launch.py
[1.478s] -- Up-to-date symlink: /home/kate/robot_ws/install/rplidar_ros/share/rplidar_ros/launch/view_rplidar_c1_launch.py
[1.481s] -- Up-to-date symlink: /home/kate/robot_ws/install/rplidar_ros/share/rplidar_ros/launch/view_rplidar_s1_launch.py
[1.484s] -- Up-to-date symlink: /home/kate/robot_ws/install/rplidar_ros/share/rplidar_ros/launch/view_rplidar_s1_tcp_launch.py
[1.488s] -- Up-to-date symlink: /home/kate/robot_ws/install/rplidar_ros/share/rplidar_ros/launch/view_rplidar_s2_launch.py
[1.492s] -- Up-to-date symlink: /home/kate/robot_ws/install/rplidar_ros/share/rplidar_ros/launch/view_rplidar_s2e_launch.py
[1.495s] -- Up-to-date symlink: /home/kate/robot_ws/install/rplidar_ros/share/rplidar_ros/launch/view_rplidar_s3_launch.py
[1.499s] -- Up-to-date symlink: /home/kate/robot_ws/install/rplidar_ros/share/rplidar_ros/launch/view_rplidar_t1_launch.py
[1.503s] -- Up-to-date symlink: /home/kate/robot_ws/install/rplidar_ros/share/rplidar_ros/rviz/rplidar_ros.rviz
[1.506s] -- Up-to-date symlink: /home/kate/robot_ws/install/rplidar_ros/lib/rplidar_ros/rplidar_node
[1.509s] -- Up-to-date symlink: /home/kate/robot_ws/install/rplidar_ros/lib/rplidar_ros/rplidar_composition
[1.512s] -- Up-to-date symlink: /home/kate/robot_ws/install/rplidar_ros/lib/rplidar_ros/rplidar_client
[1.515s] -- Up-to-date symlink: /home/kate/robot_ws/install/rplidar_ros/share/ament_index/resource_index/package_run_dependencies/rplidar_ros
[1.523s] -- Up-to-date symlink: /home/kate/robot_ws/install/rplidar_ros/share/ament_index/resource_index/parent_prefix_path/rplidar_ros
[1.528s] -- Up-to-date symlink: /home/kate/robot_ws/install/rplidar_ros/share/rplidar_ros/environment/ament_prefix_path.sh
[1.538s] -- Up-to-date symlink: /home/kate/robot_ws/install/rplidar_ros/share/rplidar_ros/environment/ament_prefix_path.dsv
[1.542s] -- Up-to-date symlink: /home/kate/robot_ws/install/rplidar_ros/share/rplidar_ros/environment/path.sh
[1.547s] -- Up-to-date symlink: /home/kate/robot_ws/install/rplidar_ros/share/rplidar_ros/environment/path.dsv
[1.554s] -- Up-to-date symlink: /home/kate/robot_ws/install/rplidar_ros/share/rplidar_ros/local_setup.bash
[1.558s] -- Up-to-date symlink: /home/kate/robot_ws/install/rplidar_ros/share/rplidar_ros/local_setup.sh
[1.561s] -- Up-to-date symlink: /home/kate/robot_ws/install/rplidar_ros/share/rplidar_ros/local_setup.zsh
[1.565s] -- Up-to-date symlink: /home/kate/robot_ws/install/rplidar_ros/share/rplidar_ros/local_setup.dsv
[1.569s] -- Symlinking: /home/kate/robot_ws/install/rplidar_ros/share/rplidar_ros/package.dsv
[1.623s] -- Up-to-date symlink: /home/kate/robot_ws/install/rplidar_ros/share/ament_index/resource_index/packages/rplidar_ros
[1.624s] -- Up-to-date symlink: /home/kate/robot_ws/install/rplidar_ros/share/rplidar_ros/cmake/ament_cmake_export_dependencies-extras.cmake
[1.626s] -- Up-to-date symlink: /home/kate/robot_ws/install/rplidar_ros/share/rplidar_ros/cmake/ament_cmake_export_include_directories-extras.cmake
[1.653s] -- Up-to-date symlink: /home/kate/robot_ws/install/rplidar_ros/share/rplidar_ros/cmake/rplidar_rosConfig.cmake
[1.659s] -- Up-to-date symlink: /home/kate/robot_ws/install/rplidar_ros/share/rplidar_ros/cmake/rplidar_rosConfig-version.cmake
[1.660s] -- Up-to-date symlink: /home/kate/robot_ws/install/rplidar_ros/share/rplidar_ros/package.xml
[1.661s] Invoked command in '/home/kate/robot_ws/build/rplidar_ros' returned '0': CMAKE_PREFIX_PATH=${CMAKE_PREFIX_PATH}:/home/kate/ros_workspaces/ros2_ws/install/arduino_serial_node:/opt/ros/humble /usr/bin/cmake --install /home/kate/robot_ws/build/rplidar_ros
