[0.157s] Invoking command in '/home/kate/robot_ws/build/my_bot': CMAKE_PREFIX_PATH=${CMAKE_PREFIX_PATH}:/home/kate/ros_workspaces/ros2_ws/install/arduino_serial_node:/opt/ros/humble /usr/bin/cmake --build /home/kate/robot_ws/build/my_bot -- -j4 -l4
[0.678s] Invoked command in '/home/kate/robot_ws/build/my_bot' returned '0': CMAKE_PREFIX_PATH=${CMAKE_PREFIX_PATH}:/home/kate/ros_workspaces/ros2_ws/install/arduino_serial_node:/opt/ros/humble /usr/bin/cmake --build /home/kate/robot_ws/build/my_bot -- -j4 -l4
[0.789s] Invoking command in '/home/kate/robot_ws/build/my_bot': CMAKE_PREFIX_PATH=${CMAKE_PREFIX_PATH}:/home/kate/ros_workspaces/ros2_ws/install/arduino_serial_node:/opt/ros/humble /usr/bin/cmake --install /home/kate/robot_ws/build/my_bot
[0.897s] -- Install configuration: "Release"
[0.905s] -- Execute custom install script
[0.909s] -- Up-to-date symlink: /home/kate/robot_ws/install/my_bot/share/my_bot/config/ekf.yaml
[0.912s] -- Up-to-date symlink: /home/kate/robot_ws/install/my_bot/share/my_bot/config/empty.yaml
[0.914s] -- Up-to-date symlink: /home/kate/robot_ws/install/my_bot/share/my_bot/config/slam_params.yaml
[0.917s] -- Up-to-date symlink: /home/kate/robot_ws/install/my_bot/share/my_bot/config/view_bot.rviz
[0.927s] -- Up-to-date symlink: /home/kate/robot_ws/install/my_bot/share/my_bot/description/gazebo_control.xacro
[0.931s] -- Up-to-date symlink: /home/kate/robot_ws/install/my_bot/share/my_bot/description/inertial_macros.xacro
[0.931s] -- Up-to-date symlink: /home/kate/robot_ws/install/my_bot/share/my_bot/description/lidar.xacro
[0.935s] -- Up-to-date symlink: /home/kate/robot_ws/install/my_bot/share/my_bot/description/robot.urdf.xacro
[0.937s] -- Up-to-date symlink: /home/kate/robot_ws/install/my_bot/share/my_bot/description/robot_core.xacro
[0.939s] -- Up-to-date symlink: /home/kate/robot_ws/install/my_bot/share/my_bot/description/test.urdf
[0.949s] -- Up-to-date symlink: /home/kate/robot_ws/install/my_bot/share/my_bot/launch/bringup.launch.py
[0.951s] -- Up-to-date symlink: /home/kate/robot_ws/install/my_bot/share/my_bot/launch/launch_sim.launch.py
[0.952s] -- Up-to-date symlink: /home/kate/robot_ws/install/my_bot/share/my_bot/launch/rsp.launch.py
[0.953s] -- Up-to-date symlink: /home/kate/robot_ws/install/my_bot/share/my_bot/worlds/description/gazebo_control.xacro
[0.954s] -- Up-to-date symlink: /home/kate/robot_ws/install/my_bot/share/my_bot/worlds/description/inertial_macros.xacro
[0.954s] -- Up-to-date symlink: /home/kate/robot_ws/install/my_bot/share/my_bot/worlds/description/inertial_macros.xacro:Zone.Identifier
[0.956s] -- Up-to-date symlink: /home/kate/robot_ws/install/my_bot/share/my_bot/worlds/description/lidar.xacro
[0.961s] -- Up-to-date symlink: /home/kate/robot_ws/install/my_bot/share/my_bot/worlds/description/robot.urdf.xacro
[0.966s] -- Up-to-date symlink: /home/kate/robot_ws/install/my_bot/share/my_bot/worlds/description/robot.urdf.xacro:Zone.Identifier
[0.976s] -- Up-to-date symlink: /home/kate/robot_ws/install/my_bot/share/my_bot/worlds/description/robot_core.xacro
[0.977s] -- Up-to-date symlink: /home/kate/robot_ws/install/my_bot/share/my_bot/worlds/empty.world
[0.977s] -- Up-to-date symlink: /home/kate/robot_ws/install/my_bot/lib/my_bot/odom_node.py
[0.979s] -- Up-to-date symlink: /home/kate/robot_ws/install/my_bot/lib/my_bot/arduino_serial.py
[0.980s] -- Up-to-date symlink: /home/kate/robot_ws/install/my_bot/lib/my_bot/imu_parser.py
[0.991s] -- Up-to-date symlink: /home/kate/robot_ws/install/my_bot/lib/my_bot/env_parser.py
[1.000s] -- Up-to-date symlink: /home/kate/robot_ws/install/my_bot/share/ament_index/resource_index/package_run_dependencies/my_bot
[1.005s] -- Up-to-date symlink: /home/kate/robot_ws/install/my_bot/share/ament_index/resource_index/parent_prefix_path/my_bot
[1.006s] -- Up-to-date symlink: /home/kate/robot_ws/install/my_bot/share/my_bot/environment/ament_prefix_path.sh
[1.006s] -- Up-to-date symlink: /home/kate/robot_ws/install/my_bot/share/my_bot/environment/ament_prefix_path.dsv
[1.007s] -- Up-to-date symlink: /home/kate/robot_ws/install/my_bot/share/my_bot/environment/path.sh
[1.013s] -- Up-to-date symlink: /home/kate/robot_ws/install/my_bot/share/my_bot/environment/path.dsv
[1.014s] -- Up-to-date symlink: /home/kate/robot_ws/install/my_bot/share/my_bot/local_setup.bash
[1.015s] -- Up-to-date symlink: /home/kate/robot_ws/install/my_bot/share/my_bot/local_setup.sh
[1.022s] -- Up-to-date symlink: /home/kate/robot_ws/install/my_bot/share/my_bot/local_setup.zsh
[1.023s] -- Up-to-date symlink: /home/kate/robot_ws/install/my_bot/share/my_bot/local_setup.dsv
[1.024s] -- Symlinking: /home/kate/robot_ws/install/my_bot/share/my_bot/package.dsv
[1.115s] -- Up-to-date symlink: /home/kate/robot_ws/install/my_bot/share/ament_index/resource_index/packages/my_bot
[1.117s] -- Up-to-date symlink: /home/kate/robot_ws/install/my_bot/share/my_bot/cmake/my_botConfig.cmake
[1.122s] -- Up-to-date symlink: /home/kate/robot_ws/install/my_bot/share/my_bot/cmake/my_botConfig-version.cmake
[1.124s] -- Up-to-date symlink: /home/kate/robot_ws/install/my_bot/share/my_bot/package.xml
[1.146s] Invoked command in '/home/kate/robot_ws/build/my_bot' returned '0': CMAKE_PREFIX_PATH=${CMAKE_PREFIX_PATH}:/home/kate/ros_workspaces/ros2_ws/install/arduino_serial_node:/opt/ros/humble /usr/bin/cmake --install /home/kate/robot_ws/build/my_bot
