[0.121s] Invoking command in '/home/kate/robot_ws/build/my_bot': CMAKE_PREFIX_PATH=${CMAKE_PREFIX_PATH}:/home/kate/ros_workspaces/ros2_ws/install/arduino_serial_node:/opt/ros/humble /usr/bin/cmake --build /home/kate/robot_ws/build/my_bot -- -j4 -l4
[0.354s] Invoked command in '/home/kate/robot_ws/build/my_bot' returned '0': CMAKE_PREFIX_PATH=${CMAKE_PREFIX_PATH}:/home/kate/ros_workspaces/ros2_ws/install/arduino_serial_node:/opt/ros/humble /usr/bin/cmake --build /home/kate/robot_ws/build/my_bot -- -j4 -l4
[0.441s] Invoking command in '/home/kate/robot_ws/build/my_bot': CMAKE_PREFIX_PATH=${CMAKE_PREFIX_PATH}:/home/kate/ros_workspaces/ros2_ws/install/arduino_serial_node:/opt/ros/humble /usr/bin/cmake --install /home/kate/robot_ws/build/my_bot
[0.511s] -- Install configuration: "Release"
[0.515s] -- Execute custom install script
[0.535s] -- Up-to-date symlink: /home/kate/robot_ws/install/my_bot/lib/my_bot/odom_node.py
[0.538s] -- Up-to-date symlink: /home/kate/robot_ws/install/my_bot/lib/my_bot/arduino_serial.py
[0.542s] -- Up-to-date symlink: /home/kate/robot_ws/install/my_bot/lib/my_bot/imu_parser.py
[0.548s] -- Up-to-date symlink: /home/kate/robot_ws/install/my_bot/lib/my_bot/env_parser.py
[0.552s] -- Up-to-date symlink: /home/kate/robot_ws/install/my_bot/lib/my_bot/drive_bridge.py
[0.566s] -- Up-to-date symlink: /home/kate/robot_ws/install/my_bot/share/ament_index/resource_index/package_run_dependencies/my_bot
[0.567s] -- Up-to-date symlink: /home/kate/robot_ws/install/my_bot/share/ament_index/resource_index/parent_prefix_path/my_bot
[0.570s] -- Up-to-date symlink: /home/kate/robot_ws/install/my_bot/share/my_bot/environment/ament_prefix_path.sh
[0.572s] -- Up-to-date symlink: /home/kate/robot_ws/install/my_bot/share/my_bot/environment/ament_prefix_path.dsv
[0.573s] -- Up-to-date symlink: /home/kate/robot_ws/install/my_bot/share/my_bot/environment/path.sh
[0.576s] -- Up-to-date symlink: /home/kate/robot_ws/install/my_bot/share/my_bot/environment/path.dsv
[0.580s] -- Up-to-date symlink: /home/kate/robot_ws/install/my_bot/share/my_bot/local_setup.bash
[0.582s] -- Up-to-date symlink: /home/kate/robot_ws/install/my_bot/share/my_bot/local_setup.sh
[0.582s] -- Up-to-date symlink: /home/kate/robot_ws/install/my_bot/share/my_bot/local_setup.zsh
[0.583s] -- Up-to-date symlink: /home/kate/robot_ws/install/my_bot/share/my_bot/local_setup.dsv
[0.583s] -- Symlinking: /home/kate/robot_ws/install/my_bot/share/my_bot/package.dsv
[0.628s] -- Up-to-date symlink: /home/kate/robot_ws/install/my_bot/share/ament_index/resource_index/packages/my_bot
[0.631s] -- Up-to-date symlink: /home/kate/robot_ws/install/my_bot/share/my_bot/cmake/my_botConfig.cmake
[0.631s] -- Up-to-date symlink: /home/kate/robot_ws/install/my_bot/share/my_bot/cmake/my_botConfig-version.cmake
[0.632s] -- Up-to-date symlink: /home/kate/robot_ws/install/my_bot/share/my_bot/package.xml
[0.653s] Invoked command in '/home/kate/robot_ws/build/my_bot' returned '0': CMAKE_PREFIX_PATH=${CMAKE_PREFIX_PATH}:/home/kate/ros_workspaces/ros2_ws/install/arduino_serial_node:/opt/ros/humble /usr/bin/cmake --install /home/kate/robot_ws/build/my_bot
